#
# There is insufficient memory for the Java Runtime Environment to continue.
# Native memory allocation (mmap) failed to map 266338304 bytes. Error detail: G1 virtual space
# Possible reasons:
#   The system is out of physical RAM or swap space
#   This process is running with CompressedOops enabled, and the Java Heap may be blocking the growth of the native heap
# Possible solutions:
#   Reduce memory load on the system
#   Increase physical memory or swap space
#   Check if swap backing store is full
#   Decrease Java heap size (-Xmx/-Xms)
#   Decrease number of Java threads
#   Decrease Java thread stack sizes (-Xss)
#   Set larger code cache with -XX:ReservedCodeCacheSize=
#   JVM is running with Zero Based Compressed Oops mode in which the Java heap is
#     placed in the first 32GB address space. The Java Heap base address is the
#     maximum limit for the native heap growth. Please use -XX:HeapBaseMinAddress
#     to set the Java Heap base and to place the Java Heap above 32GB virtual address.
# This output file may be truncated or incomplete.
#
#  Out of Memory Error (os_windows.cpp:3825), pid=5276, tid=14780
#
# JRE version:  (17.0.11) (build )
# Java VM: OpenJDK 64-Bit Server VM (17.0.11+0--11852314, mixed mode, sharing, tiered, compressed oops, compressed class ptrs, g1 gc, windows-amd64)
# No core dump will be written. Minidumps are not enabled by default on client versions of Windows
#

---------------  S U M M A R Y ------------

Command Line: org.jetbrains.kotlin.cli.jvm.K2JVMCompiler @C:\Users\Abdelrahman\AndroidStudioProjects\JobSearchApplication\app\build\20250518_14849002329424516919.compiler.options

Host: Intel(R) Core(TM) i7-9850H CPU @ 2.60GHz, 12 cores, 15G,  Windows 10 , 64 bit Build 19041 (10.0.19041.5794)
Time: Sun May 18 21:25:54 2025 Egypt Daylight Time elapsed time: 0.030253 seconds (0d 0h 0m 0s)

---------------  T H R E A D  ---------------

Current thread (0x000001b0a07d13e0):  JavaThread "Unknown thread" [_thread_in_vm, id=14780, stack(0x0000004439000000,0x0000004439100000)]

Stack: [0x0000004439000000,0x0000004439100000]
Native frames: (J=compiled Java code, j=interpreted, Vv=VM code, C=native code)
V  [jvm.dll+0x687bb9]
V  [jvm.dll+0x84142a]
V  [jvm.dll+0x8430ae]
V  [jvm.dll+0x843713]
V  [jvm.dll+0x24a35f]
V  [jvm.dll+0x684989]
V  [jvm.dll+0x67923a]
V  [jvm.dll+0x30af0b]
V  [jvm.dll+0x3123b6]
V  [jvm.dll+0x361dfe]
V  [jvm.dll+0x36202f]
V  [jvm.dll+0x2e0d38]
V  [jvm.dll+0x2e1ca4]
V  [jvm.dll+0x811f21]
V  [jvm.dll+0x36fb68]
V  [jvm.dll+0x7f0896]
V  [jvm.dll+0x3f3d2f]
V  [jvm.dll+0x3f58e1]
C  [jli.dll+0x528f]
C  [ucrtbase.dll+0x21bb2]
C  [KERNEL32.DLL+0x17374]
C  [ntdll.dll+0x4cc91]


---------------  P R O C E S S  ---------------

Threads class SMR info:
_java_thread_list=0x00007ff8d754efd8, length=0, elements={
}

Java Threads: ( => current thread )

Other Threads:
  0x000001b0a083a240 GCTaskThread "GC Thread#0" [stack: 0x0000004439100000,0x0000004439200000] [id=6820]
  0x000001b0a084ae90 ConcurrentGCThread "G1 Main Marker" [stack: 0x0000004439200000,0x0000004439300000] [id=11500]
  0x000001b0a084c8c0 ConcurrentGCThread "G1 Conc#0" [stack: 0x0000004439300000,0x0000004439400000] [id=5984]

[error occurred during error reporting (printing all threads), id 0xc0000005, EXCEPTION_ACCESS_VIOLATION (0xc0000005) at pc=0x00007ff8d6d01907]

VM state: not at safepoint (not fully initialized)

VM Mutex/Monitor currently owned by a thread:  ([mutex/lock_event])
[0x000001b0a07cd5d0] Heap_lock - owner thread: 0x000001b0a07d13e0

Heap address: 0x0000000703000000, size: 4048 MB, Compressed Oops mode: Zero based, Oop shift amount: 3

CDS archive(s) mapped at: [0x0000000000000000-0x0000000000000000-0x0000000000000000), size 0, SharedBaseAddress: 0x0000000800000000, ArchiveRelocationMode: 1.
Narrow klass base: 0x0000000000000000, Narrow klass shift: 0, Narrow klass range: 0x0

GC Precious Log:
<Empty>

Heap:
 garbage-first heap   total 0K, used 0K [0x0000000703000000, 0x0000000800000000)
  region size 2048K, 0 young (0K), 0 survivors (0K)
 Metaspace       used 0K, committed 0K, reserved 0K
  class space    used 0K, committed 0K, reserved 0K

Heap Regions: E=young(eden), S=young(survivor), O=old, HS=humongous(starts), HC=humongous(continues), CS=collection set, F=free, OA=open archive, CA=closed archive, TAMS=top-at-mark-start (previous, next)

Card table byte_map: [0x000001b0b39f0000,0x000001b0b41e0000] _byte_map_base: 0x000001b0b01d8000

Marking Bits (Prev, Next): (CMBitMap*) 0x000001b0a083a860, (CMBitMap*) 0x000001b0a083a8a0
 Prev Bits: [0x000001b0b49d0000, 0x000001b0b8910000)
 Next Bits: [0x000001b0b8910000, 0x000001b0bc850000)

GC Heap History (0 events):
No events

Dll operation events (1 events):
Event: 0.017 Loaded shared library C:\Program Files\Android\Android Studio\jbr\bin\java.dll

Deoptimization events (0 events):
No events

Classes unloaded (0 events):
No events

Classes redefined (0 events):
No events

Internal exceptions (0 events):
No events

VM Operations (0 events):
No events

Events (0 events):
No events


Dynamic libraries:
0x00007ff69a470000 - 0x00007ff69a47a000 	C:\Program Files\Android\Android Studio\jbr\bin\java.exe
0x00007ff966a30000 - 0x00007ff966c28000 	C:\Windows\SYSTEM32\ntdll.dll
0x00007ff964a60000 - 0x00007ff964b22000 	C:\Windows\System32\KERNEL32.DLL
0x00007ff9646e0000 - 0x00007ff9649d6000 	C:\Windows\System32\KERNELBASE.dll
0x00007ff9643f0000 - 0x00007ff9644f0000 	C:\Windows\System32\ucrtbase.dll
0x00007ff932d40000 - 0x00007ff932d5b000 	C:\Program Files\Android\Android Studio\jbr\bin\VCRUNTIME140.dll
0x00007ff945300000 - 0x00007ff945317000 	C:\Program Files\Android\Android Studio\jbr\bin\jli.dll
0x00007ff965110000 - 0x00007ff9652ad000 	C:\Windows\System32\USER32.dll
0x00007ff948c80000 - 0x00007ff948f1a000 	C:\Windows\WinSxS\amd64_microsoft.windows.common-controls_6595b64144ccf1df_6.0.19041.5794_none_60bcd33171f2783c\COMCTL32.dll
0x00007ff9642a0000 - 0x00007ff9642c2000 	C:\Windows\System32\win32u.dll
0x00007ff9659b0000 - 0x00007ff965a4e000 	C:\Windows\System32\msvcrt.dll
0x00007ff966910000 - 0x00007ff96693b000 	C:\Windows\System32\GDI32.dll
0x00007ff9642d0000 - 0x00007ff9643ea000 	C:\Windows\System32\gdi32full.dll
0x00007ff964200000 - 0x00007ff96429d000 	C:\Windows\System32\msvcp_win.dll
0x00007ff965b80000 - 0x00007ff965baf000 	C:\Windows\System32\IMM32.DLL
0x00007ff944a10000 - 0x00007ff944a1c000 	C:\Program Files\Android\Android Studio\jbr\bin\vcruntime140_1.dll
0x00007ff8f5da0000 - 0x00007ff8f5e2d000 	C:\Program Files\Android\Android Studio\jbr\bin\msvcp140.dll
0x00007ff8d6a10000 - 0x00007ff8d7693000 	C:\Program Files\Android\Android Studio\jbr\bin\server\jvm.dll
0x00007ff965060000 - 0x00007ff96510f000 	C:\Windows\System32\ADVAPI32.dll
0x00007ff965a50000 - 0x00007ff965aef000 	C:\Windows\System32\sechost.dll
0x00007ff964be0000 - 0x00007ff964d03000 	C:\Windows\System32\RPCRT4.dll
0x00007ff964180000 - 0x00007ff9641a7000 	C:\Windows\System32\bcrypt.dll
0x00007ff963610000 - 0x00007ff96365b000 	C:\Windows\SYSTEM32\POWRPROF.dll
0x00007ff960890000 - 0x00007ff960899000 	C:\Windows\SYSTEM32\WSOCK32.dll
0x00007ff952c10000 - 0x00007ff952c37000 	C:\Windows\SYSTEM32\WINMM.dll
0x00007ff95fc90000 - 0x00007ff95fc9a000 	C:\Windows\SYSTEM32\VERSION.dll
0x00007ff965860000 - 0x00007ff9658cb000 	C:\Windows\System32\WS2_32.dll
0x00007ff9634d0000 - 0x00007ff9634e2000 	C:\Windows\SYSTEM32\UMPDC.dll
0x00007ff961fa0000 - 0x00007ff961fb2000 	C:\Windows\SYSTEM32\kernel.appcore.dll
0x00007ff95feb0000 - 0x00007ff95feba000 	C:\Program Files\Android\Android Studio\jbr\bin\jimage.dll
0x00007ff961650000 - 0x00007ff961851000 	C:\Windows\SYSTEM32\DBGHELP.DLL
0x00007ff937d60000 - 0x00007ff937d94000 	C:\Windows\SYSTEM32\dbgcore.DLL
0x00007ff9644f0000 - 0x00007ff964572000 	C:\Windows\System32\bcryptPrimitives.dll
0x00007ff945c30000 - 0x00007ff945c55000 	C:\Program Files\Android\Android Studio\jbr\bin\java.dll

dbghelp: loaded successfully - version: 4.0.5 - missing functions: none
symbol engine: initialized successfully - sym options: 0x614 - pdb path: .;C:\Program Files\Android\Android Studio\jbr\bin;C:\Windows\SYSTEM32;C:\Windows\WinSxS\amd64_microsoft.windows.common-controls_6595b64144ccf1df_6.0.19041.5794_none_60bcd33171f2783c;C:\Program Files\Android\Android Studio\jbr\bin\server

VM Arguments:
java_command: org.jetbrains.kotlin.cli.jvm.K2JVMCompiler @C:\Users\Abdelrahman\AndroidStudioProjects\JobSearchApplication\app\build\20250518_14849002329424516919.compiler.options
java_class_path (initial): C:\Users\Abdelrahman\.gradle\caches\modules-2\files-2.1\org.jetbrains.kotlin\kotlin-compiler-embeddable\2.1.0\988bf980588bbbcfa1ba19c1ffd7aa869b335a31\kotlin-compiler-embeddable-2.1.0.jar;C:\Users\Abdelrahman\.gradle\caches\modules-2\files-2.1\org.jetbrains.kotlin\kotlin-stdlib\2.1.0\85f8b81009cda5890e54ba67d64b5e599c645020\kotlin-stdlib-2.1.0.jar;C:\Users\Abdelrahman\.gradle\caches\modules-2\files-2.1\org.jetbrains.kotlin\kotlin-script-runtime\2.1.0\5909da8c57b75a117714ab0e348c86101b7a3284\kotlin-script-runtime-2.1.0.jar;C:\Users\Abdelrahman\.gradle\caches\modules-2\files-2.1\org.jetbrains.kotlin\kotlin-reflect\1.6.10\1cbe9c92c12a94eea200d23c2bbaedaf3daf5132\kotlin-reflect-1.6.10.jar;C:\Users\Abdelrahman\.gradle\caches\modules-2\files-2.1\org.jetbrains.kotlin\kotlin-daemon-embeddable\2.1.0\420bae1908e4a353f5b56c3c850d24d86367b25d\kotlin-daemon-embeddable-2.1.0.jar;C:\Users\Abdelrahman\.gradle\caches\modules-2\files-2.1\org.jetbrains.intellij.deps\trove4j\1.0.20200330\3afb14d5f9ceb459d724e907a21145e8ff394f02\trove4j-1.0.20200330.jar;C:\Users\Abdelrahman\.gradle\caches\modules-2\files-2.1\org.jetbrains.kotlinx\kotlinx-coroutines-core-jvm\1.6.4\2c997cd1c0ef33f3e751d3831929aeff1390cb30\kotlinx-coroutines-core-jvm-1.6.4.jar;C:\Users\Abdelrahman\.gradle\caches\modules-2\files-2.1\org.jetbrains\annotations\13.0\919f0dfe192fb4e063e7dacadee7f8bb9a2672a9\annotations-13.0.jar
Launcher Type: SUN_STANDARD

[Global flags]
     intx CICompilerCount                          = 4                                         {product} {ergonomic}
     uint ConcGCThreads                            = 3                                         {product} {ergonomic}
     uint G1ConcRefinementThreads                  = 10                                        {product} {ergonomic}
   size_t G1HeapRegionSize                         = 2097152                                   {product} {ergonomic}
    uintx GCDrainStackTargetSize                   = 64                                        {product} {ergonomic}
   size_t InitialHeapSize                          = 266338304                                 {product} {ergonomic}
   size_t MarkStackSize                            = 4194304                                   {product} {ergonomic}
   size_t MaxHeapSize                              = 4244635648                                {product} {ergonomic}
   size_t MinHeapDeltaBytes                        = 2097152                                   {product} {ergonomic}
   size_t MinHeapSize                              = 8388608                                   {product} {ergonomic}
    uintx NonNMethodCodeHeapSize                   = 5839372                                {pd product} {ergonomic}
    uintx NonProfiledCodeHeapSize                  = 122909434                              {pd product} {ergonomic}
    uintx ProfiledCodeHeapSize                     = 122909434                              {pd product} {ergonomic}
    uintx ReservedCodeCacheSize                    = 251658240                              {pd product} {ergonomic}
     bool SegmentedCodeCache                       = true                                      {product} {ergonomic}
   size_t SoftMaxHeapSize                          = 4244635648                             {manageable} {ergonomic}
     bool UseCompressedClassPointers               = true                           {product lp64_product} {ergonomic}
     bool UseCompressedOops                        = true                           {product lp64_product} {ergonomic}
     bool UseG1GC                                  = true                                      {product} {ergonomic}
     bool UseLargePagesIndividualAllocation        = false                                  {pd product} {ergonomic}

Logging:
Log output configuration:
 #0: stdout all=warning uptime,level,tags
 #1: stderr all=off uptime,level,tags

Environment Variables:
JAVA_HOME=C:\Program Files\Java\jdk-23
PATH=C:\Program Files\Common Files\Oracle\Java\javapath;C:\Program Files (x86)\NVIDIA Corporation\PhysX\Common;C:\Windows\system32;C:\Windows;C:\Windows\System32\Wbem;C:\Windows\System32\WindowsPowerShell\v1.0\;C:\Windows\System32\OpenSSH\;C:\Program Files\Git\cmd;C:\Program Files\Java\jdk-23\bin;E:\MSOffice2021;C:\Users\Abdelrahman\AppData\Local\Programs\Python\Python313;C:\Users\Abdelrahman\AppData\Local\Programs\Python\Python313\Scripts;C:\Program Files (x86)\Microsoft SQL Server\160\Tools\Binn\;C:\Program Files\Microsoft SQL Server\160\Tools\Binn\;C:\Program Files\Microsoft SQL Server\Client SDK\ODBC\170\Tools\Binn\;C:\Program Files\Microsoft SQL Server\160\DTS\Binn\;C:\Program Files (x86)\Microsoft SQL Server\160\DTS\Binn\;C:\Program Files (x86)\Windows Kits\8.1\Windows Performance Toolkit\;C:\Users\Abdelrahman\AppData\Local\Programs\Python\Launcher\;C:\Users\Abdelrahman\AppData\Local\Microsoft\WindowsApps;C:\Users\Abdelrahman\AppData\Local\Programs\Microsoft VS Code\bin;C:\src\flutter\bin;
USERNAME=Abdelrahman
OS=Windows_NT
PROCESSOR_IDENTIFIER=Intel64 Family 6 Model 158 Stepping 13, GenuineIntel
TMP=C:\Users\ABDELR~1\AppData\Local\Temp
TEMP=C:\Users\ABDELR~1\AppData\Local\Temp



Periodic native trim disabled

JNI global refs:
JNI global refs: 0, weak refs: 0

JNI global refs memory usage: 0, weak refs: 0

Process memory usage:
Resident Set Size: 10960K (0% of 16579748K total physical memory with 482720K free physical memory)

OOME stack traces (most recent first):
Classloader memory used:


---------------  S Y S T E M  ---------------

OS:
 Windows 10 , 64 bit Build 19041 (10.0.19041.5794)
OS uptime: 0 days 12:05 hours

CPU: total 12 (initial active 12) (6 cores per cpu, 2 threads per core) family 6 model 158 stepping 13 microcode 0xfa, cx8, cmov, fxsr, ht, mmx, 3dnowpref, sse, sse2, sse3, ssse3, sse4.1, sse4.2, popcnt, lzcnt, tsc, tscinvbit, avx, avx2, aes, erms, clmul, bmi1, bmi2, adx, fma, vzeroupper, clflush, clflushopt
Processor Information for all 12 processors :
  Max Mhz: 2592, Current Mhz: 2592, Mhz Limit: 2592

Memory: 4k page, system-wide physical 16191M (475M free)
TotalPageFile size 16191M (AvailPageFile size 154M)
current process WorkingSet (physical memory assigned to process): 10M, peak: 10M
current process commit charge ("private bytes"): 64M, peak: 318M

vm_info: OpenJDK 64-Bit Server VM (17.0.11+0--11852314) for windows-amd64 JRE (17.0.11+0--11852314), built on May 16 2024 21:29:20 by "androidbuild" with MS VC++ 16.10 / 16.11 (VS2019)

END.
