#
# There is insufficient memory for the Java Runtime Environment to continue.
# Native memory allocation (malloc) failed to allocate 1274096 bytes. Error detail: Chunk::new
# Possible reasons:
#   The system is out of physical RAM or swap space
#   This process is running with CompressedOops enabled, and the Java Heap may be blocking the growth of the native heap
# Possible solutions:
#   Reduce memory load on the system
#   Increase physical memory or swap space
#   Check if swap backing store is full
#   Decrease Java heap size (-Xmx/-Xms)
#   Decrease number of Java threads
#   Decrease Java thread stack sizes (-Xss)
#   Set larger code cache with -XX:ReservedCodeCacheSize=
#   JVM is running with Unscaled Compressed Oops mode in which the Java heap is
#     placed in the first 4GB address space. The Java Heap base address is the
#     maximum limit for the native heap growth. Please use -XX:HeapBaseMinAddress
#     to set the Java Heap base and to place the Java Heap above 4GB virtual address.
# This output file may be truncated or incomplete.
#
#  Out of Memory Error (arena.cpp:191), pid=8092, tid=556
#
# JRE version: OpenJDK Runtime Environment (17.0.11) (build 17.0.11+0--11852314)
# Java VM: OpenJDK 64-Bit Server VM (17.0.11+0--11852314, mixed mode, tiered, compressed oops, compressed class ptrs, g1 gc, windows-amd64)
# No core dump will be written. Minidumps are not enabled by default on client versions of Windows
#

---------------  S U M M A R Y ------------

Command Line: --add-opens=java.base/java.util=ALL-UNNAMED --add-opens=java.base/java.lang=ALL-UNNAMED --add-opens=java.base/java.lang.invoke=ALL-UNNAMED --add-opens=java.prefs/java.util.prefs=ALL-UNNAMED --add-opens=java.base/java.nio.charset=ALL-UNNAMED --add-opens=java.base/java.net=ALL-UNNAMED --add-opens=java.base/java.util.concurrent.atomic=ALL-UNNAMED -Xmx2048m -Dfile.encoding=UTF-8 -Duser.country=US -Duser.language=en -Duser.variant -javaagent:C:\Users\Abdelrahman\.gradle\wrapper\dists\gradle-8.6-bin\afr5mpiioh2wthjmwnkmdsd5w\gradle-8.6\lib\agents\gradle-instrumentation-agent-8.6.jar org.gradle.launcher.daemon.bootstrap.GradleDaemon 8.6

Host: Intel(R) Core(TM) i7-9850H CPU @ 2.60GHz, 12 cores, 15G,  Windows 10 , 64 bit Build 19041 (10.0.19041.5794)
Time: Sun May 18 21:38:18 2025 Egypt Daylight Time elapsed time: 9.796209 seconds (0d 0h 0m 9s)

---------------  T H R E A D  ---------------

Current thread (0x000001a4aa81e930):  JavaThread "C2 CompilerThread1" daemon [_thread_in_native, id=556, stack(0x00000019d6d00000,0x00000019d6e00000)]


Current CompileTask:
C2:   9796 5157       4       org.jetbrains.kotlin.com.intellij.openapi.vfs.impl.ArchiveHandler::processEntry (225 bytes)

Stack: [0x00000019d6d00000,0x00000019d6e00000]
Native frames: (J=compiled Java code, j=interpreted, Vv=VM code, C=native code)
V  [jvm.dll+0x687bb9]
V  [jvm.dll+0x84142a]
V  [jvm.dll+0x8430ae]
V  [jvm.dll+0x843713]
V  [jvm.dll+0x24a35f]
V  [jvm.dll+0xac544]
V  [jvm.dll+0xacb8c]
V  [jvm.dll+0x369be2]
V  [jvm.dll+0x33416a]
V  [jvm.dll+0x33360a]
V  [jvm.dll+0x21bed1]
V  [jvm.dll+0x21b311]
V  [jvm.dll+0x1a63ed]
V  [jvm.dll+0x22b1ee]
V  [jvm.dll+0x229375]
V  [jvm.dll+0x7f5647]
V  [jvm.dll+0x7efa4a]
V  [jvm.dll+0x686a35]
C  [ucrtbase.dll+0x21bb2]
C  [KERNEL32.DLL+0x17374]
C  [ntdll.dll+0x4cc91]


---------------  P R O C E S S  ---------------

Threads class SMR info:
_java_thread_list=0x000001a4ab8cdfc0, length=56, elements={
0x000001a4879b01e0, 0x000001a4a803b390, 0x000001a4a802c580, 0x000001a4a808ffe0,
0x000001a4a80929c0, 0x000001a4a8093cc0, 0x000001a4a8094db0, 0x000001a4a80959b0,
0x000001a4a80986e0, 0x000001a4a8098ff0, 0x000001a4a8207ff0, 0x000001a4a82d1400,
0x000001a4a98b1e70, 0x000001a4a98b2da0, 0x000001a4a98b2380, 0x000001a4a98b2890,
0x000001a4aa03a5d0, 0x000001a4aa03ba10, 0x000001a4aa03aae0, 0x000001a4aa0400f0,
0x000001a4aa03aff0, 0x000001a4aa03f6d0, 0x000001a4aa03c430, 0x000001a4aa03f1c0,
0x000001a4aa039bb0, 0x000001a4aa03e290, 0x000001a4aa03ecb0, 0x000001a4aa040600,
0x000001a4aa040b10, 0x000001a4aa03ce50, 0x000001a4aa0396a0, 0x000001a4aa041020,
0x000001a4aa03a0c0, 0x000001a4aa03b500, 0x000001a4aa03bf20, 0x000001a4aa03c940,
0x000001a4aa03d360, 0x000001a4aa03d870, 0x000001a4aa03dd80, 0x000001a4aa03e7a0,
0x000001a4ad1e9580, 0x000001a4ad1eb8f0, 0x000001a4ad1eb3e0, 0x000001a4ad1e7210,
0x000001a4ad1e58c0, 0x000001a4ad1e8140, 0x000001a4ad1e4990, 0x000001a4ad1e62e0,
0x000001a4ad1e7c30, 0x000001a4ad1e8b60, 0x000001a4ad1e9070, 0x000001a4ad1e9fa0,
0x000001a4ad1ea9c0, 0x000001a4ad1ec310, 0x000001a4aa81e930, 0x000001a4ad562980
}

Java Threads: ( => current thread )
  0x000001a4879b01e0 JavaThread "main" [_thread_blocked, id=10036, stack(0x00000019d5a00000,0x00000019d5b00000)]
  0x000001a4a803b390 JavaThread "Reference Handler" daemon [_thread_blocked, id=4420, stack(0x00000019d6100000,0x00000019d6200000)]
  0x000001a4a802c580 JavaThread "Finalizer" daemon [_thread_blocked, id=11872, stack(0x00000019d6200000,0x00000019d6300000)]
  0x000001a4a808ffe0 JavaThread "Signal Dispatcher" daemon [_thread_blocked, id=5604, stack(0x00000019d6300000,0x00000019d6400000)]
  0x000001a4a80929c0 JavaThread "Attach Listener" daemon [_thread_blocked, id=11128, stack(0x00000019d6400000,0x00000019d6500000)]
  0x000001a4a8093cc0 JavaThread "Service Thread" daemon [_thread_blocked, id=12412, stack(0x00000019d6500000,0x00000019d6600000)]
  0x000001a4a8094db0 JavaThread "Monitor Deflation Thread" daemon [_thread_blocked, id=12584, stack(0x00000019d6600000,0x00000019d6700000)]
  0x000001a4a80959b0 JavaThread "C2 CompilerThread0" daemon [_thread_blocked, id=7716, stack(0x00000019d6700000,0x00000019d6800000)]
  0x000001a4a80986e0 JavaThread "C1 CompilerThread0" daemon [_thread_blocked, id=7072, stack(0x00000019d6800000,0x00000019d6900000)]
  0x000001a4a8098ff0 JavaThread "Sweeper thread" daemon [_thread_blocked, id=1932, stack(0x00000019d6900000,0x00000019d6a00000)]
  0x000001a4a8207ff0 JavaThread "Common-Cleaner" daemon [_thread_blocked, id=12688, stack(0x00000019d6a00000,0x00000019d6b00000)]
  0x000001a4a82d1400 JavaThread "Notification Thread" daemon [_thread_blocked, id=12024, stack(0x00000019d6b00000,0x00000019d6c00000)]
  0x000001a4a98b1e70 JavaThread "Daemon health stats" [_thread_blocked, id=13308, stack(0x00000019d6e00000,0x00000019d6f00000)]
  0x000001a4a98b2da0 JavaThread "Incoming local TCP Connector on port 59163" [_thread_in_native, id=11220, stack(0x00000019d7500000,0x00000019d7600000)]
  0x000001a4a98b2380 JavaThread "Daemon periodic checks" [_thread_blocked, id=8136, stack(0x00000019d7600000,0x00000019d7700000)]
  0x000001a4a98b2890 JavaThread "Daemon" [_thread_blocked, id=5976, stack(0x00000019d7700000,0x00000019d7800000)]
  0x000001a4aa03a5d0 JavaThread "Handler for socket connection from /127.0.0.1:59163 to /127.0.0.1:59164" [_thread_in_native, id=1584, stack(0x00000019d7800000,0x00000019d7900000)]
  0x000001a4aa03ba10 JavaThread "Cancel handler" [_thread_blocked, id=6220, stack(0x00000019d7900000,0x00000019d7a00000)]
  0x000001a4aa03aae0 JavaThread "Daemon worker" [_thread_in_vm, id=3560, stack(0x00000019d7a00000,0x00000019d7b00000)]
  0x000001a4aa0400f0 JavaThread "Asynchronous log dispatcher for DefaultDaemonConnection: socket connection from /127.0.0.1:59163 to /127.0.0.1:59164" [_thread_blocked, id=11656, stack(0x00000019d7b00000,0x00000019d7c00000)]
  0x000001a4aa03aff0 JavaThread "Stdin handler" [_thread_blocked, id=3760, stack(0x00000019d7c00000,0x00000019d7d00000)]
  0x000001a4aa03f6d0 JavaThread "Daemon client event forwarder" [_thread_blocked, id=15196, stack(0x00000019d7d00000,0x00000019d7e00000)]
  0x000001a4aa03c430 JavaThread "Cache worker for journal cache (C:\Users\Abdelrahman\.gradle\caches\journal-1)" [_thread_blocked, id=10888, stack(0x00000019d8400000,0x00000019d8500000)]
  0x000001a4aa03f1c0 JavaThread "File lock request listener" [_thread_in_native, id=14512, stack(0x00000019d8500000,0x00000019d8600000)]
  0x000001a4aa039bb0 JavaThread "Cache worker for file hash cache (C:\Users\Abdelrahman\.gradle\caches\8.6\fileHashes)" [_thread_blocked, id=11688, stack(0x00000019d8600000,0x00000019d8700000)]
  0x000001a4aa03e290 JavaThread "File watcher server" daemon [_thread_in_native, id=6488, stack(0x00000019d8700000,0x00000019d8800000)]
  0x000001a4aa03ecb0 JavaThread "File watcher consumer" daemon [_thread_blocked, id=10728, stack(0x00000019d8800000,0x00000019d8900000)]
  0x000001a4aa040600 JavaThread "jar transforms" [_thread_blocked, id=11856, stack(0x00000019d8900000,0x00000019d8a00000)]
  0x000001a4aa040b10 JavaThread "jar transforms Thread 2" [_thread_blocked, id=13764, stack(0x00000019d8a00000,0x00000019d8b00000)]
  0x000001a4aa03ce50 JavaThread "jar transforms Thread 3" [_thread_blocked, id=9380, stack(0x00000019d8b00000,0x00000019d8c00000)]
  0x000001a4aa0396a0 JavaThread "jar transforms Thread 4" [_thread_blocked, id=708, stack(0x00000019d8c00000,0x00000019d8d00000)]
  0x000001a4aa041020 JavaThread "jar transforms Thread 5" [_thread_blocked, id=11852, stack(0x00000019d8d00000,0x00000019d8e00000)]
  0x000001a4aa03a0c0 JavaThread "jar transforms Thread 6" [_thread_blocked, id=9404, stack(0x00000019d8e00000,0x00000019d8f00000)]
  0x000001a4aa03b500 JavaThread "jar transforms Thread 7" [_thread_blocked, id=13372, stack(0x00000019d8f00000,0x00000019d9000000)]
  0x000001a4aa03bf20 JavaThread "jar transforms Thread 8" [_thread_blocked, id=12424, stack(0x00000019d9000000,0x00000019d9100000)]
  0x000001a4aa03c940 JavaThread "jar transforms Thread 9" [_thread_blocked, id=2300, stack(0x00000019d9100000,0x00000019d9200000)]
  0x000001a4aa03d360 JavaThread "jar transforms Thread 10" [_thread_blocked, id=3184, stack(0x00000019d9200000,0x00000019d9300000)]
  0x000001a4aa03d870 JavaThread "jar transforms Thread 11" [_thread_blocked, id=9240, stack(0x00000019d9300000,0x00000019d9400000)]
  0x000001a4aa03dd80 JavaThread "jar transforms Thread 12" [_thread_blocked, id=11796, stack(0x00000019d9400000,0x00000019d9500000)]
  0x000001a4aa03e7a0 JavaThread "Cache worker for checksums cache (C:\Users\Abdelrahman\AndroidStudioProjects\JobSearchApplication\.gradle\8.6\checksums)" [_thread_blocked, id=14976, stack(0x00000019d9500000,0x00000019d9600000)]
  0x000001a4ad1e9580 JavaThread "Cache worker for file hash cache (C:\Users\Abdelrahman\AndroidStudioProjects\JobSearchApplication\.gradle\8.6\fileHashes)" [_thread_blocked, id=2324, stack(0x00000019d9600000,0x00000019d9700000)]
  0x000001a4ad1eb8f0 JavaThread "Cache worker for cache directory md-supplier (C:\Users\Abdelrahman\.gradle\caches\8.6\md-supplier)" [_thread_blocked, id=8164, stack(0x00000019d9700000,0x00000019d9800000)]
  0x000001a4ad1eb3e0 JavaThread "Cache worker for cache directory md-rule (C:\Users\Abdelrahman\.gradle\caches\8.6\md-rule)" [_thread_blocked, id=11952, stack(0x00000019d9800000,0x00000019d9900000)]
  0x000001a4ad1e7210 JavaThread "Cache worker for file content cache (C:\Users\Abdelrahman\.gradle\caches\8.6\fileContent)" [_thread_blocked, id=11028, stack(0x00000019d9900000,0x00000019d9a00000)]
  0x000001a4ad1e58c0 JavaThread "Unconstrained build operations" [_thread_blocked, id=10676, stack(0x00000019d9a00000,0x00000019d9b00000)]
  0x000001a4ad1e8140 JavaThread "Unconstrained build operations Thread 2" [_thread_blocked, id=14896, stack(0x00000019d9b00000,0x00000019d9c00000)]
  0x000001a4ad1e4990 JavaThread "Unconstrained build operations Thread 3" [_thread_blocked, id=2784, stack(0x00000019d9c00000,0x00000019d9d00000)]
  0x000001a4ad1e62e0 JavaThread "Unconstrained build operations Thread 4" [_thread_blocked, id=14164, stack(0x00000019d9d00000,0x00000019d9e00000)]
  0x000001a4ad1e7c30 JavaThread "Unconstrained build operations Thread 5" [_thread_blocked, id=12772, stack(0x00000019d9e00000,0x00000019d9f00000)]
  0x000001a4ad1e8b60 JavaThread "Unconstrained build operations Thread 6" [_thread_blocked, id=11736, stack(0x00000019d9f00000,0x00000019da000000)]
  0x000001a4ad1e9070 JavaThread "Unconstrained build operations Thread 7" [_thread_blocked, id=13388, stack(0x00000019da000000,0x00000019da100000)]
  0x000001a4ad1e9fa0 JavaThread "Unconstrained build operations Thread 8" [_thread_blocked, id=1576, stack(0x00000019da100000,0x00000019da200000)]
  0x000001a4ad1ea9c0 JavaThread "Unconstrained build operations Thread 9" [_thread_blocked, id=11096, stack(0x00000019da200000,0x00000019da300000)]
  0x000001a4ad1ec310 JavaThread "Unconstrained build operations Thread 10" [_thread_blocked, id=15020, stack(0x00000019da300000,0x00000019da400000)]
=>0x000001a4aa81e930 JavaThread "C2 CompilerThread1" daemon [_thread_in_native, id=556, stack(0x00000019d6d00000,0x00000019d6e00000)]
  0x000001a4ad562980 JavaThread "C2 CompilerThread2" daemon [_thread_blocked, id=11672, stack(0x00000019d7400000,0x00000019d7500000)]

Other Threads:
  0x000001a4a8058c80 VMThread "VM Thread" [stack: 0x00000019d6000000,0x00000019d6100000] [id=3568]
  0x000001a4879b10b0 WatcherThread [stack: 0x00000019d6c00000,0x00000019d6d00000] [id=14508]
  0x000001a487a0d9c0 GCTaskThread "GC Thread#0" [stack: 0x00000019d5b00000,0x00000019d5c00000] [id=13840]
  0x000001a4a98d7c90 GCTaskThread "GC Thread#1" [stack: 0x00000019d6f00000,0x00000019d7000000] [id=10296]
  0x000001a4a8cc1a00 GCTaskThread "GC Thread#2" [stack: 0x00000019d7000000,0x00000019d7100000] [id=1264]
  0x000001a4a9a43010 GCTaskThread "GC Thread#3" [stack: 0x00000019d7100000,0x00000019d7200000] [id=10812]
  0x000001a4a9469550 GCTaskThread "GC Thread#4" [stack: 0x00000019d7200000,0x00000019d7300000] [id=13696]
  0x000001a4a97091a0 GCTaskThread "GC Thread#5" [stack: 0x00000019d7300000,0x00000019d7400000] [id=1244]
  0x000001a4ab34af90 GCTaskThread "GC Thread#6" [stack: 0x00000019d7e00000,0x00000019d7f00000] [id=12088]
  0x000001a4ab34a750 GCTaskThread "GC Thread#7" [stack: 0x00000019d7f00000,0x00000019d8000000] [id=7908]
  0x000001a4ab34b250 GCTaskThread "GC Thread#8" [stack: 0x00000019d8000000,0x00000019d8100000] [id=1376]
  0x000001a4ab34a490 GCTaskThread "GC Thread#9" [stack: 0x00000019d8100000,0x00000019d8200000] [id=496]
  0x000001a487a1e820 ConcurrentGCThread "G1 Main Marker" [stack: 0x00000019d5c00000,0x00000019d5d00000] [id=7664]
  0x000001a487a1f150 ConcurrentGCThread "G1 Conc#0" [stack: 0x00000019d5d00000,0x00000019d5e00000] [id=1652]
  0x000001a4ab34aa10 ConcurrentGCThread "G1 Conc#1" [stack: 0x00000019d8200000,0x00000019d8300000] [id=10464]
  0x000001a4ab34b510 ConcurrentGCThread "G1 Conc#2" [stack: 0x00000019d8300000,0x00000019d8400000] [id=9732]
  0x000001a487a6da10 ConcurrentGCThread "G1 Refine#0" [stack: 0x00000019d5e00000,0x00000019d5f00000] [id=2404]
  0x000001a4ac30e8e0 ConcurrentGCThread "G1 Refine#1" [stack: 0x00000019da400000,0x00000019da500000] [id=11316]
  0x000001a4ac30ebd0 ConcurrentGCThread "G1 Refine#2" [stack: 0x00000019da500000,0x00000019da600000] [id=3940]
  0x000001a4ac30f1b0 ConcurrentGCThread "G1 Refine#3" [stack: 0x00000019da600000,0x00000019da700000] [id=11564]
  0x000001a4ac30f4a0 ConcurrentGCThread "G1 Refine#4" [stack: 0x00000019da700000,0x00000019da800000] [id=2084]
  0x000001a4abc99200 ConcurrentGCThread "G1 Refine#5" [stack: 0x00000019da800000,0x00000019da900000] [id=15312]
  0x000001a4abc99ad0 ConcurrentGCThread "G1 Refine#6" [stack: 0x00000019da900000,0x00000019daa00000] [id=10572]
  0x000001a4abc98060 ConcurrentGCThread "G1 Refine#7" [stack: 0x00000019daa00000,0x00000019dab00000] [id=484]
  0x000001a4abc98350 ConcurrentGCThread "G1 Refine#8" [stack: 0x00000019dab00000,0x00000019dac00000] [id=1752]
  0x000001a4abc974a0 ConcurrentGCThread "G1 Refine#9" [stack: 0x00000019dac00000,0x00000019dad00000] [id=9280]
  0x000001a487a6e350 ConcurrentGCThread "G1 Service" [stack: 0x00000019d5f00000,0x00000019d6000000] [id=14300]

Threads with active compile tasks:
C2 CompilerThread1     9823 5157       4       org.jetbrains.kotlin.com.intellij.openapi.vfs.impl.ArchiveHandler::processEntry (225 bytes)

VM state: not at safepoint (normal execution)

VM Mutex/Monitor currently owned by a thread: None

Heap address: 0x0000000080000000, size: 2048 MB, Compressed Oops mode: 32-bit

CDS archive(s) not mapped
Compressed class space mapped at: 0x0000000100000000-0x0000000140000000, reserved size: 1073741824
Narrow klass base: 0x0000000000000000, Narrow klass shift: 3, Narrow klass range: 0x140000000

GC Precious Log:
 CPUs: 12 total, 12 available
 Memory: 16191M
 Large Page Support: Disabled
 NUMA Support: Disabled
 Compressed Oops: Enabled (32-bit)
 Heap Region Size: 1M
 Heap Min Capacity: 8M
 Heap Initial Capacity: 254M
 Heap Max Capacity: 2G
 Pre-touch: Disabled
 Parallel Workers: 10
 Concurrent Workers: 3
 Concurrent Refinement Workers: 10
 Periodic GC: Disabled

Heap:
 garbage-first heap   total 150528K, used 83101K [0x0000000080000000, 0x0000000100000000)
  region size 1024K, 7 young (7168K), 6 survivors (6144K)
 Metaspace       used 72363K, committed 73024K, reserved 1114112K
  class space    used 10086K, committed 10368K, reserved 1048576K

Heap Regions: E=young(eden), S=young(survivor), O=old, HS=humongous(starts), HC=humongous(continues), CS=collection set, F=free, OA=open archive, CA=closed archive, TAMS=top-at-mark-start (previous, next)
|   0|0x0000000080000000, 0x0000000080100000, 0x0000000080100000|100%|HS|  |TAMS 0x0000000080100000, 0x0000000080000000| Complete 
|   1|0x0000000080100000, 0x0000000080200000, 0x0000000080200000|100%|HC|  |TAMS 0x0000000080200000, 0x0000000080100000| Complete 
|   2|0x0000000080200000, 0x0000000080300000, 0x0000000080300000|100%|HC|  |TAMS 0x0000000080300000, 0x0000000080200000| Complete 
|   3|0x0000000080300000, 0x0000000080400000, 0x0000000080400000|100%|HC|  |TAMS 0x0000000080400000, 0x0000000080300000| Complete 
|   4|0x0000000080400000, 0x0000000080500000, 0x0000000080500000|100%| O|  |TAMS 0x0000000080500000, 0x0000000080400000| Untracked 
|   5|0x0000000080500000, 0x0000000080600000, 0x0000000080600000|100%| O|  |TAMS 0x0000000080600000, 0x0000000080500000| Untracked 
|   6|0x0000000080600000, 0x0000000080700000, 0x0000000080700000|100%| O|  |TAMS 0x0000000080700000, 0x0000000080600000| Untracked 
|   7|0x0000000080700000, 0x0000000080800000, 0x0000000080800000|100%| O|  |TAMS 0x0000000080800000, 0x0000000080700000| Untracked 
|   8|0x0000000080800000, 0x0000000080900000, 0x0000000080900000|100%| O|  |TAMS 0x0000000080900000, 0x0000000080800000| Untracked 
|   9|0x0000000080900000, 0x0000000080a00000, 0x0000000080a00000|100%| O|  |TAMS 0x0000000080a00000, 0x0000000080900000| Untracked 
|  10|0x0000000080a00000, 0x0000000080a00000, 0x0000000080b00000|  0%| F|  |TAMS 0x0000000080a00000, 0x0000000080a00000| Untracked 
|  11|0x0000000080b00000, 0x0000000080c00000, 0x0000000080c00000|100%| O|  |TAMS 0x0000000080c00000, 0x0000000080b00000| Untracked 
|  12|0x0000000080c00000, 0x0000000080d00000, 0x0000000080d00000|100%| O|  |TAMS 0x0000000080d00000, 0x0000000080c00000| Untracked 
|  13|0x0000000080d00000, 0x0000000080e00000, 0x0000000080e00000|100%| O|  |TAMS 0x0000000080e00000, 0x0000000080d00000| Untracked 
|  14|0x0000000080e00000, 0x0000000080f00000, 0x0000000080f00000|100%| O|  |TAMS 0x0000000080f00000, 0x0000000080e00000| Untracked 
|  15|0x0000000080f00000, 0x0000000081000000, 0x0000000081000000|100%| O|  |TAMS 0x0000000081000000, 0x0000000080f00000| Untracked 
|  16|0x0000000081000000, 0x0000000081100000, 0x0000000081100000|100%| O|  |TAMS 0x0000000081100000, 0x0000000081000000| Untracked 
|  17|0x0000000081100000, 0x0000000081200000, 0x0000000081200000|100%| O|  |TAMS 0x0000000081200000, 0x0000000081100000| Untracked 
|  18|0x0000000081200000, 0x0000000081300000, 0x0000000081300000|100%| O|  |TAMS 0x0000000081300000, 0x0000000081200000| Untracked 
|  19|0x0000000081300000, 0x0000000081400000, 0x0000000081400000|100%| O|  |TAMS 0x0000000081400000, 0x0000000081300000| Untracked 
|  20|0x0000000081400000, 0x0000000081500000, 0x0000000081500000|100%|HS|  |TAMS 0x0000000081500000, 0x0000000081400000| Complete 
|  21|0x0000000081500000, 0x0000000081600000, 0x0000000081600000|100%|HC|  |TAMS 0x0000000081600000, 0x0000000081500000| Complete 
|  22|0x0000000081600000, 0x0000000081700000, 0x0000000081700000|100%|HC|  |TAMS 0x0000000081700000, 0x0000000081600000| Complete 
|  23|0x0000000081700000, 0x0000000081800000, 0x0000000081800000|100%|HC|  |TAMS 0x0000000081800000, 0x0000000081700000| Complete 
|  24|0x0000000081800000, 0x0000000081900000, 0x0000000081900000|100%|HC|  |TAMS 0x0000000081900000, 0x0000000081800000| Complete 
|  25|0x0000000081900000, 0x0000000081a00000, 0x0000000081a00000|100%|HS|  |TAMS 0x0000000081a00000, 0x0000000081900000| Complete 
|  26|0x0000000081a00000, 0x0000000081b00000, 0x0000000081b00000|100%|HC|  |TAMS 0x0000000081b00000, 0x0000000081a00000| Complete 
|  27|0x0000000081b00000, 0x0000000081c00000, 0x0000000081c00000|100%|HC|  |TAMS 0x0000000081c00000, 0x0000000081b00000| Complete 
|  28|0x0000000081c00000, 0x0000000081d00000, 0x0000000081d00000|100%|HS|  |TAMS 0x0000000081d00000, 0x0000000081c00000| Complete 
|  29|0x0000000081d00000, 0x0000000081e00000, 0x0000000081e00000|100%|HC|  |TAMS 0x0000000081e00000, 0x0000000081d00000| Complete 
|  30|0x0000000081e00000, 0x0000000081f00000, 0x0000000081f00000|100%|HC|  |TAMS 0x0000000081f00000, 0x0000000081e00000| Complete 
|  31|0x0000000081f00000, 0x0000000082000000, 0x0000000082000000|100%| O|  |TAMS 0x0000000082000000, 0x0000000081f00000| Untracked 
|  32|0x0000000082000000, 0x0000000082100000, 0x0000000082100000|100%| O|  |TAMS 0x0000000082100000, 0x0000000082000000| Untracked 
|  33|0x0000000082100000, 0x0000000082200000, 0x0000000082200000|100%| O|  |TAMS 0x0000000082200000, 0x0000000082100000| Untracked 
|  34|0x0000000082200000, 0x0000000082300000, 0x0000000082300000|100%|HS|  |TAMS 0x0000000082300000, 0x0000000082200000| Complete 
|  35|0x0000000082300000, 0x0000000082400000, 0x0000000082400000|100%| O|  |TAMS 0x0000000082400000, 0x0000000082300000| Untracked 
|  36|0x0000000082400000, 0x0000000082500000, 0x0000000082500000|100%| O|  |TAMS 0x0000000082500000, 0x0000000082400000| Untracked 
|  37|0x0000000082500000, 0x0000000082600000, 0x0000000082600000|100%| O|  |TAMS 0x0000000082600000, 0x0000000082500000| Untracked 
|  38|0x0000000082600000, 0x0000000082700000, 0x0000000082700000|100%| O|  |TAMS 0x0000000082700000, 0x0000000082600000| Untracked 
|  39|0x0000000082700000, 0x0000000082800000, 0x0000000082800000|100%| O|  |TAMS 0x0000000082800000, 0x0000000082700000| Untracked 
|  40|0x0000000082800000, 0x0000000082900000, 0x0000000082900000|100%| O|  |TAMS 0x0000000082900000, 0x0000000082800000| Untracked 
|  41|0x0000000082900000, 0x0000000082a00000, 0x0000000082a00000|100%| O|  |TAMS 0x0000000082a00000, 0x0000000082900000| Untracked 
|  42|0x0000000082a00000, 0x0000000082b00000, 0x0000000082b00000|100%| O|  |TAMS 0x0000000082b00000, 0x0000000082a00000| Untracked 
|  43|0x0000000082b00000, 0x0000000082c00000, 0x0000000082c00000|100%| O|  |TAMS 0x0000000082c00000, 0x0000000082b00000| Untracked 
|  44|0x0000000082c00000, 0x0000000082d00000, 0x0000000082d00000|100%| O|  |TAMS 0x0000000082d00000, 0x0000000082c00000| Untracked 
|  45|0x0000000082d00000, 0x0000000082e00000, 0x0000000082e00000|100%| O|  |TAMS 0x0000000082e00000, 0x0000000082d00000| Untracked 
|  46|0x0000000082e00000, 0x0000000082f00000, 0x0000000082f00000|100%| O|  |TAMS 0x0000000082f00000, 0x0000000082e00000| Untracked 
|  47|0x0000000082f00000, 0x0000000083000000, 0x0000000083000000|100%| O|  |TAMS 0x0000000083000000, 0x0000000082f00000| Untracked 
|  48|0x0000000083000000, 0x0000000083100000, 0x0000000083100000|100%| O|  |TAMS 0x0000000083100000, 0x0000000083000000| Untracked 
|  49|0x0000000083100000, 0x0000000083200000, 0x0000000083200000|100%| O|  |TAMS 0x0000000083200000, 0x0000000083100000| Untracked 
|  50|0x0000000083200000, 0x0000000083300000, 0x0000000083300000|100%| O|  |TAMS 0x0000000083300000, 0x0000000083200000| Untracked 
|  51|0x0000000083300000, 0x0000000083400000, 0x0000000083400000|100%|HS|  |TAMS 0x0000000083400000, 0x0000000083300000| Complete 
|  52|0x0000000083400000, 0x0000000083500000, 0x0000000083500000|100%|HC|  |TAMS 0x0000000083500000, 0x0000000083400000| Complete 
|  53|0x0000000083500000, 0x0000000083600000, 0x0000000083600000|100%|HC|  |TAMS 0x0000000083600000, 0x0000000083500000| Complete 
|  54|0x0000000083600000, 0x0000000083700000, 0x0000000083700000|100%|HS|  |TAMS 0x0000000083700000, 0x0000000083600000| Complete 
|  55|0x0000000083700000, 0x0000000083800000, 0x0000000083800000|100%|HC|  |TAMS 0x0000000083800000, 0x0000000083700000| Complete 
|  56|0x0000000083800000, 0x0000000083900000, 0x0000000083900000|100%|HC|  |TAMS 0x0000000083900000, 0x0000000083800000| Complete 
|  57|0x0000000083900000, 0x0000000083a00000, 0x0000000083a00000|100%|HC|  |TAMS 0x0000000083a00000, 0x0000000083900000| Complete 
|  58|0x0000000083a00000, 0x0000000083b00000, 0x0000000083b00000|100%|HC|  |TAMS 0x0000000083b00000, 0x0000000083a00000| Complete 
|  59|0x0000000083b00000, 0x0000000083c00000, 0x0000000083c00000|100%|HS|  |TAMS 0x0000000083c00000, 0x0000000083b00000| Complete 
|  60|0x0000000083c00000, 0x0000000083d00000, 0x0000000083d00000|100%|HC|  |TAMS 0x0000000083d00000, 0x0000000083c00000| Complete 
|  61|0x0000000083d00000, 0x0000000083e00000, 0x0000000083e00000|100%|HC|  |TAMS 0x0000000083e00000, 0x0000000083d00000| Complete 
|  62|0x0000000083e00000, 0x0000000083f00000, 0x0000000083f00000|100%|HC|  |TAMS 0x0000000083f00000, 0x0000000083e00000| Complete 
|  63|0x0000000083f00000, 0x0000000084000000, 0x0000000084000000|100%|HC|  |TAMS 0x0000000084000000, 0x0000000083f00000| Complete 
|  64|0x0000000084000000, 0x0000000084100000, 0x0000000084100000|100%| O|  |TAMS 0x0000000084100000, 0x0000000084000000| Untracked 
|  65|0x0000000084100000, 0x0000000084200000, 0x0000000084200000|100%| O|  |TAMS 0x0000000084200000, 0x0000000084100000| Untracked 
|  66|0x0000000084200000, 0x0000000084300000, 0x0000000084300000|100%| O|  |TAMS 0x0000000084300000, 0x0000000084200000| Untracked 
|  67|0x0000000084300000, 0x0000000084400000, 0x0000000084400000|100%| O|  |TAMS 0x0000000084400000, 0x0000000084300000| Untracked 
|  68|0x0000000084400000, 0x0000000084500000, 0x0000000084500000|100%| O|  |TAMS 0x0000000084500000, 0x0000000084400000| Untracked 
|  69|0x0000000084500000, 0x0000000084600000, 0x0000000084600000|100%| O|  |TAMS 0x0000000084600000, 0x0000000084500000| Untracked 
|  70|0x0000000084600000, 0x0000000084700000, 0x0000000084700000|100%| O|  |TAMS 0x0000000084699e00, 0x0000000084600000| Untracked 
|  71|0x0000000084700000, 0x0000000084700000, 0x0000000084800000|  0%| F|  |TAMS 0x0000000084700000, 0x0000000084700000| Untracked 
|  72|0x0000000084800000, 0x0000000084800000, 0x0000000084900000|  0%| F|  |TAMS 0x0000000084800000, 0x0000000084800000| Untracked 
|  73|0x0000000084900000, 0x0000000084900000, 0x0000000084a00000|  0%| F|  |TAMS 0x0000000084900000, 0x0000000084900000| Untracked 
|  74|0x0000000084a00000, 0x0000000084a00000, 0x0000000084b00000|  0%| F|  |TAMS 0x0000000084a00000, 0x0000000084a00000| Untracked 
|  75|0x0000000084b00000, 0x0000000084b00000, 0x0000000084c00000|  0%| F|  |TAMS 0x0000000084b00000, 0x0000000084b00000| Untracked 
|  76|0x0000000084c00000, 0x0000000084c00000, 0x0000000084d00000|  0%| F|  |TAMS 0x0000000084c00000, 0x0000000084c00000| Untracked 
|  77|0x0000000084d00000, 0x0000000084e00000, 0x0000000084e00000|100%| O|  |TAMS 0x0000000084d00000, 0x0000000084d00000| Untracked 
|  78|0x0000000084e00000, 0x0000000084f00000, 0x0000000084f00000|100%| O|  |TAMS 0x0000000084e00000, 0x0000000084e00000| Untracked 
|  79|0x0000000084f00000, 0x0000000085000000, 0x0000000085000000|100%| O|  |TAMS 0x0000000084f00000, 0x0000000084f00000| Untracked 
|  80|0x0000000085000000, 0x0000000085100000, 0x0000000085100000|100%| O|  |TAMS 0x0000000085000000, 0x0000000085000000| Untracked 
|  81|0x0000000085100000, 0x0000000085200000, 0x0000000085200000|100%| O|  |TAMS 0x0000000085100000, 0x0000000085100000| Untracked 
|  82|0x0000000085200000, 0x0000000085227400, 0x0000000085300000| 15%| O|  |TAMS 0x0000000085200000, 0x0000000085200000| Untracked 
|  83|0x0000000085300000, 0x0000000085300000, 0x0000000085400000|  0%| F|  |TAMS 0x0000000085300000, 0x0000000085300000| Untracked 
|  84|0x0000000085400000, 0x0000000085400000, 0x0000000085500000|  0%| F|  |TAMS 0x0000000085400000, 0x0000000085400000| Untracked 
|  85|0x0000000085500000, 0x0000000085500000, 0x0000000085600000|  0%| F|  |TAMS 0x0000000085500000, 0x0000000085500000| Untracked 
|  86|0x0000000085600000, 0x0000000085600000, 0x0000000085700000|  0%| F|  |TAMS 0x0000000085600000, 0x0000000085600000| Untracked 
|  87|0x0000000085700000, 0x0000000085700000, 0x0000000085800000|  0%| F|  |TAMS 0x0000000085700000, 0x0000000085700000| Untracked 
|  88|0x0000000085800000, 0x0000000085800000, 0x0000000085900000|  0%| F|  |TAMS 0x0000000085800000, 0x0000000085800000| Untracked 
|  89|0x0000000085900000, 0x0000000085900000, 0x0000000085a00000|  0%| F|  |TAMS 0x0000000085900000, 0x0000000085900000| Untracked 
|  90|0x0000000085a00000, 0x0000000085a00000, 0x0000000085b00000|  0%| F|  |TAMS 0x0000000085a00000, 0x0000000085a00000| Untracked 
|  91|0x0000000085b00000, 0x0000000085b00000, 0x0000000085c00000|  0%| F|  |TAMS 0x0000000085b00000, 0x0000000085b00000| Untracked 
|  92|0x0000000085c00000, 0x0000000085c00000, 0x0000000085d00000|  0%| F|  |TAMS 0x0000000085c00000, 0x0000000085c00000| Untracked 
|  93|0x0000000085d00000, 0x0000000085d00000, 0x0000000085e00000|  0%| F|  |TAMS 0x0000000085d00000, 0x0000000085d00000| Untracked 
|  94|0x0000000085e00000, 0x0000000085e00000, 0x0000000085f00000|  0%| F|  |TAMS 0x0000000085e00000, 0x0000000085e00000| Untracked 
|  95|0x0000000085f00000, 0x0000000085f00000, 0x0000000086000000|  0%| F|  |TAMS 0x0000000085f00000, 0x0000000085f00000| Untracked 
|  96|0x0000000086000000, 0x0000000086000000, 0x0000000086100000|  0%| F|  |TAMS 0x0000000086000000, 0x0000000086000000| Untracked 
|  97|0x0000000086100000, 0x0000000086200000, 0x0000000086200000|100%| S|CS|TAMS 0x0000000086100000, 0x0000000086100000| Complete 
|  98|0x0000000086200000, 0x0000000086300000, 0x0000000086300000|100%| S|CS|TAMS 0x0000000086200000, 0x0000000086200000| Complete 
|  99|0x0000000086300000, 0x0000000086400000, 0x0000000086400000|100%| S|CS|TAMS 0x0000000086300000, 0x0000000086300000| Complete 
| 100|0x0000000086400000, 0x0000000086500000, 0x0000000086500000|100%| S|CS|TAMS 0x0000000086400000, 0x0000000086400000| Complete 
| 101|0x0000000086500000, 0x0000000086600000, 0x0000000086600000|100%| S|CS|TAMS 0x0000000086500000, 0x0000000086500000| Complete 
| 102|0x0000000086600000, 0x0000000086700000, 0x0000000086700000|100%| S|CS|TAMS 0x0000000086600000, 0x0000000086600000| Complete 
| 103|0x0000000086700000, 0x0000000086700000, 0x0000000086800000|  0%| F|  |TAMS 0x0000000086700000, 0x0000000086700000| Untracked 
| 104|0x0000000086800000, 0x0000000086800000, 0x0000000086900000|  0%| F|  |TAMS 0x0000000086800000, 0x0000000086800000| Untracked 
| 105|0x0000000086900000, 0x0000000086900000, 0x0000000086a00000|  0%| F|  |TAMS 0x0000000086900000, 0x0000000086900000| Untracked 
| 106|0x0000000086a00000, 0x0000000086a00000, 0x0000000086b00000|  0%| F|  |TAMS 0x0000000086a00000, 0x0000000086a00000| Untracked 
| 107|0x0000000086b00000, 0x0000000086b00000, 0x0000000086c00000|  0%| F|  |TAMS 0x0000000086b00000, 0x0000000086b00000| Untracked 
| 108|0x0000000086c00000, 0x0000000086c00000, 0x0000000086d00000|  0%| F|  |TAMS 0x0000000086c00000, 0x0000000086c00000| Untracked 
| 109|0x0000000086d00000, 0x0000000086d00000, 0x0000000086e00000|  0%| F|  |TAMS 0x0000000086d00000, 0x0000000086d00000| Untracked 
| 110|0x0000000086e00000, 0x0000000086e00000, 0x0000000086f00000|  0%| F|  |TAMS 0x0000000086e00000, 0x0000000086e00000| Untracked 
| 111|0x0000000086f00000, 0x0000000086f00000, 0x0000000087000000|  0%| F|  |TAMS 0x0000000086f00000, 0x0000000086f00000| Untracked 
| 112|0x0000000087000000, 0x0000000087000000, 0x0000000087100000|  0%| F|  |TAMS 0x0000000087000000, 0x0000000087000000| Untracked 
| 113|0x0000000087100000, 0x0000000087100000, 0x0000000087200000|  0%| F|  |TAMS 0x0000000087100000, 0x0000000087100000| Untracked 
| 114|0x0000000087200000, 0x0000000087200000, 0x0000000087300000|  0%| F|  |TAMS 0x0000000087200000, 0x0000000087200000| Untracked 
| 115|0x0000000087300000, 0x0000000087300000, 0x0000000087400000|  0%| F|  |TAMS 0x0000000087300000, 0x0000000087300000| Untracked 
| 116|0x0000000087400000, 0x0000000087400000, 0x0000000087500000|  0%| F|  |TAMS 0x0000000087400000, 0x0000000087400000| Untracked 
| 117|0x0000000087500000, 0x0000000087500000, 0x0000000087600000|  0%| F|  |TAMS 0x0000000087500000, 0x0000000087500000| Untracked 
| 118|0x0000000087600000, 0x0000000087600000, 0x0000000087700000|  0%| F|  |TAMS 0x0000000087600000, 0x0000000087600000| Untracked 
| 119|0x0000000087700000, 0x0000000087700000, 0x0000000087800000|  0%| F|  |TAMS 0x0000000087700000, 0x0000000087700000| Untracked 
| 120|0x0000000087800000, 0x0000000087800000, 0x0000000087900000|  0%| F|  |TAMS 0x0000000087800000, 0x0000000087800000| Untracked 
| 121|0x0000000087900000, 0x0000000087900000, 0x0000000087a00000|  0%| F|  |TAMS 0x0000000087900000, 0x0000000087900000| Untracked 
| 122|0x0000000087a00000, 0x0000000087a00000, 0x0000000087b00000|  0%| F|  |TAMS 0x0000000087a00000, 0x0000000087a00000| Untracked 
| 123|0x0000000087b00000, 0x0000000087b00000, 0x0000000087c00000|  0%| F|  |TAMS 0x0000000087b00000, 0x0000000087b00000| Untracked 
| 124|0x0000000087c00000, 0x0000000087c00000, 0x0000000087d00000|  0%| F|  |TAMS 0x0000000087c00000, 0x0000000087c00000| Untracked 
| 125|0x0000000087d00000, 0x0000000087d00000, 0x0000000087e00000|  0%| F|  |TAMS 0x0000000087d00000, 0x0000000087d00000| Untracked 
| 126|0x0000000087e00000, 0x0000000087e00000, 0x0000000087f00000|  0%| F|  |TAMS 0x0000000087e00000, 0x0000000087e00000| Untracked 
| 127|0x0000000087f00000, 0x0000000087f00000, 0x0000000088000000|  0%| F|  |TAMS 0x0000000087f00000, 0x0000000087f00000| Untracked 
| 128|0x0000000088000000, 0x0000000088000000, 0x0000000088100000|  0%| F|  |TAMS 0x0000000088000000, 0x0000000088000000| Untracked 
| 129|0x0000000088100000, 0x0000000088100000, 0x0000000088200000|  0%| F|  |TAMS 0x0000000088100000, 0x0000000088100000| Untracked 
| 130|0x0000000088200000, 0x0000000088200000, 0x0000000088300000|  0%| F|  |TAMS 0x0000000088200000, 0x0000000088200000| Untracked 
| 131|0x0000000088300000, 0x0000000088300000, 0x0000000088400000|  0%| F|  |TAMS 0x0000000088300000, 0x0000000088300000| Untracked 
| 132|0x0000000088400000, 0x0000000088400000, 0x0000000088500000|  0%| F|  |TAMS 0x0000000088400000, 0x0000000088400000| Untracked 
| 133|0x0000000088500000, 0x0000000088500000, 0x0000000088600000|  0%| F|  |TAMS 0x0000000088500000, 0x0000000088500000| Untracked 
| 134|0x0000000088600000, 0x0000000088600000, 0x0000000088700000|  0%| F|  |TAMS 0x0000000088600000, 0x0000000088600000| Untracked 
| 135|0x0000000088700000, 0x0000000088700000, 0x0000000088800000|  0%| F|  |TAMS 0x0000000088700000, 0x0000000088700000| Untracked 
| 136|0x0000000088800000, 0x0000000088800000, 0x0000000088900000|  0%| F|  |TAMS 0x0000000088800000, 0x0000000088800000| Untracked 
| 194|0x000000008c200000, 0x000000008c200000, 0x000000008c300000|  0%| F|  |TAMS 0x000000008c200000, 0x000000008c200000| Untracked 
| 195|0x000000008c300000, 0x000000008c300000, 0x000000008c400000|  0%| F|  |TAMS 0x000000008c300000, 0x000000008c300000| Untracked 
| 196|0x000000008c400000, 0x000000008c400000, 0x000000008c500000|  0%| F|  |TAMS 0x000000008c400000, 0x000000008c400000| Untracked 
| 197|0x000000008c500000, 0x000000008c500000, 0x000000008c600000|  0%| F|  |TAMS 0x000000008c500000, 0x000000008c500000| Untracked 
| 198|0x000000008c600000, 0x000000008c600000, 0x000000008c700000|  0%| F|  |TAMS 0x000000008c600000, 0x000000008c600000| Untracked 
| 199|0x000000008c700000, 0x000000008c700000, 0x000000008c800000|  0%| F|  |TAMS 0x000000008c700000, 0x000000008c700000| Untracked 
| 200|0x000000008c800000, 0x000000008c800000, 0x000000008c900000|  0%| F|  |TAMS 0x000000008c800000, 0x000000008c800000| Untracked 
| 201|0x000000008c900000, 0x000000008c900000, 0x000000008ca00000|  0%| F|  |TAMS 0x000000008c900000, 0x000000008c900000| Untracked 
| 202|0x000000008ca00000, 0x000000008ca00000, 0x000000008cb00000|  0%| F|  |TAMS 0x000000008ca00000, 0x000000008ca00000| Untracked 
| 253|0x000000008fd00000, 0x000000008fe00000, 0x000000008fe00000|100%| E|  |TAMS 0x000000008fd00000, 0x000000008fd00000| Complete 

Card table byte_map: [0x000001a49c710000,0x000001a49cb10000] _byte_map_base: 0x000001a49c310000

Marking Bits (Prev, Next): (CMBitMap*) 0x000001a487a0df30, (CMBitMap*) 0x000001a487a0def0
 Prev Bits: [0x000001a49ef10000, 0x000001a4a0f10000)
 Next Bits: [0x000001a49cf10000, 0x000001a49ef10000)

Polling page: 0x000001a487a70000

Metaspace:

Usage:
  Non-class:     60.87 MB used.
      Class:      9.85 MB used.
       Both:     70.72 MB used.

Virtual space:
  Non-class space:       64.00 MB reserved,      61.25 MB ( 96%) committed,  1 nodes.
      Class space:        1.00 GB reserved,      10.12 MB ( <1%) committed,  1 nodes.
             Both:        1.06 GB reserved,      71.38 MB (  7%) committed. 

Chunk freelists:
   Non-Class:  1.92 MB
       Class:  5.89 MB
        Both:  7.81 MB

MaxMetaspaceSize: unlimited
CompressedClassSpaceSize: 1.00 GB
Initial GC threshold: 21.00 MB
Current GC threshold: 117.50 MB
CDS: off
MetaspaceReclaimPolicy: balanced
 - commit_granule_bytes: 65536.
 - commit_granule_words: 8192.
 - virtual_space_node_default_size: 8388608.
 - enlarge_chunks_in_place: 1.
 - new_chunks_are_fully_committed: 0.
 - uncommit_free_chunks: 1.
 - use_allocation_guard: 0.
 - handle_deallocations: 1.


Internal statistics:

num_allocs_failed_limit: 3.
num_arena_births: 712.
num_arena_deaths: 4.
num_vsnodes_births: 2.
num_vsnodes_deaths: 0.
num_space_committed: 1140.
num_space_uncommitted: 0.
num_chunks_returned_to_freelist: 9.
num_chunks_taken_from_freelist: 3116.
num_chunk_merges: 4.
num_chunk_splits: 2192.
num_chunks_enlarged: 1633.
num_inconsistent_stats: 0.

CodeHeap 'non-profiled nmethods': size=120000Kb used=2840Kb max_used=2981Kb free=117159Kb
 bounds [0x000001a494160000, 0x000001a494460000, 0x000001a49b690000]
CodeHeap 'profiled nmethods': size=120000Kb used=9045Kb max_used=9097Kb free=110954Kb
 bounds [0x000001a48c690000, 0x000001a48cf90000, 0x000001a493bc0000]
CodeHeap 'non-nmethods': size=5760Kb used=2360Kb max_used=2424Kb free=3399Kb
 bounds [0x000001a493bc0000, 0x000001a493e30000, 0x000001a494160000]
 total_blobs=5459 nmethods=4574 adapters=797
 compilation: enabled
              stopped_count=0, restarted_count=0
 full_count=0

Compilation events (20 events):
Event: 9.774 Thread 0x000001a4a80986e0 nmethod 5284 0x000001a48c6d7090 code [0x000001a48c6d7280, 0x000001a48c6d7728]
Event: 9.774 Thread 0x000001a4a80986e0 5285       3       jdk.internal.jrtfs.JrtFileSystem::ensureOpen (16 bytes)
Event: 9.774 Thread 0x000001a4a80986e0 nmethod 5285 0x000001a48c6d6b90 code [0x000001a48c6d6d40, 0x000001a48c6d6f68]
Event: 9.774 Thread 0x000001a4a80986e0 5286   !   3       jdk.internal.jrtfs.JrtFileSystem::lookup (23 bytes)
Event: 9.774 Thread 0x000001a4a80986e0 nmethod 5286 0x000001a48c6d6490 code [0x000001a48c6d6660, 0x000001a48c6d69e8]
Event: 9.774 Thread 0x000001a4a80986e0 5287       3       jdk.internal.jrtfs.SystemImage$1::findNode (9 bytes)
Event: 9.774 Thread 0x000001a4a80986e0 nmethod 5287 0x000001a48c6d5e10 code [0x000001a48c6d5fe0, 0x000001a48c6d62f8]
Event: 9.774 Thread 0x000001a4a80986e0 5289       3       kotlin.jvm.internal.Intrinsics::checkNotNull (8 bytes)
Event: 9.775 Thread 0x000001a4a80986e0 nmethod 5289 0x000001a48c6d5590 code [0x000001a48c6d5780, 0x000001a48c6d5c48]
Event: 9.775 Thread 0x000001a4a80986e0 5291       3       jdk.internal.jrtfs.JrtPath::getFileSystem (5 bytes)
Event: 9.775 Thread 0x000001a4a80986e0 nmethod 5291 0x000001a48c6d5210 code [0x000001a48c6d53a0, 0x000001a48c6d54b8]
Event: 9.775 Thread 0x000001a4a80986e0 5292       3       java.nio.Buffer::checkScope (16 bytes)
Event: 9.775 Thread 0x000001a4a80986e0 nmethod 5292 0x000001a48c6d4b90 code [0x000001a48c6d4d60, 0x000001a48c6d50d8]
Event: 9.775 Thread 0x000001a4a80986e0 5290       3       java.nio.file.Files::newByteChannel (36 bytes)
Event: 9.775 Thread 0x000001a4a80986e0 nmethod 5290 0x000001a48ccb5f10 code [0x000001a48ccb6140, 0x000001a48ccb6a98]
Event: 9.775 Thread 0x000001a4a80986e0 5293       3       java.nio.channels.spi.AbstractInterruptibleChannel$1::<init> (10 bytes)
Event: 9.775 Thread 0x000001a4a80986e0 nmethod 5293 0x000001a48c6d4510 code [0x000001a48c6d46a0, 0x000001a48c6d4878]
Event: 9.775 Thread 0x000001a4a80986e0 5294   !   3       java.nio.file.Files::readAllBytes (127 bytes)
Event: 9.776 Thread 0x000001a4a80986e0 nmethod 5294 0x000001a48ccb4490 code [0x000001a48ccb4760, 0x000001a48ccb5748]
Event: 9.780 Thread 0x000001a4ad562980 5295   !   4       sun.nio.fs.WindowsPath::initOffsets (153 bytes)

GC Heap History (20 events):
Event: 6.240 GC heap before
{Heap before GC invocations=16 (full 0):
 garbage-first heap   total 91136K, used 71269K [0x0000000080000000, 0x0000000100000000)
  region size 1024K, 25 young (25600K), 4 survivors (4096K)
 Metaspace       used 50421K, committed 50880K, reserved 1114112K
  class space    used 6831K, committed 7040K, reserved 1048576K
}
Event: 6.243 GC heap after
{Heap after GC invocations=17 (full 0):
 garbage-first heap   total 91136K, used 51040K [0x0000000080000000, 0x0000000100000000)
  region size 1024K, 2 young (2048K), 2 survivors (2048K)
 Metaspace       used 50421K, committed 50880K, reserved 1114112K
  class space    used 6831K, committed 7040K, reserved 1048576K
}
Event: 6.318 GC heap before
{Heap before GC invocations=18 (full 0):
 garbage-first heap   total 92160K, used 55136K [0x0000000080000000, 0x0000000100000000)
  region size 1024K, 7 young (7168K), 2 survivors (2048K)
 Metaspace       used 50535K, committed 51008K, reserved 1114112K
  class space    used 6842K, committed 7040K, reserved 1048576K
}
Event: 6.321 GC heap after
{Heap after GC invocations=19 (full 0):
 garbage-first heap   total 92160K, used 52192K [0x0000000080000000, 0x0000000100000000)
  region size 1024K, 3 young (3072K), 3 survivors (3072K)
 Metaspace       used 50535K, committed 51008K, reserved 1114112K
  class space    used 6842K, committed 7040K, reserved 1048576K
}
Event: 6.418 GC heap before
{Heap before GC invocations=20 (full 0):
 garbage-first heap   total 107520K, used 65504K [0x0000000080000000, 0x0000000100000000)
  region size 1024K, 10 young (10240K), 3 survivors (3072K)
 Metaspace       used 50819K, committed 51328K, reserved 1114112K
  class space    used 6891K, committed 7104K, reserved 1048576K
}
Event: 6.421 GC heap after
{Heap after GC invocations=21 (full 0):
 garbage-first heap   total 107520K, used 62531K [0x0000000080000000, 0x0000000100000000)
  region size 1024K, 3 young (3072K), 3 survivors (3072K)
 Metaspace       used 50819K, committed 51328K, reserved 1114112K
  class space    used 6891K, committed 7104K, reserved 1048576K
}
Event: 6.482 GC heap before
{Heap before GC invocations=22 (full 0):
 garbage-first heap   total 117760K, used 71747K [0x0000000080000000, 0x0000000100000000)
  region size 1024K, 8 young (8192K), 3 survivors (3072K)
 Metaspace       used 51181K, committed 51648K, reserved 1114112K
  class space    used 6916K, committed 7104K, reserved 1048576K
}
Event: 6.485 GC heap after
{Heap after GC invocations=23 (full 0):
 garbage-first heap   total 117760K, used 69649K [0x0000000080000000, 0x0000000100000000)
  region size 1024K, 2 young (2048K), 2 survivors (2048K)
 Metaspace       used 51181K, committed 51648K, reserved 1114112K
  class space    used 6916K, committed 7104K, reserved 1048576K
}
Event: 6.787 GC heap before
{Heap before GC invocations=24 (full 0):
 garbage-first heap   total 124928K, used 87057K [0x0000000080000000, 0x0000000100000000)
  region size 1024K, 17 young (17408K), 2 survivors (2048K)
 Metaspace       used 53283K, committed 53824K, reserved 1114112K
  class space    used 7129K, committed 7360K, reserved 1048576K
}
Event: 6.789 GC heap after
{Heap after GC invocations=25 (full 0):
 garbage-first heap   total 124928K, used 70078K [0x0000000080000000, 0x0000000100000000)
  region size 1024K, 3 young (3072K), 3 survivors (3072K)
 Metaspace       used 53283K, committed 53824K, reserved 1114112K
  class space    used 7129K, committed 7360K, reserved 1048576K
}
Event: 7.125 GC heap before
{Heap before GC invocations=25 (full 0):
 garbage-first heap   total 124928K, used 89534K [0x0000000080000000, 0x0000000100000000)
  region size 1024K, 22 young (22528K), 3 survivors (3072K)
 Metaspace       used 54236K, committed 54848K, reserved 1114112K
  class space    used 7262K, committed 7552K, reserved 1048576K
}
Event: 7.130 GC heap after
{Heap after GC invocations=26 (full 0):
 garbage-first heap   total 150528K, used 70499K [0x0000000080000000, 0x0000000100000000)
  region size 1024K, 2 young (2048K), 2 survivors (2048K)
 Metaspace       used 54236K, committed 54848K, reserved 1114112K
  class space    used 7262K, committed 7552K, reserved 1048576K
}
Event: 7.958 GC heap before
{Heap before GC invocations=27 (full 0):
 garbage-first heap   total 150528K, used 105315K [0x0000000080000000, 0x0000000100000000)
  region size 1024K, 36 young (36864K), 2 survivors (2048K)
 Metaspace       used 59761K, committed 60416K, reserved 1114112K
  class space    used 8468K, committed 8768K, reserved 1048576K
}
Event: 7.962 GC heap after
{Heap after GC invocations=28 (full 0):
 garbage-first heap   total 150528K, used 71428K [0x0000000080000000, 0x0000000100000000)
  region size 1024K, 3 young (3072K), 3 survivors (3072K)
 Metaspace       used 59761K, committed 60416K, reserved 1114112K
  class space    used 8468K, committed 8768K, reserved 1048576K
}
Event: 8.034 GC heap before
{Heap before GC invocations=28 (full 0):
 garbage-first heap   total 150528K, used 75524K [0x0000000080000000, 0x0000000100000000)
  region size 1024K, 7 young (7168K), 3 survivors (3072K)
 Metaspace       used 60331K, committed 60992K, reserved 1114112K
  class space    used 8535K, committed 8832K, reserved 1048576K
}
Event: 8.039 GC heap after
{Heap after GC invocations=29 (full 0):
 garbage-first heap   total 150528K, used 71686K [0x0000000080000000, 0x0000000100000000)
  region size 1024K, 1 young (1024K), 1 survivors (1024K)
 Metaspace       used 60331K, committed 60992K, reserved 1114112K
  class space    used 8535K, committed 8832K, reserved 1048576K
}
Event: 8.775 GC heap before
{Heap before GC invocations=29 (full 0):
 garbage-first heap   total 150528K, used 109574K [0x0000000080000000, 0x0000000100000000)
  region size 1024K, 38 young (38912K), 1 survivors (1024K)
 Metaspace       used 65429K, committed 65984K, reserved 1114112K
  class space    used 9215K, committed 9472K, reserved 1048576K
}
Event: 8.778 GC heap after
{Heap after GC invocations=30 (full 0):
 garbage-first heap   total 150528K, used 72306K [0x0000000080000000, 0x0000000100000000)
  region size 1024K, 2 young (2048K), 2 survivors (2048K)
 Metaspace       used 65429K, committed 65984K, reserved 1114112K
  class space    used 9215K, committed 9472K, reserved 1048576K
}
Event: 9.412 GC heap before
{Heap before GC invocations=31 (full 0):
 garbage-first heap   total 150528K, used 111218K [0x0000000080000000, 0x0000000100000000)
  region size 1024K, 41 young (41984K), 2 survivors (2048K)
 Metaspace       used 71397K, committed 72000K, reserved 1114112K
  class space    used 9982K, committed 10240K, reserved 1048576K
}
Event: 9.418 GC heap after
{Heap after GC invocations=32 (full 0):
 garbage-first heap   total 150528K, used 73090K [0x0000000080000000, 0x0000000100000000)
  region size 1024K, 2 young (2048K), 2 survivors (2048K)
 Metaspace       used 71397K, committed 72000K, reserved 1114112K
  class space    used 9982K, committed 10240K, reserved 1048576K
}

Dll operation events (3 events):
Event: 0.008 Loaded shared library C:\Program Files\Android\Android Studio\jbr\bin\java.dll
Event: 0.209 Loaded shared library C:\Program Files\Android\Android Studio\jbr\bin\zip.dll
Event: 0.580 Loaded shared library C:\Program Files\Android\Android Studio\jbr\bin\verify.dll

Deoptimization events (20 events):
Event: 9.679 Thread 0x000001a4aa03aae0 DEOPT PACKING pc=0x000001a4941f99fc sp=0x00000019d7af5740
Event: 9.679 Thread 0x000001a4aa03aae0 DEOPT UNPACKING pc=0x000001a493c169a3 sp=0x00000019d7af5700 mode 2
Event: 9.680 Thread 0x000001a4aa03aae0 Uncommon trap: trap_request=0xffffff45 fr.pc=0x000001a49427f9fc relative=0x000000000000233c
Event: 9.680 Thread 0x000001a4aa03aae0 Uncommon trap: reason=unstable_if action=reinterpret pc=0x000001a49427f9fc method=org.jetbrains.kotlin.com.intellij.openapi.vfs.impl.jar.CoreJarHandler.getOrCreateFile(Lorg/jetbrains/kotlin/com/intellij/openapi/vfs/impl/ArchiveHandler$EntryInfo;Ljava/util
Event: 9.680 Thread 0x000001a4aa03aae0 DEOPT PACKING pc=0x000001a49427f9fc sp=0x00000019d7af5820
Event: 9.680 Thread 0x000001a4aa03aae0 DEOPT UNPACKING pc=0x000001a493c169a3 sp=0x00000019d7af5830 mode 2
Event: 9.680 Thread 0x000001a4aa03aae0 Uncommon trap: trap_request=0xffffff45 fr.pc=0x000001a494322c60 relative=0x0000000000001120
Event: 9.680 Thread 0x000001a4aa03aae0 Uncommon trap: reason=unstable_if action=reinterpret pc=0x000001a494322c60 method=org.jetbrains.kotlin.com.intellij.util.containers.FactoryMap.getMap()Ljava/util/Map; @ 6 c2
Event: 9.680 Thread 0x000001a4aa03aae0 DEOPT PACKING pc=0x000001a494322c60 sp=0x00000019d7af5880
Event: 9.680 Thread 0x000001a4aa03aae0 DEOPT UNPACKING pc=0x000001a493c169a3 sp=0x00000019d7af5800 mode 2
Event: 9.684 Thread 0x000001a4aa03aae0 Uncommon trap: trap_request=0xffffffcc fr.pc=0x000001a49427d0f4 relative=0x0000000000000354
Event: 9.684 Thread 0x000001a4aa03aae0 Uncommon trap: reason=intrinsic_or_type_checked_inlining action=make_not_entrant pc=0x000001a49427d0f4 method=java.util.Arrays.copyOf([Ljava/lang/Object;ILjava/lang/Class;)[Ljava/lang/Object; @ 35 c2
Event: 9.684 Thread 0x000001a4aa03aae0 DEOPT PACKING pc=0x000001a49427d0f4 sp=0x00000019d7af5850
Event: 9.684 Thread 0x000001a4aa03aae0 DEOPT UNPACKING pc=0x000001a493c169a3 sp=0x00000019d7af57e0 mode 2
Event: 9.684 Thread 0x000001a4aa03aae0 Uncommon trap: trap_request=0xffffff45 fr.pc=0x000001a494327370 relative=0x0000000000003010
Event: 9.684 Thread 0x000001a4aa03aae0 Uncommon trap: reason=unstable_if action=reinterpret pc=0x000001a494327370 method=org.jetbrains.kotlin.com.intellij.openapi.vfs.impl.ArchiveHandler.directoryEntry(Ljava/util/Map;Lorg/jetbrains/kotlin/com/intellij/openapi/diagnostic/Logger;Ljava/lang/Strin
Event: 9.684 Thread 0x000001a4aa03aae0 DEOPT PACKING pc=0x000001a494327370 sp=0x00000019d7af5590
Event: 9.684 Thread 0x000001a4aa03aae0 DEOPT UNPACKING pc=0x000001a493c169a3 sp=0x00000019d7af5538 mode 2
Event: 9.685 Thread 0x000001a4aa03aae0 DEOPT PACKING pc=0x000001a48cb34354 sp=0x00000019d7af5130
Event: 9.685 Thread 0x000001a4aa03aae0 DEOPT UNPACKING pc=0x000001a493c17143 sp=0x00000019d7af4688 mode 0

Classes unloaded (2 events):
Event: 6.510 Thread 0x000001a4a8058c80 Unloading class 0x00000001006d8400 'java/lang/invoke/LambdaForm$DMH+0x00000001006d8400'
Event: 6.510 Thread 0x000001a4a8058c80 Unloading class 0x00000001006d8000 'java/lang/invoke/LambdaForm$DMH+0x00000001006d8000'

Classes redefined (0 events):
No events

Internal exceptions (20 events):
Event: 7.083 Thread 0x000001a4aa03aae0 Exception <a 'java/lang/NoSuchMethodError'{0x000000008655bd08}: 'java.lang.Object java.lang.invoke.DirectMethodHandle$Holder.invokeStaticInit(java.lang.Object, int)'> (0x000000008655bd08) 
thrown [s\src\hotspot\share\interpreter\linkResolver.cpp, line 771]
Event: 7.902 Thread 0x000001a4aa03aae0 Implicit null exception at 0x000001a4941a1972 to 0x000001a4941a1f8c
Event: 8.076 Thread 0x000001a4aa03aae0 Implicit null exception at 0x000001a4941c1972 to 0x000001a4941c1f8c
Event: 8.385 Thread 0x000001a4aa03aae0 Exception <a 'sun/nio/fs/WindowsException'{0x00000000883f0b28}> (0x00000000883f0b28) 
thrown [s\src\hotspot\share\prims\jni.cpp, line 531]
Event: 8.385 Thread 0x000001a4aa03aae0 Exception <a 'sun/nio/fs/WindowsException'{0x00000000883f28e0}> (0x00000000883f28e0) 
thrown [s\src\hotspot\share\prims\jni.cpp, line 531]
Event: 8.608 Thread 0x000001a4aa03aae0 Exception <a 'java/lang/NoSuchMethodError'{0x0000000087860ed0}: 'long java.lang.invoke.DirectMethodHandle$Holder.invokeStatic(java.lang.Object)'> (0x0000000087860ed0) 
thrown [s\src\hotspot\share\interpreter\linkResolver.cpp, line 771]
Event: 8.608 Thread 0x000001a4aa03aae0 Exception <a 'java/lang/NoSuchMethodError'{0x0000000087865ab8}: 'long java.lang.invoke.DirectMethodHandle$Holder.invokeStaticInit(java.lang.Object)'> (0x0000000087865ab8) 
thrown [s\src\hotspot\share\interpreter\linkResolver.cpp, line 771]
Event: 8.683 Thread 0x000001a4aa03aae0 Exception <a 'java/lang/NoSuchMethodError'{0x00000000873a1e40}: 'long java.lang.invoke.Invokers$Holder.invoke_MT(java.lang.Object, java.lang.Object, java.lang.Object, java.lang.Object)'> (0x00000000873a1e40) 
thrown [s\src\hotspot\share\interpreter\linkResolver.cpp, line 771]
Event: 8.684 Thread 0x000001a4aa03aae0 Exception <a 'java/lang/NoSuchMethodError'{0x00000000873ab1e8}: 'int java.lang.invoke.Invokers$Holder.invoke_MT(java.lang.Object, java.lang.Object, java.lang.Object, java.lang.Object)'> (0x00000000873ab1e8) 
thrown [s\src\hotspot\share\interpreter\linkResolver.cpp, line 771]
Event: 8.686 Thread 0x000001a4aa03aae0 Exception <a 'java/lang/NoSuchMethodError'{0x00000000873bbaa0}: 'void java.lang.invoke.DelegatingMethodHandle$Holder.reinvoke_L(java.lang.Object, java.lang.Object, java.lang.Object, long, java.lang.Object)'> (0x00000000873bbaa0) 
thrown [s\src\hotspot\share\interpreter\linkResolver.cpp, line 771]
Event: 8.686 Thread 0x000001a4aa03aae0 Exception <a 'java/lang/NoSuchMethodError'{0x00000000873c43d0}: 'java.lang.Object java.lang.invoke.DirectMethodHandle$Holder.invokeSpecial(java.lang.Object, java.lang.Object, java.lang.Object, java.lang.Object, long)'> (0x00000000873c43d0) 
thrown [s\src\hotspot\share\interpreter\linkResolver.cpp, line 771]
Event: 8.687 Thread 0x000001a4aa03aae0 Exception <a 'java/lang/NoSuchMethodError'{0x00000000873d4ba0}: 'int java.lang.invoke.DelegatingMethodHandle$Holder.reinvoke_L(java.lang.Object, java.lang.Object, java.lang.Object, long, java.lang.Object, java.lang.Object)'> (0x00000000873d4ba0) 
thrown [s\src\hotspot\share\interpreter\linkResolver.cpp, line 771]
Event: 8.688 Thread 0x000001a4aa03aae0 Exception <a 'java/lang/NoSuchMethodError'{0x00000000873e4c70}: 'int java.lang.invoke.DelegatingMethodHandle$Holder.reinvoke_L(java.lang.Object, java.lang.Object, java.lang.Object, long, int, int)'> (0x00000000873e4c70) 
thrown [s\src\hotspot\share\interpreter\linkResolver.cpp, line 771]
Event: 8.689 Thread 0x000001a4aa03aae0 Exception <a 'java/lang/NoSuchMethodError'{0x00000000873f4ae8}: 'int java.lang.invoke.DelegatingMethodHandle$Holder.reinvoke_L(java.lang.Object, java.lang.Object, java.lang.Object, long, long, long)'> (0x00000000873f4ae8) 
thrown [s\src\hotspot\share\interpreter\linkResolver.cpp, line 771]
Event: 8.690 Thread 0x000001a4aa03aae0 Exception <a 'java/lang/NoSuchMethodError'{0x0000000087204ed0}: 'int java.lang.invoke.DelegatingMethodHandle$Holder.reinvoke_L(java.lang.Object, java.lang.Object, java.lang.Object, long, int)'> (0x0000000087204ed0) 
thrown [s\src\hotspot\share\interpreter\linkResolver.cpp, line 771]
Event: 9.083 Thread 0x000001a4aa03aae0 Exception <a 'java/lang/NoSuchMethodError'{0x0000000087ee09c0}: 'void java.lang.invoke.DirectMethodHandle$Holder.invokeVirtual(java.lang.Object, java.lang.Object)'> (0x0000000087ee09c0) 
thrown [s\src\hotspot\share\interpreter\linkResolver.cpp, line 771]
Event: 9.302 Thread 0x000001a4aa03aae0 Exception <a 'java/lang/NoSuchMethodError'{0x0000000086f02f60}: 'java.lang.Object java.lang.invoke.Invokers$Holder.invokeExact_MT(java.lang.Object, java.lang.Object, long, java.lang.Object)'> (0x0000000086f02f60) 
thrown [s\src\hotspot\share\interpreter\linkResolver.cpp, line 771]
Event: 9.372 Thread 0x000001a4aa03aae0 Exception <a 'java/lang/NoSuchMethodError'{0x0000000086d70740}: 'java.lang.Object java.lang.invoke.Invokers$Holder.invoke_MT(java.lang.Object, java.lang.Object, java.lang.Object)'> (0x0000000086d70740) 
thrown [s\src\hotspot\share\interpreter\linkResolver.cpp, line 771]
Event: 9.680 Thread 0x000001a4aa03aae0 Implicit null exception at 0x000001a49427dfa0 to 0x000001a49427f9c4
Event: 9.680 Thread 0x000001a4aa03aae0 Implicit null exception at 0x000001a494321b76 to 0x000001a494322c44

VM Operations (20 events):
Event: 7.957 Executing VM operation: G1CollectForAllocation
Event: 7.962 Executing VM operation: G1CollectForAllocation done
Event: 8.034 Executing VM operation: G1CollectForAllocation
Event: 8.039 Executing VM operation: G1CollectForAllocation done
Event: 8.375 Executing VM operation: HandshakeAllThreads
Event: 8.375 Executing VM operation: HandshakeAllThreads done
Event: 8.775 Executing VM operation: G1CollectForAllocation
Event: 8.778 Executing VM operation: G1CollectForAllocation done
Event: 8.810 Executing VM operation: G1PauseRemark
Event: 8.813 Executing VM operation: G1PauseRemark done
Event: 8.827 Executing VM operation: G1PauseCleanup
Event: 8.827 Executing VM operation: G1PauseCleanup done
Event: 9.174 Executing VM operation: HandshakeAllThreads
Event: 9.174 Executing VM operation: HandshakeAllThreads done
Event: 9.412 Executing VM operation: G1TryInitiateConcMark
Event: 9.418 Executing VM operation: G1TryInitiateConcMark done
Event: 9.495 Executing VM operation: G1PauseRemark
Event: 9.499 Executing VM operation: G1PauseRemark done
Event: 9.533 Executing VM operation: G1PauseCleanup
Event: 9.534 Executing VM operation: G1PauseCleanup done

Events (20 events):
Event: 9.373 loading class sun/nio/ch/FileChannelImpl$DefaultUnmapper
Event: 9.373 loading class sun/nio/ch/FileChannelImpl$Unmapper
Event: 9.373 loading class jdk/internal/access/foreign/UnmapperProxy
Event: 9.373 loading class jdk/internal/access/foreign/UnmapperProxy done
Event: 9.373 loading class sun/nio/ch/FileChannelImpl$Unmapper done
Event: 9.373 loading class sun/nio/ch/FileChannelImpl$DefaultUnmapper done
Event: 9.374 loading class sun/nio/ch/Util$4
Event: 9.374 loading class sun/nio/ch/Util$4 done
Event: 9.374 loading class jdk/internal/access/foreign/MemorySegmentProxy
Event: 9.374 loading class jdk/internal/access/foreign/MemorySegmentProxy done
Event: 9.376 loading class java/io/UTFDataFormatException
Event: 9.376 loading class java/io/UTFDataFormatException done
Event: 9.408 loading class java/util/DualPivotQuicksort
Event: 9.409 loading class java/util/DualPivotQuicksort done
Event: 9.511 Thread 0x000001a4aa81e930 Thread added: 0x000001a4aa81e930
Event: 9.529 Thread 0x000001a4ad562980 Thread added: 0x000001a4ad562980
Event: 9.716 loading class java/nio/channels/Channels$ReadableByteChannelImpl
Event: 9.716 loading class java/nio/channels/Channels$ReadableByteChannelImpl done
Event: 9.716 loading class java/nio/channels/NonWritableChannelException
Event: 9.716 loading class java/nio/channels/NonWritableChannelException done


Dynamic libraries:
0x00007ff69a470000 - 0x00007ff69a47a000 	C:\Program Files\Android\Android Studio\jbr\bin\java.exe
0x00007ff966a30000 - 0x00007ff966c28000 	C:\Windows\SYSTEM32\ntdll.dll
0x00007ff964a60000 - 0x00007ff964b22000 	C:\Windows\System32\KERNEL32.DLL
0x00007ff9646e0000 - 0x00007ff9649d6000 	C:\Windows\System32\KERNELBASE.dll
0x00007ff9643f0000 - 0x00007ff9644f0000 	C:\Windows\System32\ucrtbase.dll
0x00007ff945300000 - 0x00007ff945317000 	C:\Program Files\Android\Android Studio\jbr\bin\jli.dll
0x00007ff9394d0000 - 0x00007ff9394eb000 	C:\Program Files\Android\Android Studio\jbr\bin\VCRUNTIME140.dll
0x00007ff965110000 - 0x00007ff9652ad000 	C:\Windows\System32\USER32.dll
0x00007ff9642a0000 - 0x00007ff9642c2000 	C:\Windows\System32\win32u.dll
0x00007ff948c80000 - 0x00007ff948f1a000 	C:\Windows\WinSxS\amd64_microsoft.windows.common-controls_6595b64144ccf1df_6.0.19041.5794_none_60bcd33171f2783c\COMCTL32.dll
0x00007ff966910000 - 0x00007ff96693b000 	C:\Windows\System32\GDI32.dll
0x00007ff9659b0000 - 0x00007ff965a4e000 	C:\Windows\System32\msvcrt.dll
0x00007ff9642d0000 - 0x00007ff9643ea000 	C:\Windows\System32\gdi32full.dll
0x00007ff964200000 - 0x00007ff96429d000 	C:\Windows\System32\msvcp_win.dll
0x00007ff965b80000 - 0x00007ff965baf000 	C:\Windows\System32\IMM32.DLL
0x00007ff95fea0000 - 0x00007ff95feac000 	C:\Program Files\Android\Android Studio\jbr\bin\vcruntime140_1.dll
0x00007ff91c6d0000 - 0x00007ff91c75d000 	C:\Program Files\Android\Android Studio\jbr\bin\msvcp140.dll
0x00007ff8d6a10000 - 0x00007ff8d7693000 	C:\Program Files\Android\Android Studio\jbr\bin\server\jvm.dll
0x00007ff965060000 - 0x00007ff96510f000 	C:\Windows\System32\ADVAPI32.dll
0x00007ff965a50000 - 0x00007ff965aef000 	C:\Windows\System32\sechost.dll
0x00007ff964be0000 - 0x00007ff964d03000 	C:\Windows\System32\RPCRT4.dll
0x00007ff964180000 - 0x00007ff9641a7000 	C:\Windows\System32\bcrypt.dll
0x00007ff963610000 - 0x00007ff96365b000 	C:\Windows\SYSTEM32\POWRPROF.dll
0x00007ff960890000 - 0x00007ff960899000 	C:\Windows\SYSTEM32\WSOCK32.dll
0x00007ff952c10000 - 0x00007ff952c37000 	C:\Windows\SYSTEM32\WINMM.dll
0x00007ff965860000 - 0x00007ff9658cb000 	C:\Windows\System32\WS2_32.dll
0x00007ff95fc90000 - 0x00007ff95fc9a000 	C:\Windows\SYSTEM32\VERSION.dll
0x00007ff9634d0000 - 0x00007ff9634e2000 	C:\Windows\SYSTEM32\UMPDC.dll
0x00007ff961fa0000 - 0x00007ff961fb2000 	C:\Windows\SYSTEM32\kernel.appcore.dll
0x00007ff95feb0000 - 0x00007ff95feba000 	C:\Program Files\Android\Android Studio\jbr\bin\jimage.dll
0x00007ff961650000 - 0x00007ff961851000 	C:\Windows\SYSTEM32\DBGHELP.DLL
0x00007ff937d60000 - 0x00007ff937d94000 	C:\Windows\SYSTEM32\dbgcore.DLL
0x00007ff9644f0000 - 0x00007ff964572000 	C:\Windows\System32\bcryptPrimitives.dll
0x00007ff9459a0000 - 0x00007ff9459ae000 	C:\Program Files\Android\Android Studio\jbr\bin\instrument.dll
0x00007ff945c30000 - 0x00007ff945c55000 	C:\Program Files\Android\Android Studio\jbr\bin\java.dll
0x00007ff947770000 - 0x00007ff947788000 	C:\Program Files\Android\Android Studio\jbr\bin\zip.dll
0x00007ff965bb0000 - 0x00007ff96631e000 	C:\Windows\System32\SHELL32.dll
0x00007ff962150000 - 0x00007ff9628f3000 	C:\Windows\SYSTEM32\windows.storage.dll
0x00007ff9664a0000 - 0x00007ff9667f3000 	C:\Windows\System32\combase.dll
0x00007ff963b00000 - 0x00007ff963b2b000 	C:\Windows\SYSTEM32\Wldp.dll
0x00007ff965310000 - 0x00007ff9653dd000 	C:\Windows\System32\OLEAUT32.dll
0x00007ff964b30000 - 0x00007ff964bdd000 	C:\Windows\System32\SHCORE.dll
0x00007ff9668a0000 - 0x00007ff9668f5000 	C:\Windows\System32\shlwapi.dll
0x00007ff964000000 - 0x00007ff964025000 	C:\Windows\SYSTEM32\profapi.dll
0x00007ff947660000 - 0x00007ff947679000 	C:\Program Files\Android\Android Studio\jbr\bin\net.dll
0x00007ff95d190000 - 0x00007ff95d29a000 	C:\Windows\SYSTEM32\WINHTTP.dll
0x00007ff963860000 - 0x00007ff9638cc000 	C:\Windows\system32\mswsock.dll
0x00007ff945320000 - 0x00007ff945336000 	C:\Program Files\Android\Android Studio\jbr\bin\nio.dll
0x00007ff95fe90000 - 0x00007ff95fea0000 	C:\Program Files\Android\Android Studio\jbr\bin\verify.dll
0x00007ff95fec0000 - 0x00007ff95fee7000 	C:\Users\Abdelrahman\.gradle\native\c067742578af261105cb4f569cf0c3c89f3d7b1fecec35dd04571415982c5e48\windows-amd64\native-platform.dll
0x00007ff8e91c0000 - 0x00007ff8e9304000 	C:\Users\Abdelrahman\.gradle\native\38dada09dfb8b06ba9b0570ebf7e218e3eb74d4ef43ca46872605cf95ebc2f47\windows-amd64\native-platform-file-events.dll
0x00007ff959ee0000 - 0x00007ff959ee9000 	C:\Program Files\Android\Android Studio\jbr\bin\management.dll
0x00007ff948a50000 - 0x00007ff948a5b000 	C:\Program Files\Android\Android Studio\jbr\bin\management_ext.dll
0x00007ff966900000 - 0x00007ff966908000 	C:\Windows\System32\PSAPI.DLL
0x00007ff963a50000 - 0x00007ff963a68000 	C:\Windows\SYSTEM32\CRYPTSP.dll
0x00007ff963110000 - 0x00007ff963148000 	C:\Windows\system32\rsaenh.dll
0x00007ff963fc0000 - 0x00007ff963fee000 	C:\Windows\SYSTEM32\USERENV.dll
0x00007ff963a70000 - 0x00007ff963a7c000 	C:\Windows\SYSTEM32\CRYPTBASE.dll
0x00007ff9634f0000 - 0x00007ff96352b000 	C:\Windows\SYSTEM32\IPHLPAPI.DLL
0x00007ff964d70000 - 0x00007ff964d78000 	C:\Windows\System32\NSI.dll
0x00007ff95d970000 - 0x00007ff95d987000 	C:\Windows\SYSTEM32\dhcpcsvc6.DLL
0x00007ff95f980000 - 0x00007ff95f99d000 	C:\Windows\SYSTEM32\dhcpcsvc.DLL
0x00007ff963530000 - 0x00007ff9635fa000 	C:\Windows\SYSTEM32\DNSAPI.dll
0x00007ff95b460000 - 0x00007ff95b469000 	C:\Program Files\Android\Android Studio\jbr\bin\extnet.dll
0x00007ff95d830000 - 0x00007ff95d837000 	C:\Windows\system32\wshunix.dll

dbghelp: loaded successfully - version: 4.0.5 - missing functions: none
symbol engine: initialized successfully - sym options: 0x614 - pdb path: .;C:\Program Files\Android\Android Studio\jbr\bin;C:\Windows\SYSTEM32;C:\Windows\WinSxS\amd64_microsoft.windows.common-controls_6595b64144ccf1df_6.0.19041.5794_none_60bcd33171f2783c;C:\Program Files\Android\Android Studio\jbr\bin\server;C:\Users\Abdelrahman\.gradle\native\c067742578af261105cb4f569cf0c3c89f3d7b1fecec35dd04571415982c5e48\windows-amd64;C:\Users\Abdelrahman\.gradle\native\38dada09dfb8b06ba9b0570ebf7e218e3eb74d4ef43ca46872605cf95ebc2f47\windows-amd64

VM Arguments:
jvm_args: --add-opens=java.base/java.util=ALL-UNNAMED --add-opens=java.base/java.lang=ALL-UNNAMED --add-opens=java.base/java.lang.invoke=ALL-UNNAMED --add-opens=java.prefs/java.util.prefs=ALL-UNNAMED --add-opens=java.base/java.nio.charset=ALL-UNNAMED --add-opens=java.base/java.net=ALL-UNNAMED --add-opens=java.base/java.util.concurrent.atomic=ALL-UNNAMED -Xmx2048m -Dfile.encoding=UTF-8 -Duser.country=US -Duser.language=en -Duser.variant -javaagent:C:\Users\Abdelrahman\.gradle\wrapper\dists\gradle-8.6-bin\afr5mpiioh2wthjmwnkmdsd5w\gradle-8.6\lib\agents\gradle-instrumentation-agent-8.6.jar 
java_command: org.gradle.launcher.daemon.bootstrap.GradleDaemon 8.6
java_class_path (initial): C:\Users\Abdelrahman\.gradle\wrapper\dists\gradle-8.6-bin\afr5mpiioh2wthjmwnkmdsd5w\gradle-8.6\lib\gradle-launcher-8.6.jar
Launcher Type: SUN_STANDARD

[Global flags]
     intx CICompilerCount                          = 4                                         {product} {ergonomic}
     uint ConcGCThreads                            = 3                                         {product} {ergonomic}
     uint G1ConcRefinementThreads                  = 10                                        {product} {ergonomic}
   size_t G1HeapRegionSize                         = 1048576                                   {product} {ergonomic}
    uintx GCDrainStackTargetSize                   = 64                                        {product} {ergonomic}
   size_t InitialHeapSize                          = 266338304                                 {product} {ergonomic}
   size_t MarkStackSize                            = 4194304                                   {product} {ergonomic}
   size_t MaxHeapSize                              = 2147483648                                {product} {command line}
   size_t MaxNewSize                               = 1287651328                                {product} {ergonomic}
   size_t MinHeapDeltaBytes                        = 1048576                                   {product} {ergonomic}
   size_t MinHeapSize                              = 8388608                                   {product} {ergonomic}
    uintx NonNMethodCodeHeapSize                   = 5839372                                {pd product} {ergonomic}
    uintx NonProfiledCodeHeapSize                  = 122909434                              {pd product} {ergonomic}
    uintx ProfiledCodeHeapSize                     = 122909434                              {pd product} {ergonomic}
    uintx ReservedCodeCacheSize                    = 251658240                              {pd product} {ergonomic}
     bool SegmentedCodeCache                       = true                                      {product} {ergonomic}
   size_t SoftMaxHeapSize                          = 2147483648                             {manageable} {ergonomic}
     bool UseCompressedClassPointers               = true                           {product lp64_product} {ergonomic}
     bool UseCompressedOops                        = true                           {product lp64_product} {ergonomic}
     bool UseG1GC                                  = true                                      {product} {ergonomic}
     bool UseLargePagesIndividualAllocation        = false                                  {pd product} {ergonomic}

Logging:
Log output configuration:
 #0: stdout all=warning uptime,level,tags
 #1: stderr all=off uptime,level,tags

Environment Variables:
JAVA_HOME=C:\Program Files\Java\jdk-23
PATH=C:\Program Files\Common Files\Oracle\Java\javapath;C:\Program Files (x86)\NVIDIA Corporation\PhysX\Common;C:\Windows\system32;C:\Windows;C:\Windows\System32\Wbem;C:\Windows\System32\WindowsPowerShell\v1.0\;C:\Windows\System32\OpenSSH\;C:\Program Files\Git\cmd;C:\Program Files\Java\jdk-23\bin;E:\MSOffice2021;C:\Users\Abdelrahman\AppData\Local\Programs\Python\Python313;C:\Users\Abdelrahman\AppData\Local\Programs\Python\Python313\Scripts;C:\Program Files (x86)\Microsoft SQL Server\160\Tools\Binn\;C:\Program Files\Microsoft SQL Server\160\Tools\Binn\;C:\Program Files\Microsoft SQL Server\Client SDK\ODBC\170\Tools\Binn\;C:\Program Files\Microsoft SQL Server\160\DTS\Binn\;C:\Program Files (x86)\Microsoft SQL Server\160\DTS\Binn\;C:\Program Files (x86)\Windows Kits\8.1\Windows Performance Toolkit\;C:\Users\Abdelrahman\AppData\Local\Programs\Python\Launcher\;C:\Users\Abdelrahman\AppData\Local\Microsoft\WindowsApps;C:\Users\Abdelrahman\AppData\Local\Programs\Microsoft VS Code\bin;C:\src\flutter\bin;
USERNAME=Abdelrahman
OS=Windows_NT
PROCESSOR_IDENTIFIER=Intel64 Family 6 Model 158 Stepping 13, GenuineIntel
TMP=C:\Users\ABDELR~1\AppData\Local\Temp
TEMP=C:\Users\ABDELR~1\AppData\Local\Temp



Periodic native trim disabled

JNI global refs:
JNI global refs: 27, weak refs: 0

JNI global refs memory usage: 843, weak refs: 841

Process memory usage:
Resident Set Size: 352268K (2% of 16579748K total physical memory with 699364K free physical memory)

OOME stack traces (most recent first):
Classloader memory used:
Loader org.gradle.internal.classloader.VisitableURLClassLoader                         : 5536K
Loader bootstrap                                                                       : 2454K
Loader org.gradle.initialization.MixInLegacyTypesClassLoader                           : 744K
Loader org.gradle.internal.classloader.VisitableURLClassLoader                         : 87716B
Loader org.gradle.internal.classloader.VisitableURLClassLoader$InstrumentingVisitableURLClassLoader: 74298B
Loader jdk.internal.loader.ClassLoaders$PlatformClassLoader                            : 66078B
Loader jdk.internal.jrtfs.JrtFileSystemProvider$JrtFsLoader                            : 37522B
Loader jdk.internal.loader.ClassLoaders$AppClassLoader                                 : 28736B
Loader jdk.internal.reflect.DelegatingClassLoader                                      : 27554B
Loader org.gradle.groovy.scripts.internal.DefaultScriptCompilationHandler$ScriptClassLoader: 10786B
Loader org.codehaus.groovy.runtime.callsite.CallSiteClassLoader                        : 6077B

Classes loaded by more than one classloader:
Class org.gradle.api.GradleException                                                  : loaded 3 times (x 80B)
Class org.gradle.util.GradleVersion                                                   : loaded 2 times (x 81B)
Class kotlin.collections.AbstractList                                                 : loaded 2 times (x 157B)
Class kotlin.collections.AbstractCollection                                           : loaded 2 times (x 115B)
Class org.jetbrains.plugins.gradle.model.MavenRepositoryModel                         : loaded 2 times (x 68B)
Class org.gradle.internal.classpath.ClassPath                                         : loaded 2 times (x 68B)
Class org.gradle.api.internal.classpath.DefaultModuleRegistry                         : loaded 2 times (x 84B)
Class org.gradle.internal.exceptions.NonGradleCauseExceptionsHolder                   : loaded 2 times (x 68B)
Class jdk.internal.jimage.BasicImageReader$1                                          : loaded 2 times (x 75B)
Class kotlin.enums.EnumEntries                                                        : loaded 2 times (x 68B)
Class org.gradle.api.Action                                                           : loaded 2 times (x 68B)
Class kotlin.enums.EnumEntriesKt                                                      : loaded 2 times (x 69B)
Class jdk.internal.jimage.ImageBufferCache$1                                          : loaded 2 times (x 78B)
Class jdk.internal.jimage.ImageBufferCache$2                                          : loaded 2 times (x 89B)
Class org.gradle.api.internal.DefaultClassPathProvider                                : loaded 2 times (x 74B)
Class org.gradle.internal.installation.GradleInstallation$1                           : loaded 2 times (x 73B)
Class jdk.internal.jrtfs.SystemImage$1                                                : loaded 2 times (x 76B)
Class jdk.internal.jrtfs.SystemImage$2                                                : loaded 2 times (x 74B)
Class org.gradle.internal.exceptions.DefaultMultiCauseException                       : loaded 2 times (x 93B)
Class org.gradle.internal.time.MonotonicClock                                         : loaded 2 times (x 75B)
Class org.gradle.internal.classloader.FilteringClassLoader                            : loaded 2 times (x 103B)
Class jdk.internal.jimage.ImageReader$Resource                                        : loaded 2 times (x 82B)
Class jdk.internal.jrtfs.SystemImage                                                  : loaded 2 times (x 72B)
Class org.gradle.internal.classpath.DefaultClassPath$ImmutableUniqueList$Builder      : loaded 2 times (x 73B)
Class kotlin.UninitializedPropertyAccessException                                     : loaded 2 times (x 80B)
Class jdk.internal.jrtfs.JrtDirectoryStream$1                                         : loaded 2 times (x 81B)
Class org.gradle.internal.classloader.ClassLoaderVisitor                              : loaded 2 times (x 74B)
Class org.gradle.internal.time.DefaultCountdownTimer                                  : loaded 2 times (x 86B)
Class org.gradle.internal.service.DefaultServiceLocator                               : loaded 2 times (x 81B)
Class org.gradle.internal.service.UnknownServiceException                             : loaded 2 times (x 81B)
Class org.gradle.internal.classloader.DefaultClassLoaderFactory                       : loaded 2 times (x 80B)
Class jdk.internal.jimage.ImageReader$SharedImageReader                               : loaded 2 times (x 93B)
Class sync_studio_tooling43173_9vsscgd6wuh3u6oulwtj2fv4g$_run_closure1                : loaded 2 times (x 137B)
Class jdk.internal.jimage.decompressor.ZipDecompressorFactory                         : loaded 2 times (x 72B)
Class org.gradle.internal.classloader.VisitableURLClassLoader$Spec                    : loaded 2 times (x 72B)
Class org.gradle.tooling.model.ProjectModel                                           : loaded 2 times (x 68B)
Class org.gradle.internal.installation.GradleInstallation                             : loaded 2 times (x 73B)
Class org.gradle.api.internal.classpath.ModuleRegistry                                : loaded 2 times (x 68B)
Class org.jetbrains.plugins.gradle.model.RepositoriesModel                            : loaded 2 times (x 68B)
Class kotlin.jvm.internal.markers.KMappedMarker                                       : loaded 2 times (x 68B)
Class org.gradle.api.internal.ClassPathProvider                                       : loaded 2 times (x 68B)
Class org.gradle.internal.classloader.ClasspathUtil$1                                 : loaded 2 times (x 74B)
Class org.gradle.internal.classloader.ClassLoaderFactory                              : loaded 2 times (x 68B)
Class jdk.internal.jimage.ImageHeader                                                 : loaded 2 times (x 69B)
Class org.gradle.api.internal.classpath.ManifestUtil                                  : loaded 2 times (x 69B)
Class org.gradle.api.specs.Spec                                                       : loaded 2 times (x 68B)
Class ijInit1_5550kmjjgj2jfjxk7c9r13qlu                                               : loaded 2 times (x 177B)
Class kotlin.jvm.internal.Intrinsics                                                  : loaded 2 times (x 69B)
Class org.gradle.internal.IoActions                                                   : loaded 2 times (x 69B)
Class jdk.internal.jimage.decompressor.StringSharingDecompressorFactory               : loaded 2 times (x 72B)
Class org.gradle.api.internal.classpath.EffectiveClassPath                            : loaded 2 times (x 88B)
Class kotlin.jvm.internal.DefaultConstructorMarker                                    : loaded 2 times (x 69B)
Class org.gradle.internal.exceptions.ResolutionProvider                               : loaded 2 times (x 68B)
Class org.gradle.internal.installation.CurrentGradleInstallation                      : loaded 2 times (x 71B)
Class org.gradle.internal.agents.InstrumentingClassLoader                             : loaded 2 times (x 68B)
Class org.gradle.internal.installation.CurrentGradleInstallationLocator               : loaded 2 times (x 69B)
Class org.gradle.api.internal.classpath.Module                                        : loaded 2 times (x 68B)
Class org.gradle.internal.service.CachingServiceLocator                               : loaded 2 times (x 80B)
Class org.gradle.internal.time.Timer                                                  : loaded 2 times (x 68B)
Class org.gradle.internal.classpath.DefaultClassPath                                  : loaded 2 times (x 88B)
Class jdk.internal.jimage.BasicImageReader                                            : loaded 2 times (x 93B)
Class kotlin.enums.EnumEntriesList                                                    : loaded 2 times (x 183B)
Class jdk.internal.jimage.ImageLocation                                               : loaded 2 times (x 88B)
Class kotlin.jvm.functions.Function1                                                  : loaded 2 times (x 68B)
Class jdk.internal.jimage.ImageReader$Node                                            : loaded 2 times (x 82B)
Class org.gradle.internal.time.Time                                                   : loaded 2 times (x 69B)
Class jdk.internal.jimage.decompressor.CompressedResourceHeader                       : loaded 2 times (x 69B)
Class org.gradle.internal.time.TimeSource$1                                           : loaded 2 times (x 75B)
Class kotlin.KotlinNullPointerException                                               : loaded 2 times (x 81B)
Class jdk.internal.jrtfs.JrtPath                                                      : loaded 2 times (x 116B)
Class jdk.internal.jimage.ImageStrings                                                : loaded 2 times (x 68B)
Class jdk.internal.jrtfs.JrtFileAttributes                                            : loaded 2 times (x 81B)
Class org.gradle.internal.classloader.SystemClassLoaderSpec                           : loaded 2 times (x 69B)
Class jdk.internal.jimage.decompressor.ResourceDecompressorRepository                 : loaded 2 times (x 69B)
Class kotlin.Function                                                                 : loaded 2 times (x 68B)
Class org.gradle.api.UncheckedIOException                                             : loaded 2 times (x 80B)
Class jdk.internal.jimage.decompressor.ResourceDecompressor$StringsProvider           : loaded 2 times (x 68B)
Class jdk.internal.jimage.decompressor.Decompressor                                   : loaded 2 times (x 70B)
Class jdk.internal.jrtfs.JrtFileSystem                                                : loaded 2 times (x 100B)
Class jdk.internal.jrtfs.JrtFileSystemProvider                                        : loaded 2 times (x 97B)
Class org.gradle.internal.time.CountdownTimer                                         : loaded 2 times (x 68B)
Class org.gradle.internal.time.Clock                                                  : loaded 2 times (x 68B)
Class org.gradle.internal.classloader.ClasspathUtil                                   : loaded 2 times (x 69B)
Class jdk.internal.jrtfs.JrtDirectoryStream                                           : loaded 2 times (x 87B)
Class jdk.internal.jimage.decompressor.ResourceDecompressor                           : loaded 2 times (x 68B)
Class org.gradle.api.internal.DefaultClassPathRegistry                                : loaded 2 times (x 74B)
Class org.gradle.api.internal.classpath.DefaultModuleRegistry$DefaultModule           : loaded 2 times (x 84B)
Class org.gradle.internal.time.TimeSource                                             : loaded 2 times (x 68B)
Class org.gradle.api.internal.classpath.UnknownModuleException                        : loaded 2 times (x 80B)
Class org.gradle.internal.service.ServiceLookupException                              : loaded 2 times (x 80B)
Class jdk.internal.jimage.ImageStringsReader                                          : loaded 2 times (x 78B)
Class org.gradle.cache.GlobalCache                                                    : loaded 2 times (x 68B)
Class jdk.internal.jimage.decompressor.ResourceDecompressorFactory                    : loaded 2 times (x 72B)
Class [Lorg.gradle.api.internal.ClassPathProvider;                                    : loaded 2 times (x 67B)
Class jdk.internal.jimage.ImageReader$SharedImageReader$LocationVisitor               : loaded 2 times (x 68B)
Class org.gradle.internal.operations.MultipleBuildOperationFailures                   : loaded 2 times (x 93B)
Class org.gradle.util.internal.GUtil                                                  : loaded 2 times (x 69B)
Class jdk.internal.jimage.decompressor.ZipDecompressor                                : loaded 2 times (x 73B)
Class org.gradle.internal.classloader.ClassLoaderSpec                                 : loaded 2 times (x 69B)
Class org.gradle.internal.classloader.VisitableURLClassLoader                         : loaded 2 times (x 115B)
Class org.gradle.internal.Cast                                                        : loaded 2 times (x 69B)
Class org.gradle.api.internal.ClassPathRegistry                                       : loaded 2 times (x 68B)
Class sync_studio_tooling43173_9vsscgd6wuh3u6oulwtj2fv4g                              : loaded 2 times (x 177B)
Class org.gradle.internal.classloader.VisitableURLClassLoader$InstrumentingVisitableURLClassLoader: loaded 2 times (x 121B)
Class org.gradle.internal.classloader.ClassLoaderHierarchy                            : loaded 2 times (x 68B)
Class org.gradle.internal.exceptions.MultiCauseException                              : loaded 2 times (x 68B)
Class jdk.internal.jimage.ImageReader                                                 : loaded 2 times (x 73B)
Class org.gradle.internal.InternalTransformer                                         : loaded 2 times (x 68B)
Class org.gradle.internal.service.ServiceLocator                                      : loaded 2 times (x 68B)
Class org.gradle.internal.classpath.DefaultClassPath$ImmutableUniqueList              : loaded 2 times (x 159B)
Class jdk.internal.jimage.ImageBufferCache                                            : loaded 2 times (x 69B)
Class org.gradle.internal.time.DefaultTimer                                           : loaded 2 times (x 78B)
Class org.gradle.internal.classpath.TransformedClassPath                              : loaded 2 times (x 94B)
Class kotlin.collections.AbstractList$Companion                                       : loaded 2 times (x 69B)
Class jdk.internal.jimage.ImageReader$Directory                                       : loaded 2 times (x 82B)


---------------  S Y S T E M  ---------------

OS:
 Windows 10 , 64 bit Build 19041 (10.0.19041.5794)
OS uptime: 0 days 12:17 hours

CPU: total 12 (initial active 12) (6 cores per cpu, 2 threads per core) family 6 model 158 stepping 13 microcode 0xfa, cx8, cmov, fxsr, ht, mmx, 3dnowpref, sse, sse2, sse3, ssse3, sse4.1, sse4.2, popcnt, lzcnt, tsc, tscinvbit, avx, avx2, aes, erms, clmul, bmi1, bmi2, adx, fma, vzeroupper, clflush, clflushopt
Processor Information for processor 0
  Max Mhz: 2592, Current Mhz: 1495, Mhz Limit: 2592
Processor Information for processor 1
  Max Mhz: 2592, Current Mhz: 1495, Mhz Limit: 2592
Processor Information for processor 2
  Max Mhz: 2592, Current Mhz: 1495, Mhz Limit: 2592
Processor Information for processor 3
  Max Mhz: 2592, Current Mhz: 1495, Mhz Limit: 2592
Processor Information for processor 4
  Max Mhz: 2592, Current Mhz: 1495, Mhz Limit: 2592
Processor Information for processor 5
  Max Mhz: 2592, Current Mhz: 1495, Mhz Limit: 2592
Processor Information for processor 6
  Max Mhz: 2592, Current Mhz: 2592, Mhz Limit: 2592
Processor Information for processor 7
  Max Mhz: 2592, Current Mhz: 1495, Mhz Limit: 2592
Processor Information for processor 8
  Max Mhz: 2592, Current Mhz: 2592, Mhz Limit: 2592
Processor Information for processor 9
  Max Mhz: 2592, Current Mhz: 1495, Mhz Limit: 2592
Processor Information for processor 10
  Max Mhz: 2592, Current Mhz: 1495, Mhz Limit: 2592
Processor Information for processor 11
  Max Mhz: 2592, Current Mhz: 1495, Mhz Limit: 2592

Memory: 4k page, system-wide physical 16191M (682M free)
TotalPageFile size 16191M (AvailPageFile size 5M)
current process WorkingSet (physical memory assigned to process): 344M, peak: 344M
current process commit charge ("private bytes"): 392M, peak: 405M

vm_info: OpenJDK 64-Bit Server VM (17.0.11+0--11852314) for windows-amd64 JRE (17.0.11+0--11852314), built on May 16 2024 21:29:20 by "androidbuild" with MS VC++ 16.10 / 16.11 (VS2019)

END.
