#
# There is insufficient memory for the Java Runtime Environment to continue.
# Native memory allocation (mmap) failed to map 51380224 bytes. Error detail: G1 virtual space
# Possible reasons:
#   The system is out of physical RAM or swap space
#   This process is running with CompressedOops enabled, and the Java Heap may be blocking the growth of the native heap
# Possible solutions:
#   Reduce memory load on the system
#   Increase physical memory or swap space
#   Check if swap backing store is full
#   Decrease Java heap size (-Xmx/-Xms)
#   Decrease number of Java threads
#   Decrease Java thread stack sizes (-Xss)
#   Set larger code cache with -XX:ReservedCodeCacheSize=
#   JVM is running with Unscaled Compressed Oops mode in which the Java heap is
#     placed in the first 4GB address space. The Java Heap base address is the
#     maximum limit for the native heap growth. Please use -XX:HeapBaseMinAddress
#     to set the Java Heap base and to place the Java Heap above 4GB virtual address.
# This output file may be truncated or incomplete.
#
#  Out of Memory Error (os_windows.cpp:3825), pid=3200, tid=12668
#
# JRE version: OpenJDK Runtime Environment (17.0.11) (build 17.0.11+0--11852314)
# Java VM: OpenJDK 64-Bit Server VM (17.0.11+0--11852314, mixed mode, tiered, compressed oops, compressed class ptrs, g1 gc, windows-amd64)
# No core dump will be written. Minidumps are not enabled by default on client versions of Windows
#

---------------  S U M M A R Y ------------

Command Line: --add-opens=java.base/java.util=ALL-UNNAMED --add-opens=java.base/java.lang=ALL-UNNAMED --add-opens=java.base/java.lang.invoke=ALL-UNNAMED --add-opens=java.prefs/java.util.prefs=ALL-UNNAMED --add-opens=java.base/java.nio.charset=ALL-UNNAMED --add-opens=java.base/java.net=ALL-UNNAMED --add-opens=java.base/java.util.concurrent.atomic=ALL-UNNAMED -Xmx2048m -Dfile.encoding=UTF-8 -Duser.country=US -Duser.language=en -Duser.variant -javaagent:C:\Users\Abdelrahman\.gradle\wrapper\dists\gradle-8.6-bin\afr5mpiioh2wthjmwnkmdsd5w\gradle-8.6\lib\agents\gradle-instrumentation-agent-8.6.jar org.gradle.launcher.daemon.bootstrap.GradleDaemon 8.6

Host: Intel(R) Core(TM) i7-9850H CPU @ 2.60GHz, 12 cores, 15G,  Windows 10 , 64 bit Build 19041 (10.0.19041.5794)
Time: Sun May 18 21:37:19 2025 Egypt Daylight Time elapsed time: 14.272848 seconds (0d 0h 0m 14s)

---------------  T H R E A D  ---------------

Current thread (0x000001e1f613f860):  VMThread "VM Thread" [stack: 0x000000a2f5700000,0x000000a2f5800000] [id=12668]

Stack: [0x000000a2f5700000,0x000000a2f5800000]
Native frames: (J=compiled Java code, j=interpreted, Vv=VM code, C=native code)
V  [jvm.dll+0x687bb9]
V  [jvm.dll+0x84142a]
V  [jvm.dll+0x8430ae]
V  [jvm.dll+0x843713]
V  [jvm.dll+0x24a35f]
V  [jvm.dll+0x684989]
V  [jvm.dll+0x67923a]
V  [jvm.dll+0x30af0b]
V  [jvm.dll+0x3123b6]
V  [jvm.dll+0x361dfe]
V  [jvm.dll+0x36202f]
V  [jvm.dll+0x2e0d38]
V  [jvm.dll+0x2df144]
V  [jvm.dll+0x2de74c]
V  [jvm.dll+0x32305b]
V  [jvm.dll+0x847e0b]
V  [jvm.dll+0x848b42]
V  [jvm.dll+0x84905d]
V  [jvm.dll+0x849434]
V  [jvm.dll+0x849500]
V  [jvm.dll+0x7efa4a]
V  [jvm.dll+0x686a35]
C  [ucrtbase.dll+0x21bb2]
C  [KERNEL32.DLL+0x17374]
C  [ntdll.dll+0x4cc91]

VM_Operation (0x000000a2f70f3550): G1CollectForAllocation, mode: safepoint, requested by thread 0x000001e1fbfe50f0


---------------  P R O C E S S  ---------------

Threads class SMR info:
_java_thread_list=0x000001e1fd89fa40, length=55, elements={
0x000001e1dbe6e2e0, 0x000001e1f6204620, 0x000001e1f61405d0, 0x000001e1f6132110,
0x000001e1f61349f0, 0x000001e1f61352c0, 0x000001e1f6135b90, 0x000001e1f6136790,
0x000001e1f6137550, 0x000001e1f6137e60, 0x000001e1f639edd0, 0x000001e1f649bc40,
0x000001e1fc45ebf0, 0x000001e1fc371110, 0x000001e1fbc01260, 0x000001e1fd0a1660,
0x000001e1fd3f67c0, 0x000001e1fc75cc60, 0x000001e1fbfe50f0, 0x000001e1f63608a0,
0x000001e1f635ef50, 0x000001e1f6360db0, 0x000001e1f635f970, 0x000001e1f6362700,
0x000001e1f635f460, 0x000001e1fca474c0, 0x000001e1fca4e930, 0x000001e1fca49830,
0x000001e1fca4cfe0, 0x000001e1fca4e420, 0x000001e1fca4b180, 0x000001e1fca4c5c0,
0x000001e1fca4d4f0, 0x000001e1fca4cad0, 0x000001e1fca4b690, 0x000001e1fca4da00,
0x000001e1fca4a760, 0x000001e1fca48e10, 0x000001e1fca4a250, 0x000001e1fca4ee40,
0x000001e1fca479d0, 0x000001e1fca49d40, 0x000001e1fca47ee0, 0x000001e1fca483f0,
0x000001e1fd5f22c0, 0x000001e1fd5f0970, 0x000001e1fd5f4630, 0x000001e1fd5f4b40,
0x000001e1fd5f3c10, 0x000001e1fd5f0e80, 0x000001e1fd5f4120, 0x000001e1fd5f2ce0,
0x000001e1fd5f0460, 0x000001e1fd5f5560, 0x000001e1fc85a580
}

Java Threads: ( => current thread )
  0x000001e1dbe6e2e0 JavaThread "main" [_thread_blocked, id=8568, stack(0x000000a2f5100000,0x000000a2f5200000)]
  0x000001e1f6204620 JavaThread "Reference Handler" daemon [_thread_blocked, id=11680, stack(0x000000a2f5800000,0x000000a2f5900000)]
  0x000001e1f61405d0 JavaThread "Finalizer" daemon [_thread_blocked, id=916, stack(0x000000a2f5900000,0x000000a2f5a00000)]
  0x000001e1f6132110 JavaThread "Signal Dispatcher" daemon [_thread_blocked, id=9252, stack(0x000000a2f5a00000,0x000000a2f5b00000)]
  0x000001e1f61349f0 JavaThread "Attach Listener" daemon [_thread_blocked, id=13912, stack(0x000000a2f5b00000,0x000000a2f5c00000)]
  0x000001e1f61352c0 JavaThread "Service Thread" daemon [_thread_blocked, id=10536, stack(0x000000a2f5c00000,0x000000a2f5d00000)]
  0x000001e1f6135b90 JavaThread "Monitor Deflation Thread" daemon [_thread_blocked, id=3440, stack(0x000000a2f5d00000,0x000000a2f5e00000)]
  0x000001e1f6136790 JavaThread "C2 CompilerThread0" daemon [_thread_blocked, id=696, stack(0x000000a2f5e00000,0x000000a2f5f00000)]
  0x000001e1f6137550 JavaThread "C1 CompilerThread0" daemon [_thread_blocked, id=14668, stack(0x000000a2f5f00000,0x000000a2f6000000)]
  0x000001e1f6137e60 JavaThread "Sweeper thread" daemon [_thread_blocked, id=6032, stack(0x000000a2f6000000,0x000000a2f6100000)]
  0x000001e1f639edd0 JavaThread "Common-Cleaner" daemon [_thread_blocked, id=12684, stack(0x000000a2f6100000,0x000000a2f6200000)]
  0x000001e1f649bc40 JavaThread "Notification Thread" daemon [_thread_blocked, id=1640, stack(0x000000a2f6200000,0x000000a2f6300000)]
  0x000001e1fc45ebf0 JavaThread "Daemon health stats" [_thread_blocked, id=5116, stack(0x000000a2f6b00000,0x000000a2f6c00000)]
  0x000001e1fc371110 JavaThread "Incoming local TCP Connector on port 59136" [_thread_in_native, id=14952, stack(0x000000a2f6c00000,0x000000a2f6d00000)]
  0x000001e1fbc01260 JavaThread "Daemon periodic checks" [_thread_blocked, id=12160, stack(0x000000a2f6500000,0x000000a2f6600000)]
  0x000001e1fd0a1660 JavaThread "Daemon" [_thread_blocked, id=5752, stack(0x000000a2f6d00000,0x000000a2f6e00000)]
  0x000001e1fd3f67c0 JavaThread "Handler for socket connection from /127.0.0.1:59136 to /127.0.0.1:59137" [_thread_in_native, id=5936, stack(0x000000a2f6e00000,0x000000a2f6f00000)]
  0x000001e1fc75cc60 JavaThread "Cancel handler" [_thread_blocked, id=1768, stack(0x000000a2f6f00000,0x000000a2f7000000)]
  0x000001e1fbfe50f0 JavaThread "Daemon worker" [_thread_blocked, id=11108, stack(0x000000a2f7000000,0x000000a2f7100000)]
  0x000001e1f63608a0 JavaThread "Asynchronous log dispatcher for DefaultDaemonConnection: socket connection from /127.0.0.1:59136 to /127.0.0.1:59137" [_thread_blocked, id=13356, stack(0x000000a2f7100000,0x000000a2f7200000)]
  0x000001e1f635ef50 JavaThread "Stdin handler" [_thread_blocked, id=11540, stack(0x000000a2f7200000,0x000000a2f7300000)]
  0x000001e1f6360db0 JavaThread "Daemon client event forwarder" [_thread_blocked, id=12028, stack(0x000000a2f7300000,0x000000a2f7400000)]
  0x000001e1f635f970 JavaThread "Cache worker for journal cache (C:\Users\Abdelrahman\.gradle\caches\journal-1)" [_thread_blocked, id=10680, stack(0x000000a2f7a00000,0x000000a2f7b00000)]
  0x000001e1f6362700 JavaThread "File lock request listener" [_thread_in_native, id=2952, stack(0x000000a2f7b00000,0x000000a2f7c00000)]
  0x000001e1f635f460 JavaThread "Cache worker for file hash cache (C:\Users\Abdelrahman\.gradle\caches\8.6\fileHashes)" [_thread_blocked, id=7340, stack(0x000000a2f7c00000,0x000000a2f7d00000)]
  0x000001e1fca474c0 JavaThread "File watcher server" daemon [_thread_in_native, id=5876, stack(0x000000a2f7e00000,0x000000a2f7f00000)]
  0x000001e1fca4e930 JavaThread "File watcher consumer" daemon [_thread_blocked, id=8980, stack(0x000000a2f7f00000,0x000000a2f8000000)]
  0x000001e1fca49830 JavaThread "jar transforms" [_thread_blocked, id=11240, stack(0x000000a2f8000000,0x000000a2f8100000)]
  0x000001e1fca4cfe0 JavaThread "jar transforms Thread 2" [_thread_blocked, id=12656, stack(0x000000a2f8100000,0x000000a2f8200000)]
  0x000001e1fca4e420 JavaThread "jar transforms Thread 3" [_thread_blocked, id=7880, stack(0x000000a2f8200000,0x000000a2f8300000)]
  0x000001e1fca4b180 JavaThread "jar transforms Thread 4" [_thread_blocked, id=4656, stack(0x000000a2f8300000,0x000000a2f8400000)]
  0x000001e1fca4c5c0 JavaThread "jar transforms Thread 5" [_thread_blocked, id=2712, stack(0x000000a2f8400000,0x000000a2f8500000)]
  0x000001e1fca4d4f0 JavaThread "jar transforms Thread 6" [_thread_blocked, id=4480, stack(0x000000a2f8500000,0x000000a2f8600000)]
  0x000001e1fca4cad0 JavaThread "jar transforms Thread 7" [_thread_blocked, id=12436, stack(0x000000a2f8600000,0x000000a2f8700000)]
  0x000001e1fca4b690 JavaThread "jar transforms Thread 8" [_thread_blocked, id=10980, stack(0x000000a2f8700000,0x000000a2f8800000)]
  0x000001e1fca4da00 JavaThread "jar transforms Thread 9" [_thread_blocked, id=10544, stack(0x000000a2f8800000,0x000000a2f8900000)]
  0x000001e1fca4a760 JavaThread "jar transforms Thread 10" [_thread_blocked, id=4880, stack(0x000000a2f8900000,0x000000a2f8a00000)]
  0x000001e1fca48e10 JavaThread "jar transforms Thread 11" [_thread_blocked, id=13360, stack(0x000000a2f8a00000,0x000000a2f8b00000)]
  0x000001e1fca4a250 JavaThread "jar transforms Thread 12" [_thread_blocked, id=8772, stack(0x000000a2f8b00000,0x000000a2f8c00000)]
  0x000001e1fca4ee40 JavaThread "Cache worker for checksums cache (C:\Users\Abdelrahman\AndroidStudioProjects\JobSearchApplication\.gradle\8.6\checksums)" [_thread_blocked, id=11600, stack(0x000000a2f8c00000,0x000000a2f8d00000)]
  0x000001e1fca479d0 JavaThread "Cache worker for file hash cache (C:\Users\Abdelrahman\AndroidStudioProjects\JobSearchApplication\.gradle\8.6\fileHashes)" [_thread_blocked, id=11664, stack(0x000000a2f8d00000,0x000000a2f8e00000)]
  0x000001e1fca49d40 JavaThread "Cache worker for cache directory md-supplier (C:\Users\Abdelrahman\.gradle\caches\8.6\md-supplier)" [_thread_blocked, id=13584, stack(0x000000a2f8e00000,0x000000a2f8f00000)]
  0x000001e1fca47ee0 JavaThread "Cache worker for cache directory md-rule (C:\Users\Abdelrahman\.gradle\caches\8.6\md-rule)" [_thread_blocked, id=2516, stack(0x000000a2f8f00000,0x000000a2f9000000)]
  0x000001e1fca483f0 JavaThread "Cache worker for file content cache (C:\Users\Abdelrahman\.gradle\caches\8.6\fileContent)" [_thread_blocked, id=10440, stack(0x000000a2f9000000,0x000000a2f9100000)]
  0x000001e1fd5f22c0 JavaThread "Unconstrained build operations" [_thread_blocked, id=7656, stack(0x000000a2f9100000,0x000000a2f9200000)]
  0x000001e1fd5f0970 JavaThread "Unconstrained build operations Thread 2" [_thread_blocked, id=9756, stack(0x000000a2f9200000,0x000000a2f9300000)]
  0x000001e1fd5f4630 JavaThread "Unconstrained build operations Thread 3" [_thread_blocked, id=9716, stack(0x000000a2f6400000,0x000000a2f6500000)]
  0x000001e1fd5f4b40 JavaThread "Unconstrained build operations Thread 4" [_thread_blocked, id=14184, stack(0x000000a2f7d00000,0x000000a2f7e00000)]
  0x000001e1fd5f3c10 JavaThread "Unconstrained build operations Thread 5" [_thread_blocked, id=9256, stack(0x000000a2f9300000,0x000000a2f9400000)]
  0x000001e1fd5f0e80 JavaThread "Unconstrained build operations Thread 6" [_thread_blocked, id=15188, stack(0x000000a2f9400000,0x000000a2f9500000)]
  0x000001e1fd5f4120 JavaThread "Unconstrained build operations Thread 7" [_thread_blocked, id=5904, stack(0x000000a2f9500000,0x000000a2f9600000)]
  0x000001e1fd5f2ce0 JavaThread "Unconstrained build operations Thread 8" [_thread_blocked, id=11976, stack(0x000000a2f9600000,0x000000a2f9700000)]
  0x000001e1fd5f0460 JavaThread "Unconstrained build operations Thread 9" [_thread_blocked, id=4248, stack(0x000000a2f9700000,0x000000a2f9800000)]
  0x000001e1fd5f5560 JavaThread "Unconstrained build operations Thread 10" [_thread_blocked, id=5436, stack(0x000000a2f9800000,0x000000a2f9900000)]
  0x000001e1fc85a580 JavaThread "C2 CompilerThread1" daemon [_thread_blocked, id=14676, stack(0x000000a2f9900000,0x000000a2f9a00000)]

Other Threads:
=>0x000001e1f613f860 VMThread "VM Thread" [stack: 0x000000a2f5700000,0x000000a2f5800000] [id=12668]
  0x000001e1dbe6f2a0 WatcherThread [stack: 0x000000a2f6300000,0x000000a2f6400000] [id=12476]
  0x000001e1dbecbbb0 GCTaskThread "GC Thread#0" [stack: 0x000000a2f5200000,0x000000a2f5300000] [id=12640]
  0x000001e1fb7e8ac0 GCTaskThread "GC Thread#1" [stack: 0x000000a2f6600000,0x000000a2f6700000] [id=10080]
  0x000001e1fb7519f0 GCTaskThread "GC Thread#2" [stack: 0x000000a2f6700000,0x000000a2f6800000] [id=10404]
  0x000001e1fb751cb0 GCTaskThread "GC Thread#3" [stack: 0x000000a2f6800000,0x000000a2f6900000] [id=14712]
  0x000001e1fbf12570 GCTaskThread "GC Thread#4" [stack: 0x000000a2f6900000,0x000000a2f6a00000] [id=7220]
  0x000001e1fbf12830 GCTaskThread "GC Thread#5" [stack: 0x000000a2f6a00000,0x000000a2f6b00000] [id=14056]
  0x000001e1fbca05b0 GCTaskThread "GC Thread#6" [stack: 0x000000a2f7400000,0x000000a2f7500000] [id=13408]
  0x000001e1fbfe55d0 GCTaskThread "GC Thread#7" [stack: 0x000000a2f7500000,0x000000a2f7600000] [id=14612]
  0x000001e1fbcd58e0 GCTaskThread "GC Thread#8" [stack: 0x000000a2f7600000,0x000000a2f7700000] [id=7748]
  0x000001e1fbcd5e60 GCTaskThread "GC Thread#9" [stack: 0x000000a2f7700000,0x000000a2f7800000] [id=7064]
  0x000001e1dbedda20 ConcurrentGCThread "G1 Main Marker" [stack: 0x000000a2f5300000,0x000000a2f5400000] [id=13948]
  0x000001e1dbede350 ConcurrentGCThread "G1 Conc#0" [stack: 0x000000a2f5400000,0x000000a2f5500000] [id=3172]
  0x000001e1fbcd6120 ConcurrentGCThread "G1 Conc#1" [stack: 0x000000a2f7800000,0x000000a2f7900000] [id=13244]
  0x000001e1fbcd5ba0 ConcurrentGCThread "G1 Conc#2" [stack: 0x000000a2f7900000,0x000000a2f7a00000] [id=8012]
  0x000001e1dbf2e380 ConcurrentGCThread "G1 Refine#0" [stack: 0x000000a2f5500000,0x000000a2f5600000] [id=13136]
  0x000001e180279370 ConcurrentGCThread "G1 Refine#1" [stack: 0x000000a2f9b00000,0x000000a2f9c00000] [id=9408]
  0x000001e180279080 ConcurrentGCThread "G1 Refine#2" [stack: 0x000000a2f9c00000,0x000000a2f9d00000] [id=14996]
  0x000001e180279950 ConcurrentGCThread "G1 Refine#3" [stack: 0x000000a2f9d00000,0x000000a2f9e00000] [id=4516]
  0x000001e180279660 ConcurrentGCThread "G1 Refine#4" [stack: 0x000000a2f9e00000,0x000000a2f9f00000] [id=8920]
  0x000001e180279c40 ConcurrentGCThread "G1 Refine#5" [stack: 0x000000a2f9f00000,0x000000a2fa000000] [id=12444]
  0x000001e1fd9f0fe0 ConcurrentGCThread "G1 Refine#6" [stack: 0x000000a2fa000000,0x000000a2fa100000] [id=6828]
  0x000001e1fd9ed810 ConcurrentGCThread "G1 Refine#7" [stack: 0x000000a2fa100000,0x000000a2fa200000] [id=8304]
  0x000001e1fd9edb00 ConcurrentGCThread "G1 Refine#8" [stack: 0x000000a2fa200000,0x000000a2fa300000] [id=12044]
  0x000001e1f60280b0 ConcurrentGCThread "G1 Service" [stack: 0x000000a2f5600000,0x000000a2f5700000] [id=13796]

Threads with active compile tasks:
C2 CompilerThread1    14322 7254       4       org.jetbrains.kotlin.cli.jvm.index.JvmDependenciesIndexImpl::search (374 bytes)

VM state: at safepoint (normal execution)

VM Mutex/Monitor currently owned by a thread:  ([mutex/lock_event])
[0x000001e1dbe69c20] Threads_lock - owner thread: 0x000001e1f613f860
[0x000001e1dbe6ab50] Heap_lock - owner thread: 0x000001e1fbfe50f0

Heap address: 0x0000000080000000, size: 2048 MB, Compressed Oops mode: 32-bit

CDS archive(s) not mapped
Compressed class space mapped at: 0x0000000100000000-0x0000000140000000, reserved size: 1073741824
Narrow klass base: 0x0000000000000000, Narrow klass shift: 3, Narrow klass range: 0x140000000

GC Precious Log:
 CPUs: 12 total, 12 available
 Memory: 16191M
 Large Page Support: Disabled
 NUMA Support: Disabled
 Compressed Oops: Enabled (32-bit)
 Heap Region Size: 1M
 Heap Min Capacity: 8M
 Heap Initial Capacity: 254M
 Heap Max Capacity: 2G
 Pre-touch: Disabled
 Parallel Workers: 10
 Concurrent Workers: 3
 Concurrent Refinement Workers: 10
 Periodic GC: Disabled

Heap:
 garbage-first heap   total 209920K, used 104632K [0x0000000080000000, 0x0000000100000000)
  region size 1024K, 4 young (4096K), 4 survivors (4096K)
 Metaspace       used 96473K, committed 97088K, reserved 1179648K
  class space    used 12784K, committed 13056K, reserved 1048576K

Heap Regions: E=young(eden), S=young(survivor), O=old, HS=humongous(starts), HC=humongous(continues), CS=collection set, F=free, OA=open archive, CA=closed archive, TAMS=top-at-mark-start (previous, next)
|   0|0x0000000080000000, 0x0000000080100000, 0x0000000080100000|100%|HS|  |TAMS 0x0000000080100000, 0x0000000080100000| Complete 
|   1|0x0000000080100000, 0x0000000080200000, 0x0000000080200000|100%|HC|  |TAMS 0x0000000080200000, 0x0000000080200000| Complete 
|   2|0x0000000080200000, 0x0000000080300000, 0x0000000080300000|100%|HC|  |TAMS 0x0000000080300000, 0x0000000080300000| Complete 
|   3|0x0000000080300000, 0x0000000080400000, 0x0000000080400000|100%|HC|  |TAMS 0x0000000080400000, 0x0000000080400000| Complete 
|   4|0x0000000080400000, 0x0000000080500000, 0x0000000080500000|100%| O|  |TAMS 0x0000000080500000, 0x0000000080500000| Untracked 
|   5|0x0000000080500000, 0x0000000080600000, 0x0000000080600000|100%| O|  |TAMS 0x0000000080600000, 0x0000000080600000| Untracked 
|   6|0x0000000080600000, 0x0000000080700000, 0x0000000080700000|100%| O|  |TAMS 0x0000000080700000, 0x0000000080700000| Untracked 
|   7|0x0000000080700000, 0x0000000080800000, 0x0000000080800000|100%| O|  |TAMS 0x0000000080800000, 0x0000000080800000| Untracked 
|   8|0x0000000080800000, 0x0000000080900000, 0x0000000080900000|100%| O|  |TAMS 0x0000000080900000, 0x0000000080900000| Untracked 
|   9|0x0000000080900000, 0x0000000080a00000, 0x0000000080a00000|100%| O|  |TAMS 0x0000000080a00000, 0x0000000080a00000| Untracked 
|  10|0x0000000080a00000, 0x0000000080b00000, 0x0000000080b00000|100%| O|  |TAMS 0x0000000080a00000, 0x0000000080b00000| Untracked 
|  11|0x0000000080b00000, 0x0000000080c00000, 0x0000000080c00000|100%| O|  |TAMS 0x0000000080c00000, 0x0000000080c00000| Untracked 
|  12|0x0000000080c00000, 0x0000000080d00000, 0x0000000080d00000|100%| O|  |TAMS 0x0000000080d00000, 0x0000000080d00000| Untracked 
|  13|0x0000000080d00000, 0x0000000080e00000, 0x0000000080e00000|100%| O|  |TAMS 0x0000000080e00000, 0x0000000080e00000| Untracked 
|  14|0x0000000080e00000, 0x0000000080f00000, 0x0000000080f00000|100%| O|  |TAMS 0x0000000080f00000, 0x0000000080f00000| Untracked 
|  15|0x0000000080f00000, 0x0000000081000000, 0x0000000081000000|100%| O|  |TAMS 0x0000000081000000, 0x0000000081000000| Untracked 
|  16|0x0000000081000000, 0x0000000081100000, 0x0000000081100000|100%| O|  |TAMS 0x0000000081100000, 0x0000000081100000| Untracked 
|  17|0x0000000081100000, 0x0000000081200000, 0x0000000081200000|100%| O|  |TAMS 0x0000000081200000, 0x0000000081200000| Untracked 
|  18|0x0000000081200000, 0x0000000081300000, 0x0000000081300000|100%| O|  |TAMS 0x0000000081300000, 0x0000000081300000| Untracked 
|  19|0x0000000081300000, 0x0000000081400000, 0x0000000081400000|100%| O|  |TAMS 0x0000000081400000, 0x0000000081400000| Untracked 
|  20|0x0000000081400000, 0x0000000081500000, 0x0000000081500000|100%|HS|  |TAMS 0x0000000081500000, 0x0000000081500000| Complete 
|  21|0x0000000081500000, 0x0000000081600000, 0x0000000081600000|100%|HC|  |TAMS 0x0000000081600000, 0x0000000081600000| Complete 
|  22|0x0000000081600000, 0x0000000081700000, 0x0000000081700000|100%|HC|  |TAMS 0x0000000081700000, 0x0000000081700000| Complete 
|  23|0x0000000081700000, 0x0000000081800000, 0x0000000081800000|100%|HC|  |TAMS 0x0000000081800000, 0x0000000081800000| Complete 
|  24|0x0000000081800000, 0x0000000081900000, 0x0000000081900000|100%|HC|  |TAMS 0x0000000081900000, 0x0000000081900000| Complete 
|  25|0x0000000081900000, 0x0000000081a00000, 0x0000000081a00000|100%|HS|  |TAMS 0x0000000081a00000, 0x0000000081a00000| Complete 
|  26|0x0000000081a00000, 0x0000000081b00000, 0x0000000081b00000|100%|HC|  |TAMS 0x0000000081b00000, 0x0000000081b00000| Complete 
|  27|0x0000000081b00000, 0x0000000081c00000, 0x0000000081c00000|100%|HC|  |TAMS 0x0000000081c00000, 0x0000000081c00000| Complete 
|  28|0x0000000081c00000, 0x0000000081d00000, 0x0000000081d00000|100%|HS|  |TAMS 0x0000000081d00000, 0x0000000081d00000| Complete 
|  29|0x0000000081d00000, 0x0000000081e00000, 0x0000000081e00000|100%|HC|  |TAMS 0x0000000081e00000, 0x0000000081e00000| Complete 
|  30|0x0000000081e00000, 0x0000000081f00000, 0x0000000081f00000|100%|HC|  |TAMS 0x0000000081f00000, 0x0000000081f00000| Complete 
|  31|0x0000000081f00000, 0x0000000082000000, 0x0000000082000000|100%| O|  |TAMS 0x0000000082000000, 0x0000000082000000| Untracked 
|  32|0x0000000082000000, 0x0000000082100000, 0x0000000082100000|100%| O|  |TAMS 0x0000000082100000, 0x0000000082100000| Untracked 
|  33|0x0000000082100000, 0x0000000082200000, 0x0000000082200000|100%|HS|  |TAMS 0x0000000082200000, 0x0000000082200000| Complete 
|  34|0x0000000082200000, 0x0000000082300000, 0x0000000082300000|100%| O|  |TAMS 0x0000000082300000, 0x0000000082300000| Untracked 
|  35|0x0000000082300000, 0x0000000082400000, 0x0000000082400000|100%| O|  |TAMS 0x0000000082400000, 0x0000000082400000| Untracked 
|  36|0x0000000082400000, 0x0000000082500000, 0x0000000082500000|100%| O|  |TAMS 0x0000000082500000, 0x0000000082500000| Untracked 
|  37|0x0000000082500000, 0x0000000082600000, 0x0000000082600000|100%| O|  |TAMS 0x0000000082600000, 0x0000000082600000| Untracked 
|  38|0x0000000082600000, 0x0000000082700000, 0x0000000082700000|100%| O|  |TAMS 0x0000000082700000, 0x0000000082700000| Untracked 
|  39|0x0000000082700000, 0x0000000082700000, 0x0000000082800000|  0%| F|  |TAMS 0x0000000082700000, 0x0000000082700000| Untracked 
|  40|0x0000000082800000, 0x0000000082900000, 0x0000000082900000|100%| O|  |TAMS 0x0000000082900000, 0x0000000082900000| Untracked 
|  41|0x0000000082900000, 0x0000000082a00000, 0x0000000082a00000|100%| O|  |TAMS 0x0000000082a00000, 0x0000000082a00000| Untracked 
|  42|0x0000000082a00000, 0x0000000082b00000, 0x0000000082b00000|100%| O|  |TAMS 0x0000000082b00000, 0x0000000082b00000| Untracked 
|  43|0x0000000082b00000, 0x0000000082c00000, 0x0000000082c00000|100%| O|  |TAMS 0x0000000082c00000, 0x0000000082c00000| Untracked 
|  44|0x0000000082c00000, 0x0000000082d00000, 0x0000000082d00000|100%| O|  |TAMS 0x0000000082d00000, 0x0000000082d00000| Untracked 
|  45|0x0000000082d00000, 0x0000000082e00000, 0x0000000082e00000|100%| O|  |TAMS 0x0000000082e00000, 0x0000000082e00000| Untracked 
|  46|0x0000000082e00000, 0x0000000082f00000, 0x0000000082f00000|100%| O|  |TAMS 0x0000000082f00000, 0x0000000082f00000| Untracked 
|  47|0x0000000082f00000, 0x0000000083000000, 0x0000000083000000|100%| O|  |TAMS 0x0000000083000000, 0x0000000083000000| Untracked 
|  48|0x0000000083000000, 0x0000000083100000, 0x0000000083100000|100%| O|  |TAMS 0x0000000083100000, 0x0000000083100000| Untracked 
|  49|0x0000000083100000, 0x0000000083200000, 0x0000000083200000|100%| O|  |TAMS 0x0000000083200000, 0x0000000083200000| Untracked 
|  50|0x0000000083200000, 0x0000000083300000, 0x0000000083300000|100%| O|  |TAMS 0x0000000083300000, 0x0000000083300000| Untracked 
|  51|0x0000000083300000, 0x0000000083400000, 0x0000000083400000|100%|HS|  |TAMS 0x0000000083400000, 0x0000000083400000| Complete 
|  52|0x0000000083400000, 0x0000000083500000, 0x0000000083500000|100%|HC|  |TAMS 0x0000000083500000, 0x0000000083500000| Complete 
|  53|0x0000000083500000, 0x0000000083600000, 0x0000000083600000|100%|HC|  |TAMS 0x0000000083600000, 0x0000000083600000| Complete 
|  54|0x0000000083600000, 0x0000000083700000, 0x0000000083700000|100%|HS|  |TAMS 0x0000000083700000, 0x0000000083700000| Complete 
|  55|0x0000000083700000, 0x0000000083800000, 0x0000000083800000|100%|HC|  |TAMS 0x0000000083800000, 0x0000000083800000| Complete 
|  56|0x0000000083800000, 0x0000000083900000, 0x0000000083900000|100%|HC|  |TAMS 0x0000000083900000, 0x0000000083900000| Complete 
|  57|0x0000000083900000, 0x0000000083a00000, 0x0000000083a00000|100%|HC|  |TAMS 0x0000000083a00000, 0x0000000083a00000| Complete 
|  58|0x0000000083a00000, 0x0000000083b00000, 0x0000000083b00000|100%|HC|  |TAMS 0x0000000083b00000, 0x0000000083b00000| Complete 
|  59|0x0000000083b00000, 0x0000000083c00000, 0x0000000083c00000|100%|HS|  |TAMS 0x0000000083c00000, 0x0000000083c00000| Complete 
|  60|0x0000000083c00000, 0x0000000083d00000, 0x0000000083d00000|100%|HC|  |TAMS 0x0000000083d00000, 0x0000000083d00000| Complete 
|  61|0x0000000083d00000, 0x0000000083e00000, 0x0000000083e00000|100%|HC|  |TAMS 0x0000000083e00000, 0x0000000083e00000| Complete 
|  62|0x0000000083e00000, 0x0000000083f00000, 0x0000000083f00000|100%|HC|  |TAMS 0x0000000083f00000, 0x0000000083f00000| Complete 
|  63|0x0000000083f00000, 0x0000000084000000, 0x0000000084000000|100%|HC|  |TAMS 0x0000000084000000, 0x0000000084000000| Complete 
|  64|0x0000000084000000, 0x0000000084100000, 0x0000000084100000|100%| O|  |TAMS 0x0000000084100000, 0x0000000084100000| Untracked 
|  65|0x0000000084100000, 0x0000000084200000, 0x0000000084200000|100%| O|  |TAMS 0x0000000084200000, 0x0000000084200000| Untracked 
|  66|0x0000000084200000, 0x0000000084300000, 0x0000000084300000|100%| O|  |TAMS 0x0000000084300000, 0x0000000084300000| Untracked 
|  67|0x0000000084300000, 0x0000000084400000, 0x0000000084400000|100%| O|  |TAMS 0x0000000084400000, 0x0000000084400000| Untracked 
|  68|0x0000000084400000, 0x0000000084500000, 0x0000000084500000|100%| O|  |TAMS 0x0000000084500000, 0x0000000084500000| Untracked 
|  69|0x0000000084500000, 0x0000000084600000, 0x0000000084600000|100%| O|  |TAMS 0x0000000084600000, 0x0000000084600000| Untracked 
|  70|0x0000000084600000, 0x0000000084700000, 0x0000000084700000|100%| O|  |TAMS 0x0000000084700000, 0x0000000084700000| Untracked 
|  71|0x0000000084700000, 0x0000000084800000, 0x0000000084800000|100%| O|  |TAMS 0x0000000084800000, 0x0000000084800000| Untracked 
|  72|0x0000000084800000, 0x0000000084900000, 0x0000000084900000|100%| O|  |TAMS 0x0000000084900000, 0x0000000084900000| Untracked 
|  73|0x0000000084900000, 0x0000000084a00000, 0x0000000084a00000|100%| O|  |TAMS 0x0000000084a00000, 0x0000000084a00000| Untracked 
|  74|0x0000000084a00000, 0x0000000084b00000, 0x0000000084b00000|100%| O|  |TAMS 0x0000000084b00000, 0x0000000084b00000| Untracked 
|  75|0x0000000084b00000, 0x0000000084c00000, 0x0000000084c00000|100%|HS|  |TAMS 0x0000000084c00000, 0x0000000084c00000| Complete 
|  76|0x0000000084c00000, 0x0000000084d00000, 0x0000000084d00000|100%| O|  |TAMS 0x0000000084d00000, 0x0000000084d00000| Untracked 
|  77|0x0000000084d00000, 0x0000000084e00000, 0x0000000084e00000|100%| O|  |TAMS 0x0000000084e00000, 0x0000000084e00000| Untracked 
|  78|0x0000000084e00000, 0x0000000084f00000, 0x0000000084f00000|100%| O|  |TAMS 0x0000000084f00000, 0x0000000084f00000| Untracked 
|  79|0x0000000084f00000, 0x0000000085000000, 0x0000000085000000|100%| O|  |TAMS 0x0000000085000000, 0x0000000085000000| Untracked 
|  80|0x0000000085000000, 0x0000000085100000, 0x0000000085100000|100%| O|  |TAMS 0x0000000085100000, 0x0000000085100000| Untracked 
|  81|0x0000000085100000, 0x0000000085200000, 0x0000000085200000|100%| O|  |TAMS 0x0000000085200000, 0x0000000085200000| Untracked 
|  82|0x0000000085200000, 0x0000000085300000, 0x0000000085300000|100%| O|  |TAMS 0x0000000085300000, 0x0000000085300000| Untracked 
|  83|0x0000000085300000, 0x0000000085400000, 0x0000000085400000|100%|HS|  |TAMS 0x0000000085400000, 0x0000000085400000| Complete 
|  84|0x0000000085400000, 0x0000000085500000, 0x0000000085500000|100%|HC|  |TAMS 0x0000000085500000, 0x0000000085500000| Complete 
|  85|0x0000000085500000, 0x0000000085600000, 0x0000000085600000|100%|HC|  |TAMS 0x0000000085600000, 0x0000000085600000| Complete 
|  86|0x0000000085600000, 0x0000000085700000, 0x0000000085700000|100%|HC|  |TAMS 0x0000000085700000, 0x0000000085700000| Complete 
|  87|0x0000000085700000, 0x0000000085800000, 0x0000000085800000|100%|HC|  |TAMS 0x0000000085800000, 0x0000000085800000| Complete 
|  88|0x0000000085800000, 0x0000000085900000, 0x0000000085900000|100%|HC|  |TAMS 0x0000000085900000, 0x0000000085900000| Complete 
|  89|0x0000000085900000, 0x0000000085a00000, 0x0000000085a00000|100%| O|  |TAMS 0x0000000085a00000, 0x0000000085a00000| Untracked 
|  90|0x0000000085a00000, 0x0000000085b00000, 0x0000000085b00000|100%| O|  |TAMS 0x0000000085b00000, 0x0000000085b00000| Untracked 
|  91|0x0000000085b00000, 0x0000000085c00000, 0x0000000085c00000|100%| O|  |TAMS 0x0000000085c00000, 0x0000000085c00000| Untracked 
|  92|0x0000000085c00000, 0x0000000085d00000, 0x0000000085d00000|100%| O|  |TAMS 0x0000000085d00000, 0x0000000085d00000| Untracked 
|  93|0x0000000085d00000, 0x0000000085e00000, 0x0000000085e00000|100%| O|  |TAMS 0x0000000085e00000, 0x0000000085e00000| Untracked 
|  94|0x0000000085e00000, 0x0000000085f00000, 0x0000000085f00000|100%| O|  |TAMS 0x0000000085f00000, 0x0000000085f00000| Untracked 
|  95|0x0000000085f00000, 0x0000000086000000, 0x0000000086000000|100%| O|  |TAMS 0x0000000086000000, 0x0000000086000000| Untracked 
|  96|0x0000000086000000, 0x0000000086100000, 0x0000000086100000|100%| O|  |TAMS 0x00000000860fa800, 0x0000000086100000| Untracked 
|  97|0x0000000086100000, 0x0000000086200000, 0x0000000086200000|100%| O|  |TAMS 0x0000000086100000, 0x0000000086200000| Untracked 
|  98|0x0000000086200000, 0x0000000086300000, 0x0000000086300000|100%| O|  |TAMS 0x0000000086200000, 0x0000000086300000| Untracked 
|  99|0x0000000086300000, 0x0000000086398e00, 0x0000000086400000| 59%| O|  |TAMS 0x0000000086300000, 0x0000000086398e00| Untracked 
| 100|0x0000000086400000, 0x0000000086400000, 0x0000000086500000|  0%| F|  |TAMS 0x0000000086400000, 0x0000000086400000| Untracked 
| 101|0x0000000086500000, 0x0000000086500000, 0x0000000086600000|  0%| F|  |TAMS 0x0000000086500000, 0x0000000086500000| Untracked 
| 102|0x0000000086600000, 0x0000000086600000, 0x0000000086700000|  0%| F|  |TAMS 0x0000000086600000, 0x0000000086600000| Untracked 
| 103|0x0000000086700000, 0x0000000086700000, 0x0000000086800000|  0%| F|  |TAMS 0x0000000086700000, 0x0000000086700000| Untracked 
| 104|0x0000000086800000, 0x0000000086800000, 0x0000000086900000|  0%| F|  |TAMS 0x0000000086800000, 0x0000000086800000| Untracked 
| 105|0x0000000086900000, 0x0000000086900000, 0x0000000086a00000|  0%| F|  |TAMS 0x0000000086900000, 0x0000000086900000| Untracked 
| 106|0x0000000086a00000, 0x0000000086a00000, 0x0000000086b00000|  0%| F|  |TAMS 0x0000000086a00000, 0x0000000086a00000| Untracked 
| 107|0x0000000086b00000, 0x0000000086b00000, 0x0000000086c00000|  0%| F|  |TAMS 0x0000000086b00000, 0x0000000086b00000| Untracked 
| 108|0x0000000086c00000, 0x0000000086c00000, 0x0000000086d00000|  0%| F|  |TAMS 0x0000000086c00000, 0x0000000086c00000| Untracked 
| 109|0x0000000086d00000, 0x0000000086d00000, 0x0000000086e00000|  0%| F|  |TAMS 0x0000000086d00000, 0x0000000086d00000| Untracked 
| 110|0x0000000086e00000, 0x0000000086e00000, 0x0000000086f00000|  0%| F|  |TAMS 0x0000000086e00000, 0x0000000086e00000| Untracked 
| 111|0x0000000086f00000, 0x0000000086f00000, 0x0000000087000000|  0%| F|  |TAMS 0x0000000086f00000, 0x0000000086f00000| Untracked 
| 112|0x0000000087000000, 0x0000000087000000, 0x0000000087100000|  0%| F|  |TAMS 0x0000000087000000, 0x0000000087000000| Untracked 
| 113|0x0000000087100000, 0x0000000087100000, 0x0000000087200000|  0%| F|  |TAMS 0x0000000087100000, 0x0000000087100000| Untracked 
| 114|0x0000000087200000, 0x0000000087200000, 0x0000000087300000|  0%| F|  |TAMS 0x0000000087200000, 0x0000000087200000| Untracked 
| 115|0x0000000087300000, 0x0000000087300000, 0x0000000087400000|  0%| F|  |TAMS 0x0000000087300000, 0x0000000087300000| Untracked 
| 116|0x0000000087400000, 0x0000000087400000, 0x0000000087500000|  0%| F|  |TAMS 0x0000000087400000, 0x0000000087400000| Untracked 
| 117|0x0000000087500000, 0x0000000087500000, 0x0000000087600000|  0%| F|  |TAMS 0x0000000087500000, 0x0000000087500000| Untracked 
| 118|0x0000000087600000, 0x0000000087600000, 0x0000000087700000|  0%| F|  |TAMS 0x0000000087600000, 0x0000000087600000| Untracked 
| 119|0x0000000087700000, 0x0000000087700000, 0x0000000087800000|  0%| F|  |TAMS 0x0000000087700000, 0x0000000087700000| Untracked 
| 120|0x0000000087800000, 0x0000000087800000, 0x0000000087900000|  0%| F|  |TAMS 0x0000000087800000, 0x0000000087800000| Untracked 
| 121|0x0000000087900000, 0x0000000087900000, 0x0000000087a00000|  0%| F|  |TAMS 0x0000000087900000, 0x0000000087900000| Untracked 
| 122|0x0000000087a00000, 0x0000000087a00000, 0x0000000087b00000|  0%| F|  |TAMS 0x0000000087a00000, 0x0000000087a00000| Untracked 
| 123|0x0000000087b00000, 0x0000000087b00000, 0x0000000087c00000|  0%| F|  |TAMS 0x0000000087b00000, 0x0000000087b00000| Untracked 
| 124|0x0000000087c00000, 0x0000000087c00000, 0x0000000087d00000|  0%| F|  |TAMS 0x0000000087c00000, 0x0000000087c00000| Untracked 
| 125|0x0000000087d00000, 0x0000000087d00000, 0x0000000087e00000|  0%| F|  |TAMS 0x0000000087d00000, 0x0000000087d00000| Untracked 
| 126|0x0000000087e00000, 0x0000000087e00000, 0x0000000087f00000|  0%| F|  |TAMS 0x0000000087e00000, 0x0000000087e00000| Untracked 
| 127|0x0000000087f00000, 0x0000000087f00000, 0x0000000088000000|  0%| F|  |TAMS 0x0000000087f00000, 0x0000000087f00000| Untracked 
| 128|0x0000000088000000, 0x00000000880955f8, 0x0000000088100000| 58%| S|CS|TAMS 0x0000000088000000, 0x0000000088000000| Complete 
| 129|0x0000000088100000, 0x0000000088200000, 0x0000000088200000|100%| S|CS|TAMS 0x0000000088100000, 0x0000000088100000| Complete 
| 130|0x0000000088200000, 0x0000000088300000, 0x0000000088300000|100%| S|CS|TAMS 0x0000000088200000, 0x0000000088200000| Complete 
| 131|0x0000000088300000, 0x0000000088400000, 0x0000000088400000|100%| S|CS|TAMS 0x0000000088300000, 0x0000000088300000| Complete 
| 132|0x0000000088400000, 0x0000000088400000, 0x0000000088500000|  0%| F|  |TAMS 0x0000000088400000, 0x0000000088400000| Untracked 
| 133|0x0000000088500000, 0x0000000088500000, 0x0000000088600000|  0%| F|  |TAMS 0x0000000088500000, 0x0000000088500000| Untracked 
| 134|0x0000000088600000, 0x0000000088600000, 0x0000000088700000|  0%| F|  |TAMS 0x0000000088600000, 0x0000000088600000| Untracked 
| 135|0x0000000088700000, 0x0000000088700000, 0x0000000088800000|  0%| F|  |TAMS 0x0000000088700000, 0x0000000088700000| Untracked 
| 136|0x0000000088800000, 0x0000000088800000, 0x0000000088900000|  0%| F|  |TAMS 0x0000000088800000, 0x0000000088800000| Untracked 
| 137|0x0000000088900000, 0x0000000088900000, 0x0000000088a00000|  0%| F|  |TAMS 0x0000000088900000, 0x0000000088900000| Untracked 
| 138|0x0000000088a00000, 0x0000000088a00000, 0x0000000088b00000|  0%| F|  |TAMS 0x0000000088a00000, 0x0000000088a00000| Untracked 
| 139|0x0000000088b00000, 0x0000000088b00000, 0x0000000088c00000|  0%| F|  |TAMS 0x0000000088b00000, 0x0000000088b00000| Untracked 
| 140|0x0000000088c00000, 0x0000000088c00000, 0x0000000088d00000|  0%| F|  |TAMS 0x0000000088c00000, 0x0000000088c00000| Untracked 
| 141|0x0000000088d00000, 0x0000000088d00000, 0x0000000088e00000|  0%| F|  |TAMS 0x0000000088d00000, 0x0000000088d00000| Untracked 
| 142|0x0000000088e00000, 0x0000000088e00000, 0x0000000088f00000|  0%| F|  |TAMS 0x0000000088e00000, 0x0000000088e00000| Untracked 
| 143|0x0000000088f00000, 0x0000000088f00000, 0x0000000089000000|  0%| F|  |TAMS 0x0000000088f00000, 0x0000000088f00000| Untracked 
| 144|0x0000000089000000, 0x0000000089000000, 0x0000000089100000|  0%| F|  |TAMS 0x0000000089000000, 0x0000000089000000| Untracked 
| 145|0x0000000089100000, 0x0000000089100000, 0x0000000089200000|  0%| F|  |TAMS 0x0000000089100000, 0x0000000089100000| Untracked 
| 146|0x0000000089200000, 0x0000000089200000, 0x0000000089300000|  0%| F|  |TAMS 0x0000000089200000, 0x0000000089200000| Untracked 
| 147|0x0000000089300000, 0x0000000089300000, 0x0000000089400000|  0%| F|  |TAMS 0x0000000089300000, 0x0000000089300000| Untracked 
| 148|0x0000000089400000, 0x0000000089400000, 0x0000000089500000|  0%| F|  |TAMS 0x0000000089400000, 0x0000000089400000| Untracked 
| 149|0x0000000089500000, 0x0000000089500000, 0x0000000089600000|  0%| F|  |TAMS 0x0000000089500000, 0x0000000089500000| Untracked 
| 150|0x0000000089600000, 0x0000000089600000, 0x0000000089700000|  0%| F|  |TAMS 0x0000000089600000, 0x0000000089600000| Untracked 
| 151|0x0000000089700000, 0x0000000089700000, 0x0000000089800000|  0%| F|  |TAMS 0x0000000089700000, 0x0000000089700000| Untracked 
| 152|0x0000000089800000, 0x0000000089800000, 0x0000000089900000|  0%| F|  |TAMS 0x0000000089800000, 0x0000000089800000| Untracked 
| 153|0x0000000089900000, 0x0000000089900000, 0x0000000089a00000|  0%| F|  |TAMS 0x0000000089900000, 0x0000000089900000| Untracked 
| 154|0x0000000089a00000, 0x0000000089a00000, 0x0000000089b00000|  0%| F|  |TAMS 0x0000000089a00000, 0x0000000089a00000| Untracked 
| 155|0x0000000089b00000, 0x0000000089b00000, 0x0000000089c00000|  0%| F|  |TAMS 0x0000000089b00000, 0x0000000089b00000| Untracked 
| 156|0x0000000089c00000, 0x0000000089c00000, 0x0000000089d00000|  0%| F|  |TAMS 0x0000000089c00000, 0x0000000089c00000| Untracked 
| 157|0x0000000089d00000, 0x0000000089d00000, 0x0000000089e00000|  0%| F|  |TAMS 0x0000000089d00000, 0x0000000089d00000| Untracked 
| 158|0x0000000089e00000, 0x0000000089e00000, 0x0000000089f00000|  0%| F|  |TAMS 0x0000000089e00000, 0x0000000089e00000| Untracked 
| 159|0x0000000089f00000, 0x0000000089f00000, 0x000000008a000000|  0%| F|  |TAMS 0x0000000089f00000, 0x0000000089f00000| Untracked 
| 160|0x000000008a000000, 0x000000008a000000, 0x000000008a100000|  0%| F|  |TAMS 0x000000008a000000, 0x000000008a000000| Untracked 
| 161|0x000000008a100000, 0x000000008a100000, 0x000000008a200000|  0%| F|  |TAMS 0x000000008a100000, 0x000000008a100000| Untracked 
| 162|0x000000008a200000, 0x000000008a200000, 0x000000008a300000|  0%| F|  |TAMS 0x000000008a200000, 0x000000008a200000| Untracked 
| 163|0x000000008a300000, 0x000000008a300000, 0x000000008a400000|  0%| F|  |TAMS 0x000000008a300000, 0x000000008a300000| Untracked 
| 164|0x000000008a400000, 0x000000008a400000, 0x000000008a500000|  0%| F|  |TAMS 0x000000008a400000, 0x000000008a400000| Untracked 
| 165|0x000000008a500000, 0x000000008a500000, 0x000000008a600000|  0%| F|  |TAMS 0x000000008a500000, 0x000000008a500000| Untracked 
| 166|0x000000008a600000, 0x000000008a600000, 0x000000008a700000|  0%| F|  |TAMS 0x000000008a600000, 0x000000008a600000| Untracked 
| 167|0x000000008a700000, 0x000000008a700000, 0x000000008a800000|  0%| F|  |TAMS 0x000000008a700000, 0x000000008a700000| Untracked 
| 168|0x000000008a800000, 0x000000008a800000, 0x000000008a900000|  0%| F|  |TAMS 0x000000008a800000, 0x000000008a800000| Untracked 
| 169|0x000000008a900000, 0x000000008a900000, 0x000000008aa00000|  0%| F|  |TAMS 0x000000008a900000, 0x000000008a900000| Untracked 
| 170|0x000000008aa00000, 0x000000008aa00000, 0x000000008ab00000|  0%| F|  |TAMS 0x000000008aa00000, 0x000000008aa00000| Untracked 
| 171|0x000000008ab00000, 0x000000008ab00000, 0x000000008ac00000|  0%| F|  |TAMS 0x000000008ab00000, 0x000000008ab00000| Untracked 
| 172|0x000000008ac00000, 0x000000008ac00000, 0x000000008ad00000|  0%| F|  |TAMS 0x000000008ac00000, 0x000000008ac00000| Untracked 
| 173|0x000000008ad00000, 0x000000008ad00000, 0x000000008ae00000|  0%| F|  |TAMS 0x000000008ad00000, 0x000000008ad00000| Untracked 
| 174|0x000000008ae00000, 0x000000008ae00000, 0x000000008af00000|  0%| F|  |TAMS 0x000000008ae00000, 0x000000008ae00000| Untracked 
| 175|0x000000008af00000, 0x000000008af00000, 0x000000008b000000|  0%| F|  |TAMS 0x000000008af00000, 0x000000008af00000| Untracked 
| 176|0x000000008b000000, 0x000000008b000000, 0x000000008b100000|  0%| F|  |TAMS 0x000000008b000000, 0x000000008b000000| Untracked 
| 177|0x000000008b100000, 0x000000008b100000, 0x000000008b200000|  0%| F|  |TAMS 0x000000008b100000, 0x000000008b100000| Untracked 
| 178|0x000000008b200000, 0x000000008b200000, 0x000000008b300000|  0%| F|  |TAMS 0x000000008b200000, 0x000000008b200000| Untracked 
| 179|0x000000008b300000, 0x000000008b300000, 0x000000008b400000|  0%| F|  |TAMS 0x000000008b300000, 0x000000008b300000| Untracked 
| 180|0x000000008b400000, 0x000000008b400000, 0x000000008b500000|  0%| F|  |TAMS 0x000000008b400000, 0x000000008b400000| Untracked 
| 181|0x000000008b500000, 0x000000008b500000, 0x000000008b600000|  0%| F|  |TAMS 0x000000008b500000, 0x000000008b500000| Untracked 
| 182|0x000000008b600000, 0x000000008b600000, 0x000000008b700000|  0%| F|  |TAMS 0x000000008b600000, 0x000000008b600000| Untracked 
| 183|0x000000008b700000, 0x000000008b700000, 0x000000008b800000|  0%| F|  |TAMS 0x000000008b700000, 0x000000008b700000| Untracked 
| 184|0x000000008b800000, 0x000000008b800000, 0x000000008b900000|  0%| F|  |TAMS 0x000000008b800000, 0x000000008b800000| Untracked 
| 185|0x000000008b900000, 0x000000008b900000, 0x000000008ba00000|  0%| F|  |TAMS 0x000000008b900000, 0x000000008b900000| Untracked 
| 186|0x000000008ba00000, 0x000000008ba00000, 0x000000008bb00000|  0%| F|  |TAMS 0x000000008ba00000, 0x000000008ba00000| Untracked 
| 187|0x000000008bb00000, 0x000000008bb00000, 0x000000008bc00000|  0%| F|  |TAMS 0x000000008bb00000, 0x000000008bb00000| Untracked 
| 188|0x000000008bc00000, 0x000000008bc00000, 0x000000008bd00000|  0%| F|  |TAMS 0x000000008bc00000, 0x000000008bc00000| Untracked 
| 189|0x000000008bd00000, 0x000000008bd00000, 0x000000008be00000|  0%| F|  |TAMS 0x000000008bd00000, 0x000000008bd00000| Untracked 
| 190|0x000000008be00000, 0x000000008be00000, 0x000000008bf00000|  0%| F|  |TAMS 0x000000008be00000, 0x000000008be00000| Untracked 
| 191|0x000000008bf00000, 0x000000008bf00000, 0x000000008c000000|  0%| F|  |TAMS 0x000000008bf00000, 0x000000008bf00000| Untracked 
| 192|0x000000008c000000, 0x000000008c000000, 0x000000008c100000|  0%| F|  |TAMS 0x000000008c000000, 0x000000008c000000| Untracked 
| 193|0x000000008c100000, 0x000000008c100000, 0x000000008c200000|  0%| F|  |TAMS 0x000000008c100000, 0x000000008c100000| Untracked 
| 194|0x000000008c200000, 0x000000008c200000, 0x000000008c300000|  0%| F|  |TAMS 0x000000008c200000, 0x000000008c200000| Untracked 
| 195|0x000000008c300000, 0x000000008c300000, 0x000000008c400000|  0%| F|  |TAMS 0x000000008c300000, 0x000000008c300000| Untracked 
| 196|0x000000008c400000, 0x000000008c400000, 0x000000008c500000|  0%| F|  |TAMS 0x000000008c400000, 0x000000008c400000| Untracked 
| 197|0x000000008c500000, 0x000000008c500000, 0x000000008c600000|  0%| F|  |TAMS 0x000000008c500000, 0x000000008c500000| Untracked 
| 198|0x000000008c600000, 0x000000008c600000, 0x000000008c700000|  0%| F|  |TAMS 0x000000008c600000, 0x000000008c600000| Untracked 
| 199|0x000000008c700000, 0x000000008c700000, 0x000000008c800000|  0%| F|  |TAMS 0x000000008c700000, 0x000000008c700000| Untracked 
| 200|0x000000008c800000, 0x000000008c800000, 0x000000008c900000|  0%| F|  |TAMS 0x000000008c800000, 0x000000008c800000| Untracked 
| 201|0x000000008c900000, 0x000000008c900000, 0x000000008ca00000|  0%| F|  |TAMS 0x000000008c900000, 0x000000008c900000| Untracked 
| 202|0x000000008ca00000, 0x000000008ca00000, 0x000000008cb00000|  0%| F|  |TAMS 0x000000008ca00000, 0x000000008ca00000| Untracked 
| 203|0x000000008cb00000, 0x000000008cb00000, 0x000000008cc00000|  0%| F|  |TAMS 0x000000008cb00000, 0x000000008cb00000| Untracked 
| 253|0x000000008fd00000, 0x000000008fd00000, 0x000000008fe00000|  0%| F|  |TAMS 0x000000008fd00000, 0x000000008fd00000| Untracked 

Card table byte_map: [0x000001e1eeca0000,0x000001e1ef0a0000] _byte_map_base: 0x000001e1ee8a0000

Marking Bits (Prev, Next): (CMBitMap*) 0x000001e1dbecd0f0, (CMBitMap*) 0x000001e1dbecd130
 Prev Bits: [0x000001e1ef4a0000, 0x000001e1f14a0000)
 Next Bits: [0x000001e1f14a0000, 0x000001e1f34a0000)

Polling page: 0x000001e1d9b50000

Metaspace:

Usage:
  Non-class:     81.73 MB used.
      Class:     12.48 MB used.
       Both:     94.21 MB used.

Virtual space:
  Non-class space:      128.00 MB reserved,      82.06 MB ( 64%) committed,  2 nodes.
      Class space:        1.00 GB reserved,      12.75 MB (  1%) committed,  1 nodes.
             Both:        1.12 GB reserved,      94.81 MB (  8%) committed. 

Chunk freelists:
   Non-Class:  13.16 MB
       Class:  3.28 MB
        Both:  16.44 MB

MaxMetaspaceSize: unlimited
CompressedClassSpaceSize: 1.00 GB
Initial GC threshold: 21.00 MB
Current GC threshold: 147.94 MB
CDS: off
MetaspaceReclaimPolicy: balanced
 - commit_granule_bytes: 65536.
 - commit_granule_words: 8192.
 - virtual_space_node_default_size: 8388608.
 - enlarge_chunks_in_place: 1.
 - new_chunks_are_fully_committed: 0.
 - uncommit_free_chunks: 1.
 - use_allocation_guard: 0.
 - handle_deallocations: 1.


Internal statistics:

num_allocs_failed_limit: 3.
num_arena_births: 712.
num_arena_deaths: 0.
num_vsnodes_births: 3.
num_vsnodes_deaths: 0.
num_space_committed: 1515.
num_space_uncommitted: 0.
num_chunks_returned_to_freelist: 3.
num_chunks_taken_from_freelist: 3882.
num_chunk_merges: 0.
num_chunk_splits: 2917.
num_chunks_enlarged: 2356.
num_inconsistent_stats: 0.

CodeHeap 'non-profiled nmethods': size=120000Kb used=4155Kb max_used=4155Kb free=115844Kb
 bounds [0x000001e1e6e20000, 0x000001e1e7230000, 0x000001e1ee350000]
CodeHeap 'profiled nmethods': size=120000Kb used=13847Kb max_used=13847Kb free=106152Kb
 bounds [0x000001e1df350000, 0x000001e1e00e0000, 0x000001e1e6880000]
CodeHeap 'non-nmethods': size=5760Kb used=2439Kb max_used=2485Kb free=3320Kb
 bounds [0x000001e1e6880000, 0x000001e1e6b00000, 0x000001e1e6e20000]
 total_blobs=7609 nmethods=6626 adapters=893
 compilation: enabled
              stopped_count=0, restarted_count=0
 full_count=0

Compilation events (20 events):
Event: 14.188 Thread 0x000001e1f6137550 nmethod 7372 0x000001e1e00d2790 code [0x000001e1e00d2960, 0x000001e1e00d2c78]
Event: 14.188 Thread 0x000001e1f6137550 7374       3       org.jetbrains.kotlin.resolve.BindingTraceContext::getBindingContext (13 bytes)
Event: 14.188 Thread 0x000001e1f6137550 nmethod 7374 0x000001e1e00d2d90 code [0x000001e1e00d2f40, 0x000001e1e00d30c8]
Event: 14.188 Thread 0x000001e1f6137550 7373       3       org.jetbrains.kotlin.cfg.pseudocode.instructions.InstructionImpl::getOwner (9 bytes)
Event: 14.189 Thread 0x000001e1f6137550 nmethod 7373 0x000001e1e00d3190 code [0x000001e1e00d3380, 0x000001e1e00d38c8]
Event: 14.194 Thread 0x000001e1f6137550 7375       3       org.jetbrains.kotlin.com.intellij.util.keyFMap.PairElementsFMap::get (41 bytes)
Event: 14.195 Thread 0x000001e1f6137550 nmethod 7375 0x000001e1e00d3b10 code [0x000001e1e00d3cc0, 0x000001e1e00d3f48]
Event: 14.195 Thread 0x000001e1f6137550 7377       3       org.jetbrains.kotlin.com.intellij.psi.impl.source.tree.SharedImplUtil::getNextSibling (18 bytes)
Event: 14.195 Thread 0x000001e1f6137550 nmethod 7377 0x000001e1e00d4010 code [0x000001e1e00d41e0, 0x000001e1e00d45d8]
Event: 14.195 Thread 0x000001e1f6137550 7376       3       org.jetbrains.kotlin.com.intellij.psi.impl.source.tree.LeafPsiElement::getNextSibling (5 bytes)
Event: 14.195 Thread 0x000001e1f6137550 nmethod 7376 0x000001e1e00d4790 code [0x000001e1e00d4960, 0x000001e1e00d4d48]
Event: 14.201 Thread 0x000001e1f6137550 7378       3       org.jetbrains.kotlin.com.intellij.extapi.psi.ASTDelegatePsiElement::getNextSibling (8 bytes)
Event: 14.202 Thread 0x000001e1f6136790 nmethod 7288 0x000001e1e7228a10 code [0x000001e1e7228dc0, 0x000001e1e722c000]
Event: 14.202 Thread 0x000001e1f6137550 nmethod 7378 0x000001e1e00d4e90 code [0x000001e1e00d5080, 0x000001e1e00d55a8]
Event: 14.202 Thread 0x000001e1f6136790 7353       4       java.lang.String::<init> (15 bytes)
Event: 14.202 Thread 0x000001e1f6137550 7379       3       org.jetbrains.kotlin.psi.KtTreeVisitorVoid::visitElement (16 bytes)
Event: 14.202 Thread 0x000001e1f6137550 nmethod 7379 0x000001e1e00d5790 code [0x000001e1e00d5940, 0x000001e1e00d5b98]
Event: 14.203 Thread 0x000001e1f6136790 nmethod 7353 0x000001e1e722e290 code [0x000001e1e722e400, 0x000001e1e722e558]
Event: 14.203 Thread 0x000001e1f6136790 7289       4       org.jetbrains.kotlin.serialization.deserialization.descriptors.DeserializedPackageMemberScope::recordLookup (33 bytes)
Event: 14.206 Thread 0x000001e1f6136790 nmethod 7289 0x000001e1e722e610 code [0x000001e1e722e7a0, 0x000001e1e722e998]

GC Heap History (20 events):
Event: 10.637 GC heap after
{Heap after GC invocations=31 (full 0):
 garbage-first heap   total 152576K, used 73119K [0x0000000080000000, 0x0000000100000000)
  region size 1024K, 4 young (4096K), 4 survivors (4096K)
 Metaspace       used 71358K, committed 71936K, reserved 1114112K
  class space    used 9968K, committed 10240K, reserved 1048576K
}
Event: 11.063 GC heap before
{Heap before GC invocations=32 (full 0):
 garbage-first heap   total 152576K, used 124319K [0x0000000080000000, 0x0000000100000000)
  region size 1024K, 47 young (48128K), 4 survivors (4096K)
 Metaspace       used 72379K, committed 73024K, reserved 1114112K
  class space    used 10074K, committed 10368K, reserved 1048576K
}
Event: 11.074 GC heap after
{Heap after GC invocations=33 (full 0):
 garbage-first heap   total 152576K, used 82883K [0x0000000080000000, 0x0000000100000000)
  region size 1024K, 6 young (6144K), 6 survivors (6144K)
 Metaspace       used 72379K, committed 73024K, reserved 1114112K
  class space    used 10074K, committed 10368K, reserved 1048576K
}
Event: 11.450 GC heap before
{Heap before GC invocations=33 (full 0):
 garbage-first heap   total 152576K, used 108483K [0x0000000080000000, 0x0000000100000000)
  region size 1024K, 32 young (32768K), 6 survivors (6144K)
 Metaspace       used 75836K, committed 76480K, reserved 1179648K
  class space    used 10484K, committed 10752K, reserved 1048576K
}
Event: 11.456 GC heap after
{Heap after GC invocations=34 (full 0):
 garbage-first heap   total 152576K, used 85150K [0x0000000080000000, 0x0000000100000000)
  region size 1024K, 2 young (2048K), 2 survivors (2048K)
 Metaspace       used 75836K, committed 76480K, reserved 1179648K
  class space    used 10484K, committed 10752K, reserved 1048576K
}
Event: 11.853 GC heap before
{Heap before GC invocations=35 (full 0):
 garbage-first heap   total 158720K, used 128158K [0x0000000080000000, 0x0000000100000000)
  region size 1024K, 37 young (37888K), 2 survivors (2048K)
 Metaspace       used 79631K, committed 80256K, reserved 1179648K
  class space    used 10877K, committed 11136K, reserved 1048576K
}
Event: 11.857 GC heap after
{Heap after GC invocations=36 (full 0):
 garbage-first heap   total 158720K, used 94447K [0x0000000080000000, 0x0000000100000000)
  region size 1024K, 4 young (4096K), 4 survivors (4096K)
 Metaspace       used 79631K, committed 80256K, reserved 1179648K
  class space    used 10877K, committed 11136K, reserved 1048576K
}
Event: 12.293 GC heap before
{Heap before GC invocations=36 (full 0):
 garbage-first heap   total 158720K, used 128239K [0x0000000080000000, 0x0000000100000000)
  region size 1024K, 37 young (37888K), 4 survivors (4096K)
 Metaspace       used 83875K, committed 84480K, reserved 1179648K
  class space    used 11281K, committed 11520K, reserved 1048576K
}
Event: 12.299 GC heap after
{Heap after GC invocations=37 (full 0):
 garbage-first heap   total 158720K, used 96187K [0x0000000080000000, 0x0000000100000000)
  region size 1024K, 5 young (5120K), 5 survivors (5120K)
 Metaspace       used 83875K, committed 84480K, reserved 1179648K
  class space    used 11281K, committed 11520K, reserved 1048576K
}
Event: 12.831 GC heap before
{Heap before GC invocations=38 (full 0):
 garbage-first heap   total 168960K, used 128955K [0x0000000080000000, 0x0000000100000000)
  region size 1024K, 37 young (37888K), 5 survivors (5120K)
 Metaspace       used 87730K, committed 88320K, reserved 1179648K
  class space    used 11781K, committed 12032K, reserved 1048576K
}
Event: 12.839 GC heap after
{Heap after GC invocations=39 (full 0):
 garbage-first heap   total 168960K, used 98399K [0x0000000080000000, 0x0000000100000000)
  region size 1024K, 4 young (4096K), 4 survivors (4096K)
 Metaspace       used 87730K, committed 88320K, reserved 1179648K
  class space    used 11781K, committed 12032K, reserved 1048576K
}
Event: 12.940 GC heap before
{Heap before GC invocations=39 (full 0):
 garbage-first heap   total 168960K, used 101471K [0x0000000080000000, 0x0000000100000000)
  region size 1024K, 8 young (8192K), 4 survivors (4096K)
 Metaspace       used 88529K, committed 89152K, reserved 1179648K
  class space    used 11911K, committed 12160K, reserved 1048576K
}
Event: 12.947 GC heap after
{Heap after GC invocations=40 (full 0):
 garbage-first heap   total 168960K, used 98967K [0x0000000080000000, 0x0000000100000000)
  region size 1024K, 1 young (1024K), 1 survivors (1024K)
 Metaspace       used 88529K, committed 89152K, reserved 1179648K
  class space    used 11911K, committed 12160K, reserved 1048576K
}
Event: 13.226 GC heap before
{Heap before GC invocations=40 (full 0):
 garbage-first heap   total 168960K, used 112279K [0x0000000080000000, 0x0000000100000000)
  region size 1024K, 15 young (15360K), 1 survivors (1024K)
 Metaspace       used 90235K, committed 90816K, reserved 1179648K
  class space    used 12109K, committed 12352K, reserved 1048576K
}
Event: 13.230 GC heap after
{Heap after GC invocations=41 (full 0):
 garbage-first heap   total 168960K, used 99361K [0x0000000080000000, 0x0000000100000000)
  region size 1024K, 2 young (2048K), 2 survivors (2048K)
 Metaspace       used 90235K, committed 90816K, reserved 1179648K
  class space    used 12109K, committed 12352K, reserved 1048576K
}
Event: 13.621 GC heap before
{Heap before GC invocations=42 (full 0):
 garbage-first heap   total 188416K, used 141345K [0x0000000080000000, 0x0000000100000000)
  region size 1024K, 42 young (43008K), 2 survivors (2048K)
 Metaspace       used 91905K, committed 92480K, reserved 1179648K
  class space    used 12297K, committed 12544K, reserved 1048576K
}
Event: 13.624 GC heap after
{Heap after GC invocations=43 (full 0):
 garbage-first heap   total 188416K, used 101606K [0x0000000080000000, 0x0000000100000000)
  region size 1024K, 4 young (4096K), 4 survivors (4096K)
 Metaspace       used 91905K, committed 92480K, reserved 1179648K
  class space    used 12297K, committed 12544K, reserved 1048576K
}
Event: 13.686 GC heap before
{Heap before GC invocations=43 (full 0):
 garbage-first heap   total 188416K, used 105702K [0x0000000080000000, 0x0000000100000000)
  region size 1024K, 9 young (9216K), 4 survivors (4096K)
 Metaspace       used 92540K, committed 93120K, reserved 1179648K
  class space    used 12370K, committed 12608K, reserved 1048576K
}
Event: 13.691 GC heap after
{Heap after GC invocations=44 (full 0):
 garbage-first heap   total 188416K, used 101497K [0x0000000080000000, 0x0000000100000000)
  region size 1024K, 1 young (1024K), 1 survivors (1024K)
 Metaspace       used 92540K, committed 93120K, reserved 1179648K
  class space    used 12370K, committed 12608K, reserved 1048576K
}
Event: 14.262 GC heap before
{Heap before GC invocations=44 (full 0):
 garbage-first heap   total 188416K, used 153721K [0x0000000080000000, 0x0000000100000000)
  region size 1024K, 52 young (53248K), 1 survivors (1024K)
 Metaspace       used 96473K, committed 97088K, reserved 1179648K
  class space    used 12784K, committed 13056K, reserved 1048576K
}

Dll operation events (3 events):
Event: 0.017 Loaded shared library C:\Program Files\Android\Android Studio\jbr\bin\java.dll
Event: 0.229 Loaded shared library C:\Program Files\Android\Android Studio\jbr\bin\zip.dll
Event: 0.574 Loaded shared library C:\Program Files\Android\Android Studio\jbr\bin\verify.dll

Deoptimization events (20 events):
Event: 14.083 Thread 0x000001e1fbfe50f0 Uncommon trap: trap_request=0xffffffbe fr.pc=0x000001e1e721f5d4 relative=0x00000000000029f4
Event: 14.083 Thread 0x000001e1fbfe50f0 Uncommon trap: reason=profile_predicate action=maybe_recompile pc=0x000001e1e721f5d4 method=org.jetbrains.kotlin.serialization.deserialization.descriptors.DeserializedPackageMemberScope.hasClass(Lorg/jetbrains/kotlin/name/Name;)Z @ 65 c2
Event: 14.083 Thread 0x000001e1fbfe50f0 DEOPT PACKING pc=0x000001e1e721f5d4 sp=0x000000a2f70ee340
Event: 14.083 Thread 0x000001e1fbfe50f0 DEOPT UNPACKING pc=0x000001e1e68d69a3 sp=0x000000a2f70ee248 mode 2
Event: 14.083 Thread 0x000001e1fbfe50f0 Uncommon trap: trap_request=0xffffffbe fr.pc=0x000001e1e721f5d4 relative=0x00000000000029f4
Event: 14.083 Thread 0x000001e1fbfe50f0 Uncommon trap: reason=profile_predicate action=maybe_recompile pc=0x000001e1e721f5d4 method=org.jetbrains.kotlin.serialization.deserialization.descriptors.DeserializedPackageMemberScope.hasClass(Lorg/jetbrains/kotlin/name/Name;)Z @ 65 c2
Event: 14.083 Thread 0x000001e1fbfe50f0 DEOPT PACKING pc=0x000001e1e721f5d4 sp=0x000000a2f70ef3c0
Event: 14.083 Thread 0x000001e1fbfe50f0 DEOPT UNPACKING pc=0x000001e1e68d69a3 sp=0x000000a2f70ef2c8 mode 2
Event: 14.083 Thread 0x000001e1fbfe50f0 Uncommon trap: trap_request=0xffffffbe fr.pc=0x000001e1e721f5d4 relative=0x00000000000029f4
Event: 14.083 Thread 0x000001e1fbfe50f0 Uncommon trap: reason=profile_predicate action=maybe_recompile pc=0x000001e1e721f5d4 method=org.jetbrains.kotlin.serialization.deserialization.descriptors.DeserializedPackageMemberScope.hasClass(Lorg/jetbrains/kotlin/name/Name;)Z @ 65 c2
Event: 14.084 Thread 0x000001e1fbfe50f0 DEOPT PACKING pc=0x000001e1e721f5d4 sp=0x000000a2f70ef3c0
Event: 14.084 Thread 0x000001e1fbfe50f0 DEOPT UNPACKING pc=0x000001e1e68d69a3 sp=0x000000a2f70ef2c8 mode 2
Event: 14.084 Thread 0x000001e1fbfe50f0 Uncommon trap: trap_request=0xffffffbe fr.pc=0x000001e1e721f5d4 relative=0x00000000000029f4
Event: 14.084 Thread 0x000001e1fbfe50f0 Uncommon trap: reason=profile_predicate action=maybe_recompile pc=0x000001e1e721f5d4 method=org.jetbrains.kotlin.serialization.deserialization.descriptors.DeserializedPackageMemberScope.hasClass(Lorg/jetbrains/kotlin/name/Name;)Z @ 65 c2
Event: 14.084 Thread 0x000001e1fbfe50f0 DEOPT PACKING pc=0x000001e1e721f5d4 sp=0x000000a2f70ef3c0
Event: 14.084 Thread 0x000001e1fbfe50f0 DEOPT UNPACKING pc=0x000001e1e68d69a3 sp=0x000000a2f70ef2c8 mode 2
Event: 14.180 Thread 0x000001e1fbfe50f0 Uncommon trap: trap_request=0xffffffc6 fr.pc=0x000001e1e7127420 relative=0x0000000000000080
Event: 14.180 Thread 0x000001e1fbfe50f0 Uncommon trap: reason=bimorphic_or_optimized_type_check action=maybe_recompile pc=0x000001e1e7127420 method=java.util.Collections$UnmodifiableCollection.size()I @ 4 c2
Event: 14.180 Thread 0x000001e1fbfe50f0 DEOPT PACKING pc=0x000001e1e7127420 sp=0x000000a2f70f1b40
Event: 14.180 Thread 0x000001e1fbfe50f0 DEOPT UNPACKING pc=0x000001e1e68d69a3 sp=0x000000a2f70f1ac8 mode 2

Classes unloaded (0 events):
No events

Classes redefined (0 events):
No events

Internal exceptions (20 events):
Event: 9.333 Thread 0x000001e1fbfe50f0 Implicit null exception at 0x000001e1e6e5d1f2 to 0x000001e1e6e5d80c
Event: 9.432 Thread 0x000001e1fbfe50f0 Implicit null exception at 0x000001e1e6e82672 to 0x000001e1e6e82c8c
Event: 9.622 Thread 0x000001e1fbfe50f0 Exception <a 'sun/nio/fs/WindowsException'{0x0000000088460858}> (0x0000000088460858) 
thrown [s\src\hotspot\share\prims\jni.cpp, line 531]
Event: 9.622 Thread 0x000001e1fbfe50f0 Exception <a 'sun/nio/fs/WindowsException'{0x0000000088462610}> (0x0000000088462610) 
thrown [s\src\hotspot\share\prims\jni.cpp, line 531]
Event: 9.768 Thread 0x000001e1fbfe50f0 Exception <a 'java/lang/NoSuchMethodError'{0x0000000087acf470}: 'long java.lang.invoke.DirectMethodHandle$Holder.invokeStatic(java.lang.Object)'> (0x0000000087acf470) 
thrown [s\src\hotspot\share\interpreter\linkResolver.cpp, line 771]
Event: 9.769 Thread 0x000001e1fbfe50f0 Exception <a 'java/lang/NoSuchMethodError'{0x0000000087ad4058}: 'long java.lang.invoke.DirectMethodHandle$Holder.invokeStaticInit(java.lang.Object)'> (0x0000000087ad4058) 
thrown [s\src\hotspot\share\interpreter\linkResolver.cpp, line 771]
Event: 9.828 Thread 0x000001e1fbfe50f0 Exception <a 'java/lang/NoSuchMethodError'{0x0000000087416048}: 'long java.lang.invoke.Invokers$Holder.invoke_MT(java.lang.Object, java.lang.Object, java.lang.Object, java.lang.Object)'> (0x0000000087416048) 
thrown [s\src\hotspot\share\interpreter\linkResolver.cpp, line 771]
Event: 9.830 Thread 0x000001e1fbfe50f0 Exception <a 'java/lang/NoSuchMethodError'{0x000000008741f3f0}: 'int java.lang.invoke.Invokers$Holder.invoke_MT(java.lang.Object, java.lang.Object, java.lang.Object, java.lang.Object)'> (0x000000008741f3f0) 
thrown [s\src\hotspot\share\interpreter\linkResolver.cpp, line 771]
Event: 9.832 Thread 0x000001e1fbfe50f0 Exception <a 'java/lang/NoSuchMethodError'{0x000000008742fca8}: 'void java.lang.invoke.DelegatingMethodHandle$Holder.reinvoke_L(java.lang.Object, java.lang.Object, java.lang.Object, long, java.lang.Object)'> (0x000000008742fca8) 
thrown [s\src\hotspot\share\interpreter\linkResolver.cpp, line 771]
Event: 9.832 Thread 0x000001e1fbfe50f0 Exception <a 'java/lang/NoSuchMethodError'{0x00000000874385d8}: 'java.lang.Object java.lang.invoke.DirectMethodHandle$Holder.invokeSpecial(java.lang.Object, java.lang.Object, java.lang.Object, java.lang.Object, long)'> (0x00000000874385d8) 
thrown [s\src\hotspot\share\interpreter\linkResolver.cpp, line 771]
Event: 9.834 Thread 0x000001e1fbfe50f0 Exception <a 'java/lang/NoSuchMethodError'{0x0000000087448e58}: 'int java.lang.invoke.DelegatingMethodHandle$Holder.reinvoke_L(java.lang.Object, java.lang.Object, java.lang.Object, long, java.lang.Object, java.lang.Object)'> (0x0000000087448e58) 
thrown [s\src\hotspot\share\interpreter\linkResolver.cpp, line 771]
Event: 9.835 Thread 0x000001e1fbfe50f0 Exception <a 'java/lang/NoSuchMethodError'{0x0000000087458f28}: 'int java.lang.invoke.DelegatingMethodHandle$Holder.reinvoke_L(java.lang.Object, java.lang.Object, java.lang.Object, long, int, int)'> (0x0000000087458f28) 
thrown [s\src\hotspot\share\interpreter\linkResolver.cpp, line 771]
Event: 9.836 Thread 0x000001e1fbfe50f0 Exception <a 'java/lang/NoSuchMethodError'{0x0000000087468da0}: 'int java.lang.invoke.DelegatingMethodHandle$Holder.reinvoke_L(java.lang.Object, java.lang.Object, java.lang.Object, long, long, long)'> (0x0000000087468da0) 
thrown [s\src\hotspot\share\interpreter\linkResolver.cpp, line 771]
Event: 9.838 Thread 0x000001e1fbfe50f0 Exception <a 'java/lang/NoSuchMethodError'{0x00000000874788f8}: 'int java.lang.invoke.DelegatingMethodHandle$Holder.reinvoke_L(java.lang.Object, java.lang.Object, java.lang.Object, long, int)'> (0x00000000874788f8) 
thrown [s\src\hotspot\share\interpreter\linkResolver.cpp, line 771]
Event: 10.260 Thread 0x000001e1fbfe50f0 Exception <a 'java/lang/NoSuchMethodError'{0x0000000087f476c8}: 'void java.lang.invoke.DirectMethodHandle$Holder.invokeVirtual(java.lang.Object, java.lang.Object)'> (0x0000000087f476c8) 
thrown [s\src\hotspot\share\interpreter\linkResolver.cpp, line 771]
Event: 10.518 Thread 0x000001e1fbfe50f0 Exception <a 'java/lang/NoSuchMethodError'{0x0000000087167f50}: 'java.lang.Object java.lang.invoke.Invokers$Holder.invokeExact_MT(java.lang.Object, java.lang.Object, long, java.lang.Object)'> (0x0000000087167f50) 
thrown [s\src\hotspot\share\interpreter\linkResolver.cpp, line 771]
Event: 10.588 Thread 0x000001e1fbfe50f0 Exception <a 'java/lang/NoSuchMethodError'{0x0000000086fd4fc8}: 'java.lang.Object java.lang.invoke.Invokers$Holder.invoke_MT(java.lang.Object, java.lang.Object, java.lang.Object)'> (0x0000000086fd4fc8) 
thrown [s\src\hotspot\share\interpreter\linkResolver.cpp, line 771]
Event: 10.924 Thread 0x000001e1fbfe50f0 Implicit null exception at 0x000001e1e6ed55e3 to 0x000001e1e6ed7720
Event: 10.924 Thread 0x000001e1fbfe50f0 Implicit null exception at 0x000001e1e6e86400 to 0x000001e1e6e87448
Event: 12.969 Thread 0x000001e1fbfe50f0 Exception <a 'java/lang/NoSuchMethodError'{0x000000008fde30e0}: 'java.lang.Object java.lang.invoke.DirectMethodHandle$Holder.invokeStatic(java.lang.Object, java.lang.Object, java.lang.Object, java.lang.Object, int)'> (0x000000008fde30e0) 
thrown [s\src\hotspot\share\interpreter\linkResolver.cpp, line 771]

VM Operations (20 events):
Event: 12.628 Executing VM operation: HandshakeAllThreads done
Event: 12.831 Executing VM operation: G1CollectForAllocation
Event: 12.839 Executing VM operation: G1CollectForAllocation done
Event: 12.940 Executing VM operation: G1CollectForAllocation
Event: 12.947 Executing VM operation: G1CollectForAllocation done
Event: 13.054 Executing VM operation: HandshakeAllThreads
Event: 13.054 Executing VM operation: HandshakeAllThreads done
Event: 13.226 Executing VM operation: G1TryInitiateConcMark
Event: 13.230 Executing VM operation: G1TryInitiateConcMark done
Event: 13.295 Executing VM operation: G1PauseRemark
Event: 13.299 Executing VM operation: G1PauseRemark done
Event: 13.343 Executing VM operation: G1PauseCleanup
Event: 13.344 Executing VM operation: G1PauseCleanup done
Event: 13.620 Executing VM operation: G1CollectForAllocation
Event: 13.624 Executing VM operation: G1CollectForAllocation done
Event: 13.686 Executing VM operation: G1CollectForAllocation
Event: 13.691 Executing VM operation: G1CollectForAllocation done
Event: 13.905 Executing VM operation: ICBufferFull
Event: 13.905 Executing VM operation: ICBufferFull done
Event: 14.261 Executing VM operation: G1CollectForAllocation

Events (20 events):
Event: 12.504 loading class java/text/StringCharacterIterator
Event: 12.505 loading class java/text/CharacterIterator
Event: 12.505 loading class java/text/CharacterIterator done
Event: 12.505 loading class java/text/StringCharacterIterator done
Event: 12.579 loading class java/io/NotSerializableException
Event: 12.579 loading class java/io/NotSerializableException done
Event: 12.627 loading class java/util/AbstractList$ListItr
Event: 12.627 loading class java/util/AbstractList$ListItr done
Event: 12.818 Thread 0x000001e1fe826ed0 Thread exited: 0x000001e1fe826ed0
Event: 12.852 loading class java/util/function/IntUnaryOperator
Event: 12.853 loading class java/util/function/IntUnaryOperator done
Event: 12.923 loading class java/util/AbstractList$SubList
Event: 12.923 loading class java/util/AbstractList$SubList done
Event: 12.923 loading class java/util/AbstractList$SubList$1
Event: 12.924 loading class java/util/AbstractList$SubList$1 done
Event: 13.283 Thread 0x000001e1fc85a580 Thread added: 0x000001e1fc85a580
Event: 13.288 Thread 0x000001e1fe853750 Thread added: 0x000001e1fe853750
Event: 13.834 loading class java/util/AbstractList$RandomAccessSubList
Event: 13.834 loading class java/util/AbstractList$RandomAccessSubList done
Event: 13.919 Thread 0x000001e1fe853750 Thread exited: 0x000001e1fe853750


Dynamic libraries:
0x00007ff69a470000 - 0x00007ff69a47a000 	C:\Program Files\Android\Android Studio\jbr\bin\java.exe
0x00007ff966a30000 - 0x00007ff966c28000 	C:\Windows\SYSTEM32\ntdll.dll
0x00007ff964a60000 - 0x00007ff964b22000 	C:\Windows\System32\KERNEL32.DLL
0x00007ff9646e0000 - 0x00007ff9649d6000 	C:\Windows\System32\KERNELBASE.dll
0x00007ff9643f0000 - 0x00007ff9644f0000 	C:\Windows\System32\ucrtbase.dll
0x00007ff945300000 - 0x00007ff945317000 	C:\Program Files\Android\Android Studio\jbr\bin\jli.dll
0x00007ff9394d0000 - 0x00007ff9394eb000 	C:\Program Files\Android\Android Studio\jbr\bin\VCRUNTIME140.dll
0x00007ff965110000 - 0x00007ff9652ad000 	C:\Windows\System32\USER32.dll
0x00007ff948c80000 - 0x00007ff948f1a000 	C:\Windows\WinSxS\amd64_microsoft.windows.common-controls_6595b64144ccf1df_6.0.19041.5794_none_60bcd33171f2783c\COMCTL32.dll
0x00007ff9642a0000 - 0x00007ff9642c2000 	C:\Windows\System32\win32u.dll
0x00007ff966910000 - 0x00007ff96693b000 	C:\Windows\System32\GDI32.dll
0x00007ff9642d0000 - 0x00007ff9643ea000 	C:\Windows\System32\gdi32full.dll
0x00007ff964200000 - 0x00007ff96429d000 	C:\Windows\System32\msvcp_win.dll
0x00007ff9659b0000 - 0x00007ff965a4e000 	C:\Windows\System32\msvcrt.dll
0x00007ff965b80000 - 0x00007ff965baf000 	C:\Windows\System32\IMM32.DLL
0x00007ff95fea0000 - 0x00007ff95feac000 	C:\Program Files\Android\Android Studio\jbr\bin\vcruntime140_1.dll
0x00007ff91c6d0000 - 0x00007ff91c75d000 	C:\Program Files\Android\Android Studio\jbr\bin\msvcp140.dll
0x00007ff8d6a10000 - 0x00007ff8d7693000 	C:\Program Files\Android\Android Studio\jbr\bin\server\jvm.dll
0x00007ff965060000 - 0x00007ff96510f000 	C:\Windows\System32\ADVAPI32.dll
0x00007ff965a50000 - 0x00007ff965aef000 	C:\Windows\System32\sechost.dll
0x00007ff964be0000 - 0x00007ff964d03000 	C:\Windows\System32\RPCRT4.dll
0x00007ff964180000 - 0x00007ff9641a7000 	C:\Windows\System32\bcrypt.dll
0x00007ff963610000 - 0x00007ff96365b000 	C:\Windows\SYSTEM32\POWRPROF.dll
0x00007ff960890000 - 0x00007ff960899000 	C:\Windows\SYSTEM32\WSOCK32.dll
0x00007ff952c10000 - 0x00007ff952c37000 	C:\Windows\SYSTEM32\WINMM.dll
0x00007ff95fc90000 - 0x00007ff95fc9a000 	C:\Windows\SYSTEM32\VERSION.dll
0x00007ff965860000 - 0x00007ff9658cb000 	C:\Windows\System32\WS2_32.dll
0x00007ff9634d0000 - 0x00007ff9634e2000 	C:\Windows\SYSTEM32\UMPDC.dll
0x00007ff961fa0000 - 0x00007ff961fb2000 	C:\Windows\SYSTEM32\kernel.appcore.dll
0x00007ff95feb0000 - 0x00007ff95feba000 	C:\Program Files\Android\Android Studio\jbr\bin\jimage.dll
0x00007ff961650000 - 0x00007ff961851000 	C:\Windows\SYSTEM32\DBGHELP.DLL
0x00007ff937d60000 - 0x00007ff937d94000 	C:\Windows\SYSTEM32\dbgcore.DLL
0x00007ff9644f0000 - 0x00007ff964572000 	C:\Windows\System32\bcryptPrimitives.dll
0x00007ff9459a0000 - 0x00007ff9459ae000 	C:\Program Files\Android\Android Studio\jbr\bin\instrument.dll
0x00007ff945c30000 - 0x00007ff945c55000 	C:\Program Files\Android\Android Studio\jbr\bin\java.dll
0x00007ff947770000 - 0x00007ff947788000 	C:\Program Files\Android\Android Studio\jbr\bin\zip.dll
0x00007ff965bb0000 - 0x00007ff96631e000 	C:\Windows\System32\SHELL32.dll
0x00007ff962150000 - 0x00007ff9628f3000 	C:\Windows\SYSTEM32\windows.storage.dll
0x00007ff9664a0000 - 0x00007ff9667f3000 	C:\Windows\System32\combase.dll
0x00007ff963b00000 - 0x00007ff963b2b000 	C:\Windows\SYSTEM32\Wldp.dll
0x00007ff965310000 - 0x00007ff9653dd000 	C:\Windows\System32\OLEAUT32.dll
0x00007ff964b30000 - 0x00007ff964bdd000 	C:\Windows\System32\SHCORE.dll
0x00007ff9668a0000 - 0x00007ff9668f5000 	C:\Windows\System32\shlwapi.dll
0x00007ff964000000 - 0x00007ff964025000 	C:\Windows\SYSTEM32\profapi.dll
0x00007ff947660000 - 0x00007ff947679000 	C:\Program Files\Android\Android Studio\jbr\bin\net.dll
0x00007ff95d190000 - 0x00007ff95d29a000 	C:\Windows\SYSTEM32\WINHTTP.dll
0x00007ff963860000 - 0x00007ff9638cc000 	C:\Windows\system32\mswsock.dll
0x00007ff945320000 - 0x00007ff945336000 	C:\Program Files\Android\Android Studio\jbr\bin\nio.dll
0x00007ff95fe90000 - 0x00007ff95fea0000 	C:\Program Files\Android\Android Studio\jbr\bin\verify.dll
0x00007ff95fec0000 - 0x00007ff95fee7000 	C:\Users\Abdelrahman\.gradle\native\c067742578af261105cb4f569cf0c3c89f3d7b1fecec35dd04571415982c5e48\windows-amd64\native-platform.dll
0x00007ff8e91c0000 - 0x00007ff8e9304000 	C:\Users\Abdelrahman\.gradle\native\38dada09dfb8b06ba9b0570ebf7e218e3eb74d4ef43ca46872605cf95ebc2f47\windows-amd64\native-platform-file-events.dll
0x00007ff959ee0000 - 0x00007ff959ee9000 	C:\Program Files\Android\Android Studio\jbr\bin\management.dll
0x00007ff948a50000 - 0x00007ff948a5b000 	C:\Program Files\Android\Android Studio\jbr\bin\management_ext.dll
0x00007ff966900000 - 0x00007ff966908000 	C:\Windows\System32\PSAPI.DLL
0x00007ff963a50000 - 0x00007ff963a68000 	C:\Windows\SYSTEM32\CRYPTSP.dll
0x00007ff963110000 - 0x00007ff963148000 	C:\Windows\system32\rsaenh.dll
0x00007ff963fc0000 - 0x00007ff963fee000 	C:\Windows\SYSTEM32\USERENV.dll
0x00007ff963a70000 - 0x00007ff963a7c000 	C:\Windows\SYSTEM32\CRYPTBASE.dll
0x00007ff9634f0000 - 0x00007ff96352b000 	C:\Windows\SYSTEM32\IPHLPAPI.DLL
0x00007ff964d70000 - 0x00007ff964d78000 	C:\Windows\System32\NSI.dll
0x00007ff95d970000 - 0x00007ff95d987000 	C:\Windows\SYSTEM32\dhcpcsvc6.DLL
0x00007ff95f980000 - 0x00007ff95f99d000 	C:\Windows\SYSTEM32\dhcpcsvc.DLL
0x00007ff963530000 - 0x00007ff9635fa000 	C:\Windows\SYSTEM32\DNSAPI.dll
0x00007ff95b460000 - 0x00007ff95b469000 	C:\Program Files\Android\Android Studio\jbr\bin\extnet.dll
0x00007ff95d830000 - 0x00007ff95d837000 	C:\Windows\system32\wshunix.dll

dbghelp: loaded successfully - version: 4.0.5 - missing functions: none
symbol engine: initialized successfully - sym options: 0x614 - pdb path: .;C:\Program Files\Android\Android Studio\jbr\bin;C:\Windows\SYSTEM32;C:\Windows\WinSxS\amd64_microsoft.windows.common-controls_6595b64144ccf1df_6.0.19041.5794_none_60bcd33171f2783c;C:\Program Files\Android\Android Studio\jbr\bin\server;C:\Users\Abdelrahman\.gradle\native\c067742578af261105cb4f569cf0c3c89f3d7b1fecec35dd04571415982c5e48\windows-amd64;C:\Users\Abdelrahman\.gradle\native\38dada09dfb8b06ba9b0570ebf7e218e3eb74d4ef43ca46872605cf95ebc2f47\windows-amd64

VM Arguments:
jvm_args: --add-opens=java.base/java.util=ALL-UNNAMED --add-opens=java.base/java.lang=ALL-UNNAMED --add-opens=java.base/java.lang.invoke=ALL-UNNAMED --add-opens=java.prefs/java.util.prefs=ALL-UNNAMED --add-opens=java.base/java.nio.charset=ALL-UNNAMED --add-opens=java.base/java.net=ALL-UNNAMED --add-opens=java.base/java.util.concurrent.atomic=ALL-UNNAMED -Xmx2048m -Dfile.encoding=UTF-8 -Duser.country=US -Duser.language=en -Duser.variant -javaagent:C:\Users\Abdelrahman\.gradle\wrapper\dists\gradle-8.6-bin\afr5mpiioh2wthjmwnkmdsd5w\gradle-8.6\lib\agents\gradle-instrumentation-agent-8.6.jar 
java_command: org.gradle.launcher.daemon.bootstrap.GradleDaemon 8.6
java_class_path (initial): C:\Users\Abdelrahman\.gradle\wrapper\dists\gradle-8.6-bin\afr5mpiioh2wthjmwnkmdsd5w\gradle-8.6\lib\gradle-launcher-8.6.jar
Launcher Type: SUN_STANDARD

[Global flags]
     intx CICompilerCount                          = 4                                         {product} {ergonomic}
     uint ConcGCThreads                            = 3                                         {product} {ergonomic}
     uint G1ConcRefinementThreads                  = 10                                        {product} {ergonomic}
   size_t G1HeapRegionSize                         = 1048576                                   {product} {ergonomic}
    uintx GCDrainStackTargetSize                   = 64                                        {product} {ergonomic}
   size_t InitialHeapSize                          = 266338304                                 {product} {ergonomic}
   size_t MarkStackSize                            = 4194304                                   {product} {ergonomic}
   size_t MaxHeapSize                              = 2147483648                                {product} {command line}
   size_t MaxNewSize                               = 1287651328                                {product} {ergonomic}
   size_t MinHeapDeltaBytes                        = 1048576                                   {product} {ergonomic}
   size_t MinHeapSize                              = 8388608                                   {product} {ergonomic}
    uintx NonNMethodCodeHeapSize                   = 5839372                                {pd product} {ergonomic}
    uintx NonProfiledCodeHeapSize                  = 122909434                              {pd product} {ergonomic}
    uintx ProfiledCodeHeapSize                     = 122909434                              {pd product} {ergonomic}
    uintx ReservedCodeCacheSize                    = 251658240                              {pd product} {ergonomic}
     bool SegmentedCodeCache                       = true                                      {product} {ergonomic}
   size_t SoftMaxHeapSize                          = 2147483648                             {manageable} {ergonomic}
     bool UseCompressedClassPointers               = true                           {product lp64_product} {ergonomic}
     bool UseCompressedOops                        = true                           {product lp64_product} {ergonomic}
     bool UseG1GC                                  = true                                      {product} {ergonomic}
     bool UseLargePagesIndividualAllocation        = false                                  {pd product} {ergonomic}

Logging:
Log output configuration:
 #0: stdout all=warning uptime,level,tags
 #1: stderr all=off uptime,level,tags

Environment Variables:
JAVA_HOME=C:\Program Files\Java\jdk-23
PATH=C:\Program Files\Common Files\Oracle\Java\javapath;C:\Program Files (x86)\NVIDIA Corporation\PhysX\Common;C:\Windows\system32;C:\Windows;C:\Windows\System32\Wbem;C:\Windows\System32\WindowsPowerShell\v1.0\;C:\Windows\System32\OpenSSH\;C:\Program Files\Git\cmd;C:\Program Files\Java\jdk-23\bin;E:\MSOffice2021;C:\Users\Abdelrahman\AppData\Local\Programs\Python\Python313;C:\Users\Abdelrahman\AppData\Local\Programs\Python\Python313\Scripts;C:\Program Files (x86)\Microsoft SQL Server\160\Tools\Binn\;C:\Program Files\Microsoft SQL Server\160\Tools\Binn\;C:\Program Files\Microsoft SQL Server\Client SDK\ODBC\170\Tools\Binn\;C:\Program Files\Microsoft SQL Server\160\DTS\Binn\;C:\Program Files (x86)\Microsoft SQL Server\160\DTS\Binn\;C:\Program Files (x86)\Windows Kits\8.1\Windows Performance Toolkit\;C:\Users\Abdelrahman\AppData\Local\Programs\Python\Launcher\;C:\Users\Abdelrahman\AppData\Local\Microsoft\WindowsApps;C:\Users\Abdelrahman\AppData\Local\Programs\Microsoft VS Code\bin;C:\src\flutter\bin;
USERNAME=Abdelrahman
OS=Windows_NT
PROCESSOR_IDENTIFIER=Intel64 Family 6 Model 158 Stepping 13, GenuineIntel
TMP=C:\Users\ABDELR~1\AppData\Local\Temp
TEMP=C:\Users\ABDELR~1\AppData\Local\Temp



Periodic native trim disabled

JNI global refs:
JNI global refs: 27, weak refs: 0

JNI global refs memory usage: 843, weak refs: 841

Process memory usage:
Resident Set Size: 436012K (2% of 16579748K total physical memory with 623944K free physical memory)

OOME stack traces (most recent first):
Classloader memory used:
Loader org.gradle.internal.classloader.VisitableURLClassLoader                         : 8510K
Loader bootstrap                                                                       : 2471K
Loader org.gradle.initialization.MixInLegacyTypesClassLoader                           : 742K
Loader org.gradle.internal.classloader.VisitableURLClassLoader                         : 87788B
Loader org.gradle.internal.classloader.VisitableURLClassLoader$InstrumentingVisitableURLClassLoader: 74372B
Loader jdk.internal.loader.ClassLoaders$PlatformClassLoader                            : 65898B
Loader jdk.internal.jrtfs.JrtFileSystemProvider$JrtFsLoader                            : 40269B
Loader jdk.internal.loader.ClassLoaders$AppClassLoader                                 : 28736B
Loader jdk.internal.reflect.DelegatingClassLoader                                      : 28003B
Loader org.gradle.groovy.scripts.internal.DefaultScriptCompilationHandler$ScriptClassLoader: 10713B
Loader org.codehaus.groovy.runtime.callsite.CallSiteClassLoader                        : 5965B

Classes loaded by more than one classloader:
Class org.gradle.api.GradleException                                                  : loaded 3 times (x 80B)
Class org.gradle.util.GradleVersion                                                   : loaded 2 times (x 81B)
Class kotlin.collections.AbstractList                                                 : loaded 2 times (x 157B)
Class kotlin.collections.AbstractCollection                                           : loaded 2 times (x 115B)
Class org.jetbrains.plugins.gradle.model.MavenRepositoryModel                         : loaded 2 times (x 68B)
Class org.gradle.internal.classpath.ClassPath                                         : loaded 2 times (x 68B)
Class org.gradle.api.internal.classpath.DefaultModuleRegistry                         : loaded 2 times (x 84B)
Class org.gradle.internal.exceptions.NonGradleCauseExceptionsHolder                   : loaded 2 times (x 68B)
Class jdk.internal.jimage.BasicImageReader$1                                          : loaded 2 times (x 75B)
Class kotlin.enums.EnumEntries                                                        : loaded 2 times (x 68B)
Class org.gradle.api.Action                                                           : loaded 2 times (x 68B)
Class kotlin.enums.EnumEntriesKt                                                      : loaded 2 times (x 69B)
Class sync_studio_tooling39362_18p415aod0p5igkve9ijapzbs                              : loaded 2 times (x 177B)
Class sync_studio_tooling39362_18p415aod0p5igkve9ijapzbs$_run_closure1                : loaded 2 times (x 137B)
Class jdk.internal.jimage.ImageBufferCache$1                                          : loaded 2 times (x 78B)
Class jdk.internal.jimage.ImageBufferCache$2                                          : loaded 2 times (x 89B)
Class org.gradle.api.internal.DefaultClassPathProvider                                : loaded 2 times (x 74B)
Class org.gradle.internal.installation.GradleInstallation$1                           : loaded 2 times (x 73B)
Class jdk.internal.jrtfs.SystemImage$1                                                : loaded 2 times (x 76B)
Class jdk.internal.jrtfs.SystemImage$2                                                : loaded 2 times (x 74B)
Class org.gradle.internal.exceptions.DefaultMultiCauseException                       : loaded 2 times (x 93B)
Class org.gradle.internal.time.MonotonicClock                                         : loaded 2 times (x 75B)
Class org.gradle.internal.classloader.FilteringClassLoader                            : loaded 2 times (x 103B)
Class jdk.internal.jimage.ImageReader$Resource                                        : loaded 2 times (x 82B)
Class jdk.internal.jrtfs.SystemImage                                                  : loaded 2 times (x 72B)
Class org.gradle.internal.classpath.DefaultClassPath$ImmutableUniqueList$Builder      : loaded 2 times (x 73B)
Class kotlin.UninitializedPropertyAccessException                                     : loaded 2 times (x 80B)
Class jdk.internal.jrtfs.JrtDirectoryStream$1                                         : loaded 2 times (x 81B)
Class org.gradle.internal.classloader.ClassLoaderVisitor                              : loaded 2 times (x 74B)
Class org.gradle.internal.time.DefaultCountdownTimer                                  : loaded 2 times (x 86B)
Class org.gradle.internal.service.DefaultServiceLocator                               : loaded 2 times (x 81B)
Class org.gradle.internal.service.UnknownServiceException                             : loaded 2 times (x 81B)
Class org.gradle.internal.classloader.DefaultClassLoaderFactory                       : loaded 2 times (x 80B)
Class jdk.internal.jimage.ImageReader$SharedImageReader                               : loaded 2 times (x 93B)
Class jdk.internal.jimage.decompressor.ZipDecompressorFactory                         : loaded 2 times (x 72B)
Class org.gradle.internal.classloader.VisitableURLClassLoader$Spec                    : loaded 2 times (x 72B)
Class org.gradle.tooling.model.ProjectModel                                           : loaded 2 times (x 68B)
Class org.gradle.internal.installation.GradleInstallation                             : loaded 2 times (x 73B)
Class org.gradle.api.internal.classpath.ModuleRegistry                                : loaded 2 times (x 68B)
Class org.jetbrains.plugins.gradle.model.RepositoriesModel                            : loaded 2 times (x 68B)
Class kotlin.jvm.internal.markers.KMappedMarker                                       : loaded 2 times (x 68B)
Class org.gradle.api.internal.ClassPathProvider                                       : loaded 2 times (x 68B)
Class org.gradle.internal.classloader.ClasspathUtil$1                                 : loaded 2 times (x 74B)
Class org.gradle.internal.classloader.ClassLoaderFactory                              : loaded 2 times (x 68B)
Class jdk.internal.jimage.ImageHeader                                                 : loaded 2 times (x 69B)
Class org.gradle.api.internal.classpath.ManifestUtil                                  : loaded 2 times (x 69B)
Class org.gradle.api.specs.Spec                                                       : loaded 2 times (x 68B)
Class ijInit1_5550kmjjgj2jfjxk7c9r13qlu                                               : loaded 2 times (x 177B)
Class kotlin.jvm.internal.Intrinsics                                                  : loaded 2 times (x 69B)
Class org.gradle.internal.IoActions                                                   : loaded 2 times (x 69B)
Class jdk.internal.jimage.decompressor.StringSharingDecompressorFactory               : loaded 2 times (x 72B)
Class org.gradle.api.internal.classpath.EffectiveClassPath                            : loaded 2 times (x 88B)
Class kotlin.jvm.internal.DefaultConstructorMarker                                    : loaded 2 times (x 69B)
Class org.gradle.internal.exceptions.ResolutionProvider                               : loaded 2 times (x 68B)
Class org.gradle.internal.installation.CurrentGradleInstallation                      : loaded 2 times (x 71B)
Class org.gradle.internal.agents.InstrumentingClassLoader                             : loaded 2 times (x 68B)
Class org.gradle.internal.installation.CurrentGradleInstallationLocator               : loaded 2 times (x 69B)
Class org.gradle.api.internal.classpath.Module                                        : loaded 2 times (x 68B)
Class org.gradle.internal.service.CachingServiceLocator                               : loaded 2 times (x 80B)
Class org.gradle.internal.time.Timer                                                  : loaded 2 times (x 68B)
Class org.gradle.internal.classpath.DefaultClassPath                                  : loaded 2 times (x 88B)
Class jdk.internal.jimage.BasicImageReader                                            : loaded 2 times (x 93B)
Class kotlin.enums.EnumEntriesList                                                    : loaded 2 times (x 183B)
Class jdk.internal.jimage.ImageLocation                                               : loaded 2 times (x 88B)
Class kotlin.jvm.functions.Function1                                                  : loaded 2 times (x 68B)
Class jdk.internal.jimage.ImageReader$Node                                            : loaded 2 times (x 82B)
Class org.gradle.internal.time.Time                                                   : loaded 2 times (x 69B)
Class jdk.internal.jimage.decompressor.CompressedResourceHeader                       : loaded 2 times (x 69B)
Class org.gradle.internal.time.TimeSource$1                                           : loaded 2 times (x 75B)
Class kotlin.KotlinNullPointerException                                               : loaded 2 times (x 81B)
Class jdk.internal.jrtfs.JrtPath                                                      : loaded 2 times (x 116B)
Class jdk.internal.jimage.ImageStrings                                                : loaded 2 times (x 68B)
Class jdk.internal.jrtfs.JrtFileAttributes                                            : loaded 2 times (x 81B)
Class org.gradle.internal.classloader.SystemClassLoaderSpec                           : loaded 2 times (x 69B)
Class jdk.internal.jimage.decompressor.ResourceDecompressorRepository                 : loaded 2 times (x 69B)
Class kotlin.Function                                                                 : loaded 2 times (x 68B)
Class org.gradle.api.UncheckedIOException                                             : loaded 2 times (x 80B)
Class jdk.internal.jimage.decompressor.ResourceDecompressor$StringsProvider           : loaded 2 times (x 68B)
Class jdk.internal.jimage.decompressor.Decompressor                                   : loaded 2 times (x 70B)
Class jdk.internal.jrtfs.JrtFileSystem                                                : loaded 2 times (x 100B)
Class jdk.internal.jrtfs.JrtFileSystemProvider                                        : loaded 2 times (x 97B)
Class org.gradle.internal.time.CountdownTimer                                         : loaded 2 times (x 68B)
Class org.gradle.internal.time.Clock                                                  : loaded 2 times (x 68B)
Class org.gradle.internal.classloader.ClasspathUtil                                   : loaded 2 times (x 69B)
Class jdk.internal.jrtfs.JrtDirectoryStream                                           : loaded 2 times (x 87B)
Class jdk.internal.jimage.decompressor.ResourceDecompressor                           : loaded 2 times (x 68B)
Class org.gradle.api.internal.DefaultClassPathRegistry                                : loaded 2 times (x 74B)
Class org.gradle.api.internal.classpath.DefaultModuleRegistry$DefaultModule           : loaded 2 times (x 84B)
Class org.gradle.internal.time.TimeSource                                             : loaded 2 times (x 68B)
Class org.gradle.api.internal.classpath.UnknownModuleException                        : loaded 2 times (x 80B)
Class org.gradle.internal.service.ServiceLookupException                              : loaded 2 times (x 80B)
Class jdk.internal.jimage.ImageStringsReader                                          : loaded 2 times (x 78B)
Class org.gradle.cache.GlobalCache                                                    : loaded 2 times (x 68B)
Class jdk.internal.jimage.decompressor.ResourceDecompressorFactory                    : loaded 2 times (x 72B)
Class [Lorg.gradle.api.internal.ClassPathProvider;                                    : loaded 2 times (x 67B)
Class jdk.internal.jimage.ImageReader$SharedImageReader$LocationVisitor               : loaded 2 times (x 68B)
Class org.gradle.internal.operations.MultipleBuildOperationFailures                   : loaded 2 times (x 93B)
Class org.gradle.util.internal.GUtil                                                  : loaded 2 times (x 69B)
Class jdk.internal.jimage.decompressor.ZipDecompressor                                : loaded 2 times (x 73B)
Class org.gradle.internal.classloader.ClassLoaderSpec                                 : loaded 2 times (x 69B)
Class org.gradle.internal.classloader.VisitableURLClassLoader                         : loaded 2 times (x 115B)
Class org.gradle.internal.Cast                                                        : loaded 2 times (x 69B)
Class org.gradle.api.internal.ClassPathRegistry                                       : loaded 2 times (x 68B)
Class org.gradle.internal.classloader.VisitableURLClassLoader$InstrumentingVisitableURLClassLoader: loaded 2 times (x 121B)
Class org.gradle.internal.classloader.ClassLoaderHierarchy                            : loaded 2 times (x 68B)
Class org.gradle.internal.exceptions.MultiCauseException                              : loaded 2 times (x 68B)
Class jdk.internal.jimage.ImageReader                                                 : loaded 2 times (x 73B)
Class org.gradle.internal.InternalTransformer                                         : loaded 2 times (x 68B)
Class org.gradle.internal.service.ServiceLocator                                      : loaded 2 times (x 68B)
Class org.gradle.internal.classpath.DefaultClassPath$ImmutableUniqueList              : loaded 2 times (x 159B)
Class jdk.internal.jimage.ImageBufferCache                                            : loaded 2 times (x 69B)
Class org.gradle.internal.time.DefaultTimer                                           : loaded 2 times (x 78B)
Class org.gradle.internal.classpath.TransformedClassPath                              : loaded 2 times (x 94B)
Class kotlin.collections.AbstractList$Companion                                       : loaded 2 times (x 69B)
Class jdk.internal.jimage.ImageReader$Directory                                       : loaded 2 times (x 82B)


---------------  S Y S T E M  ---------------

OS:
 Windows 10 , 64 bit Build 19041 (10.0.19041.5794)
OS uptime: 0 days 12:16 hours

CPU: total 12 (initial active 12) (6 cores per cpu, 2 threads per core) family 6 model 158 stepping 13 microcode 0xfa, cx8, cmov, fxsr, ht, mmx, 3dnowpref, sse, sse2, sse3, ssse3, sse4.1, sse4.2, popcnt, lzcnt, tsc, tscinvbit, avx, avx2, aes, erms, clmul, bmi1, bmi2, adx, fma, vzeroupper, clflush, clflushopt
Processor Information for processor 0
  Max Mhz: 2592, Current Mhz: 1495, Mhz Limit: 2592
Processor Information for processor 1
  Max Mhz: 2592, Current Mhz: 1495, Mhz Limit: 2592
Processor Information for processor 2
  Max Mhz: 2592, Current Mhz: 1495, Mhz Limit: 2592
Processor Information for processor 3
  Max Mhz: 2592, Current Mhz: 1495, Mhz Limit: 2592
Processor Information for processor 4
  Max Mhz: 2592, Current Mhz: 1495, Mhz Limit: 2592
Processor Information for processor 5
  Max Mhz: 2592, Current Mhz: 1495, Mhz Limit: 2592
Processor Information for processor 6
  Max Mhz: 2592, Current Mhz: 1495, Mhz Limit: 2592
Processor Information for processor 7
  Max Mhz: 2592, Current Mhz: 1495, Mhz Limit: 2592
Processor Information for processor 8
  Max Mhz: 2592, Current Mhz: 1495, Mhz Limit: 2592
Processor Information for processor 9
  Max Mhz: 2592, Current Mhz: 1495, Mhz Limit: 2592
Processor Information for processor 10
  Max Mhz: 2592, Current Mhz: 2592, Mhz Limit: 2592
Processor Information for processor 11
  Max Mhz: 2592, Current Mhz: 1495, Mhz Limit: 2592

Memory: 4k page, system-wide physical 16191M (609M free)
TotalPageFile size 16191M (AvailPageFile size 40M)
current process WorkingSet (physical memory assigned to process): 425M, peak: 426M
current process commit charge ("private bytes"): 484M, peak: 534M

vm_info: OpenJDK 64-Bit Server VM (17.0.11+0--11852314) for windows-amd64 JRE (17.0.11+0--11852314), built on May 16 2024 21:29:20 by "androidbuild" with MS VC++ 16.10 / 16.11 (VS2019)

END.
